


READ INI FROM ROM BASLOAD
977 A%=0:A1%=0
978 GOSUB859
979 IFNOTA6%THENRETURN
980 D7$=A2$+",S,R"
981 OPEN4,8,4,D7$
982 LINPUT#4,C3$
983 GOSUB1029
984 GOSUB1019
985 IFLEFT$(C3$,4)="REM "ORC3$=""ORC3$="REM"THEN991
986 PRINT".";
987 GOSUB995
988 IFDY$=""THEN991
989 A%=A%+1
990 A0$(A%)=DY$:A$(A%)=DZ$
991 IFE=0ANDA%<20THEN982             HERES THE CULPRIT.   CHANGED ST TO E. !!!!
992 CLOSE4
993 A1%=(A%>0)
994 PRINT:RETURN


READINI FROM RAM BASLOAD.
972 NV%=0:FV%=0
973 GOSUB854
974 IFNOTFE%THENRETURN
975 FF$=F$+",S,R"
976 OPEN4,8,4,FF$
977 LINPUT#4,S$
978 GOSUB1024
979 GOSUB1014
980 IFLEFT$(S$,4)="REM "ORS$=""ORS$="REM"THEN986
981 PRINT".";
982 GOSUB990
983 IFTN$=""THEN986
984 NV%=NV%+1
985 NN$(NV%)=TN$:NV$(NV%)=TV$
986 IFST=0ANDNV%<20THEN977            HERES THE CULPRIT
987 CLOSE4
988 FV%=(NV%>0)
989 PRINT:RETURN
