
10 GOSUB8960:P1=$C2:P2=0:GOSUB8920
20 SCREEN3:COLOR1,0:F$="HANGMAN.INI":CLS
30 PRINT:PRINT" F1 TO EDIT ";F$:SLEEP180
40 GETX$:IFASC(X$)=133THENSCREEN0:GOSUB9950
50 SCREEN$80:RECT0,0,319,239,$C2:COLOR1:PRINT
60 DIMNV$(20),NN$(20),NV%,FV%
70 COLOR$01:PRINTCHR$($0D);" INITIALIZATION...":PRINT:MOUSE1
80 F$="HANGMAN.INI"
90 POKE$30C,4:SYS$FF62
100 PRINT" READING: ";F$;:GOSUB9370
110 I$="USEZSM":GOSUB9320
120 IFI$="OFF"THENUZSM%=0:GOTO290
130 PRINT" CHECKING ZSMKIT"
140 F$="ZSMKIT8C00.BIN":GOSUB8360
150 IFFE%THENPRINT" ZSMKIT FOUND"
160 IFFE%THEN190
170 PRINT" ZSMKIT NOT FOUND.":UZSM%=0
180 GOTO290
190 PRINT" ADJUSTING RAM"
200 POKE$30F,1:SYS$FF99
210 POKE$30D,$00:POKE$30E,$8C
220 POKE$30F,0:SYS$FF99
230 CLR
240 UZSM%=-1
250 PRINT" LOADING ZSMKIT":BLOAD"ZSMKIT8C00.BIN",8,1,$8C00:PRINT" DONE..."
260 DIMNV$(20),NN$(20),NV%,FV%
270 F$="HANGMAN.INI":PRINT" RELOADING: ";F$
280 PRINT" (AFTER CLR).";:GOSUB9370
290 PRINT" INITIALIZING VARIABLES"
300 DIMTC%(2,8),AL%(4,26),PC%(8,4),MC$(5),DI$(3),PL%(2,1),PL$(2),WN%(2)
310 LS%=-1:GOSUB9060
320 PRINT" DONE..";CHR$($0D);" CHECKING NECESSARY FILES":GOSUB9990
330 PRINT" DONE...";CHR$($0D);" BASIC RAM FREE:";FRE(0):SLEEP240
340 GOSUB8950:COLOR1,0:CLS:GOSUB8960:GOSUB9210
350 BVLOAD"SPLASHBACK.IMG",8,0,0:P1=$08:P2=$DF:GOSUB8920:SLEEP15
360 BVLOAD"SPLASH.IMG",8,0,0:GOSUB660
370 RECT61,183,254,208,$1B:FRAME61,183,254,208,$12
380 CHAR75,194,$C3,CHR$($0C)+CHR$($12)+" THE CLASSIC WORD GAME "
390 CHAR62,205,$C4,CHR$($0C)+CHR$($12)+" NOW ON THE COMMANDER X16 "
400 CHAR6,222,$01,CHR$($06)+"CODED IN BASIC":CHAR6,232,$01,CHR$($06)+"2023... ANTHONY HENRY"
410 CHAR190,222,$1F,CHR$($06)+"MANY CONTRIBUTORS":CHAR212,232,$1D,CHR$($06)+"(See Credits)"
420 GOSUB780:GOSUB1350:SLEEP60
430 DC$=CHR$(255):GOSUB630:GOSUB720:GOSUB730
440 RESTORE8980:GW=0
450 READPS$,DL:IFDL=0THEN440
460 FMCHORD0,PS$
470 FORI=1TODL:GETX$:IFX$<>""ORMB<>0THENGW=1:IFX$=CHR$(27)THENI=DL
480 GOSUB730:NEXTI
490 IFX$=CHR$(27)THEN620
500 IFGW=1THENGW=0:GOTO520
510 GOTO450
520 FORX=1TO31
530 LOCATE1,1:PRINTCHR$(145)
540 READPS$,DL:IFDL=0THENRESTORE8980:GOTO540
550 FMCHORD0,PS$:FORI=1TODL:GOSUB730:NEXTI
560 GETX$:IFX$=CHR$(27)THENCLS:X=31
570 NEXTX
580 IFX$=CHR$(27)THEN620
590 READPS$,DL:IFDL=0THEN620
600 FMCHORD0,PS$:SLEEPDL:GETX$:IFX$=CHR$(27)THEN620
610 GOTO590
620 FMINIT:CLS:SLEEP75:GOSUB10260:GOSUB9210:GOTO1470
630 X=5:Y=5:UC=1:WD$="H"+CHR$(193)+CHR$(206)+CHR$(199):GOSUB8440
640 X=8:Y=14:WD$="M"+CHR$(193)+CHR$(206):GOSUB8440
650 RETURN
660 X1=0:Y1=0:X2=XLIMIT:Y2=YLIMIT:CC=$1A
670 FORJ=1TO5
680 FRAMEX1,Y1,X2,Y2,CC
690 X1=X1+1:X2=X2-1:Y1=Y1+1:Y2=Y2-1:CC=CC-2
700 NEXTJ
710 RETURN
720 P1=13
730 IFP1=2THENP2=13:GOTO750
740 P2=P1-1
750 GOSUB8870
760 P1=P1-1:IFP1<2THENP1=13
770 RETURN
780 P1=$58:P2=13
790 GOSUB8920
800 P2=P2-1:P1=P1-1
810 IFP2>1THEN790
820 P1=$34:P2=10:GOSUB8920:P1=1:P2=11:GOSUB8920
830 P1=$C7:P2=12:GOSUB8920
840 FORI=2TO9:TC%(2,I-1)=0:TC%(1,I-1)=I:NEXTI:RETURN
850 GOSUB10260:MOUSE0
860 GOSUB1440
870 F$="ANIMS/ANIMPAL.BIN":GOSUB8360:F1%=FE%
880 F$="ANIMS/ANIM16.BIN":GOSUB8360:F2%=FE%
890 F$="ANIMS/ANIM50.BIN":GOSUB8360:F1%=F1%ANDF2%ANDFE%
900 IFF1%THENGOSUB8950:BVLOAD"ANIMS/ANIMPAL.BIN",8,1,$FA00
910 P1=$10:R%=0:G%=0:B%=0:GOSUB8700
920 RECT0,0,319,239,$10:R%=13:G%=13:B%=13:P1=15:GOSUB8700
930 P1=7:R%=13:G%=0:B%=3:GOSUB8700:P1=252:R%=6:G%=8:B%=2:GOSUB8700
940 P1=253:R%=5:G%=11:GOSUB8700:RECT0,234,319,239,252
950 RECT0,175,319,233,153:UC=0:DC$=CHR$(255):COLOR7,0
960 X=1:Y=3:WD$=DM$:GOSUB8440
970 X=1:Y=12:WD$=D2$:GOSUB8440
980 I=1:GOSUB1080:IFNOTF1%THEN1060
990 CHAR4,158,156,CHR$($0C)+"A REPRIEVE !!!":CHAR4,170,15,CHR$($0C)+"LETS GET OUT OF HERE...."
1000 CHAR160,170,156,CHR$($0C)+" .. EXIT .. STAGE RIGHT !!"
1010 F$=STR$(I):F$=RIGHT$(F$,LEN(F$)-1)
1020 F$="ANIMS/ANIM"+F$+".BIN":BVLOADF$,8,0,$DAC0
1030 I=I+1:IFI>50THEN1060
1040 GETX$:IFX$=CHR$(27)THEN1060
1050 GOTO1010
1060 RECT0,175,319,233,156:GOSUB8950:GOSUB10260
1070 GOSUB8960:GOSUB9210:MOUSE1:RETURN
1080 FORWF=0TO6
1090 X=INT(RND(.)*300+15):Y=INT(RND(.)*90+30):DE=8
1100 L1=X-2:L2=Y-2:L3=318-X:L4=146-Y:SI=INT(RND(.)*25)
1110 IFSI>L1ORSIZE>L2ORSIZE>L3ORSIZE>L4THEN1090
1120 FORUP=172TOYSTEP-1
1130 RECTX,UP,X+1,UP+1,$3F:FORI=0TODE:NEXTI:RECTX,UP,X+1,UP+1,$10
1140 NEXTUP
1150 PSETX,Y,7
1160 FORO=0TO28STEP4
1170 FOREX=0TO6STEP2
1180 B1=INT(RND(.)*SIZE)+O:B2=INT(RND(.)*SIZE)+O
1190 X1=X-INT(RND(.)*B1):Y1=Y-RND(.)*B2:GOSUB1290
1200 RECTX1,Y1,X1+1,Y1+1,CC:X1=X+RND(.)*B1:Y1=Y+RND(.)*B2
1210 GOSUB1290:PSETX1%,Y1%,CC:X1=X+RND(.)*B1:Y1=Y-RND(.)*B2
1220 GOSUB1290:RECTX1,Y1,X1+1,Y1+1,CC
1230 X1=X-RND(.)*B1:Y1=Y+RND(.)*B2:GOSUB1290:RECTX1,Y1,X1+1,Y1+1,CC
1240 NEXTEX
1250 NEXTO
1260 RECT0,0,319,155,$10
1270 NEXTWF
1280 RETURN
1290 IFX1>318THENX1=318
1300 IFX1<0THENX1=0
1310 IFY1<0THENY1=0
1320 IFY1>170THENY1=170
1330 CC=INT(RND(.)*254)+1
1340 RETURN
1350 VPOKE1,$F2F0,$3C
1360 VPOKE1,$F2F1,$7E
1370 VPOKE1,$F2F2,$DB
1380 VPOKE1,$F2F3,$FF
1390 VPOKE1,$F2F4,$C3
1400 VPOKE1,$F2F5,$BD
1410 VPOKE1,$F2F6,$7E
1420 VPOKE1,$F2F7,$3C
1430 RETURN
1440 VPOKE1,$F2F4,$BD
1450 VPOKE1,$F2F5,$C3
1460 RETURN
1470 GOSUB8960:GOSUB9210
1480 DM$="HANGMAN GAME PARAMETERS":GOSUB4140
1490 IFCH<1ORCH>5THENCH=1
1500 X=5:Y=4:DI=2
1510 FORI=1TO5
1520 Y=Y+2:LOCATEY,X:COLOR1,0:PRINTRIGHT$(STR$(I),1);
1530 COLOR4:PRINT":"MC$(I);
1540 NEXTI
1550 W=34:H=14:C1=1:C2=$17:C3=$C2:C4=$1E:L$="ENTER":X=28:Y=155
1560 GOSUB4600:LOCATE21,9:COLOR4,0:PRINT"TO CONFIRM CHOICE";
1570 COLOR4:LOCATE24,20:PRINT"DIFFICULTY:";:COLOR1:PRINTDI$(DI);
1580 W=18:H=12:L$="<-":X=201:Y=195:GOSUB4600
1590 X=226:L$=" ->":GOSUB4600
1600 LOCATE17,5:COLOR6:PRINT"DEMO MODE ALSO CREATES";
1610 LOCATE18,5:PRINT"A NEW GAME BACKGROUND";:GOSUB5910
1620 IFCH=5THENY=14
1630 IFCH=4THENY=12
1640 IFCH=3THENY=10
1650 IFCH=2THENY=8
1660 IFCH=1THENY=6
1670 LOCATEY,5:COLOR7,4:PRINTCHR$($7A);" ";
1680 COLOR1:PRINTMC$(CH);RPT$(32,27-LEN(MC$(CH)));
1690 COLOR1,0:LOCATE24,31:PRINTRPT$(32,10);:LOCATE24,31:PRINTDI$(DI);
1700 GETX$:IFMB<>1THEN1800
1710 CX=MX:CY=MY:I=1:MC%=0
1720 MC%=(CX>=PC%(I,1))AND(CX<=PC%(I,3))AND(CY>=PC%(I,2))AND(CY<=PC%(I,4))
1730 IFNOTMC%THENI=I+1:IFI>8THENX$="Z":GOTO1790
1740 IFNOTMC%THEN1720
1750 IFI<6THENX$=STR$(I):X$=RIGHT$(X$,1)
1760 IFI=6THENX$=CHR$(13)
1770 IFI=7THENX$=CHR$(157)
1780 IFI=8THENX$=CHR$(29)
1790 IFMB<>0THEN1790
1800 IFX$=""THEN1700
1810 K=ASC(X$):IFK<>29ANDK<>157THENFMDRUM7,26
1820 LOCATEY,5:COLOR1,0:PRINTRIGHT$(STR$(CH),1);
1830 COLOR4:PRINT":"MC$(CH);RPT$(32,28-LEN(MC$(CH)));
1840 IFCH=5ANDK=27THENK=13
1850 IFK=27THENCH=5
1860 IFK>=49ANDK<=53THENCH=VAL(X$)
1870 IFK=145THENCH=CH-1
1880 IFK=17THENCH=CH+1
1890 IFK=157THENDI=DI-1:X=201:L$="<-"
1900 IFK=29THENDI=DI+1:X=226:L$=" ->"
1910 IFK=29ORK=157THENY=195:W=18:H=12
1920 IFK=13THENL$="ENTER":W=34:H=14:X=28:Y=155
1930 IFK=29ORK=157ORK=13THENGOSUB4200
1940 IFK=13THENCLS:GOTO2000
1950 IFCH>5THENCH=1
1960 IFCH<1THENCH=5
1970 IFDI>3THENDI=1
1980 IFDI<1THENDI=3
1990 GOTO1620
2000 IFCH=5THEN10300
2010 IFCH=4THEN2030
2020 GOSUB3770
2030 ROUND=1:CP%=1:WN%(1)=0:WN%(2)=0
2040 NE%=-1
2050 IFCH=1ORCH=2THEN2080
2060 IFCH=3THEN2090
2070 IFCH=4THENGOSUB3340:GOSUB10260:CH=4:GOTO1470
2080 GOSUB3920:GOTO2100
2090 GOSUB3580
2100 GOSUB3270:GOSUB2940:GOSUB5910
2110 GETX$:HF%=0
2120 IFX$=CHR$(27)THENGOSUB2540:GOSUB5910
2130 IFHF%THENCLS:GOTO1470
2140 IFMB=1THEN2170
2150 IFX$=""THEN2110
2160 GOTO2240
2170 CX=MX:CY=MY:X=1:H1=0:X$="":IFCY>131THENX=15
2180 X1=AL%(3,X):X2=X1+14:Y1=AL%(4,X):Y2=Y1+14
2190 IFCX>=X1ANDCX<=X2ANDCY>=Y1ANDCY<=Y2THENX$=CHR$(AL%(2,X)):H1=1
2200 IFH1=0ANDX<26THENX=X+1:GOTO2180
2210 IFMB<>0THEN2210
2220 IFH1THEN2240
2230 LOCATE1,1:FMDRUM7,87:GOTO2110
2240 LL=ASC(X$):IFLL<65ORLL>90THENLOCATE1,1:FMDRUM7,87:GOTO2110
2250 A=LL-64
2260 IFAL%(1,A)=1THENLOCATE1,1:FMDRUM7,87:GOTO2110
2270 CL$=CHR$(LL):H=14:W=14:X=AL%(3,A):Y=AL%(4,A):L$=CHR$(LL)
2280 GOSUB4200:HF%=0
2290 GOSUB3200:IFHF%THENGOSUB3120:GOSUB3560
2300 GOSUB5910
2310 IFHF%THENIFHW$=DW$THEN2370
2320 IFNOTHF%THENNE%=0:GOSUB2690:GOSUB4170
2330 GOSUB5910
2340 IFLF%THEN2450
2350 SLEEP10:GOSUB4240
2360 GOTO2110
2370 WN%(CP%)=WN%(CP%)+1
2380 PL%(CP%,1)=PL%(CP%,1)+1
2390 IFWN%(CP%)=5THENDM$=" 5 "+CHR$(201)+CHR$(206):D2$="A ROW":WN%(CP%)=0:GOSUB850:GOTO2440
2400 IFNE%THENDM$="FLAW":D2$=" LESS":WN%(CP%)=0:GOSUB850:GOTO2440
2410 GOSUB2650
2420 COLOR7,4:LOCATE16,21:PRINT"YOU WON !":SLEEP120
2430 GOSUB2630
2440 GOSUB2480:GOTO2040
2450 DW$=HW$:GOSUB3120:FMDRUM7,38:SLEEP10:FMDRUM7,43:SLEEP15:FMDRUM7,55:SLEEP20:FMDRUM7,49
2460 WN%(CP%)=0
2470 GOSUB5370:GOSUB2480:GOTO2040
2480 LF%=0:HF%=0
2490 IFCH=1THENROUND=ROUND+1:RETURN
2500 IFCP%=2THENROUND=ROUND+1
2510 IFCP%=2THENCP%=1:RETURN
2520 IFCP%=1THENCP%=2
2530 RETURN
2540 GOSUB2650
2550 COLOR1,4
2560 LOCATE15,19:PRINT"BACK TO MENU";
2570 COLOR7:LOCATE18,23:PRINT"Y";:COLOR8:PRINT"/";
2580 COLOR7:PRINT"N ?";
2590 GETX$:IFX$=""THEN2590
2600 IFX$="Y"THENHF%=-1
2610 IFX$="Y"ORX$="N"ORX$=CHR$(27)THEN2630
2620 FMDRUM7,87:GOTO2590
2630 COLOR0,0:X=16:Y=12:H=11:W=18:GOSUB5290
2640 COLOR1,0:RETURN
2650 COLOR5,6:X=16:Y=12:H=11:W=18
2660 GOSUB5290
2670 COLOR5,4:X=17:Y=13:H=9:W=16:GOSUB5290
2680 RETURN
2690 FMDRUM7,38:FMDRUM7,39:FMDRUM7,40
2700 LF%=0
2710 IFBP<>5ANDBP<>8THENGOSUB2870
2720 IFBP=8THENGOSUB6710
2730 IFBP=7THENGOSUB6770
2740 IFBP=6THENGOSUB6980
2750 IFBP=5THENGOSUB7310
2760 IFBP=4THENGOSUB7850
2770 IFBP=3THENGOSUB7660
2780 IFBP=2THENGOSUB8070
2790 IFBP=1THENGOSUB8210
2800 GOTO2820:
2810 LOCATE26,25:PRINT"ROUND:";:COLOR7:PRINTROUND;
2820 GOSUB3160
2830 BP=BP-1
2840 IFBP=0THENLF%=-1
2850 GOSUB5910:GOSUB2630
2860 RETURN
2870 COLOR6,0:LOCATE12,17:H=11:W=18:Y=12
2880 PRINTRPT$($AF,W-2)
2890 FORIJ=1TOH-2
2900 Y=Y+1:LOCATEY,16:PRINTCHR$($A7);RPT$($76,16);CHR$($A5);
2910 NEXTIJ
2920 COLOR7,4:LOCATE16,20:PRINT"DRAWING  !!";:COLOR4,0
2930 RETURN
2940 COLOR1,0:GOSUB9210
2950 IFDI=1THENBP=8
2960 IFDI=2THENBP=7
2970 IFDI=3THENBP=6
2980 GOSUB5930
2990 IFDI>1THENGOSUB6710
3000 IFDI=3THENGOSUB6770
3010 DW$=""
3020 FORI=1TOLEN(HW$)
3030 X$=MID$(HW$,I,1)
3040 IFASC(X$)>=65ANDASC(X$)<=90THENDW$=DW$+CHR$($7A):GOTO3060
3050 DW$=DW$+X$
3060 NEXTI
3070 GOSUB3120
3080 GOSUB4170
3090 GOSUB4280
3100 GOSUB3160
3110 RETURN
3120 COLOR5,6:X=17+(7-(LEN(HW$)/2)):Y=5:H=3:W=LEN(HW$)+2
3130 GOSUB5290:COLOR1
3140 LOCATE6,18+(7-(LEN(HW$)/2)):PRINTDW$;
3150 RETURN
3160 COLOR1,0
3170 IFNOTUC%THENGOSUB8430:RETURN
3180 DM$=HC$:GOSUB8410
3190 RETURN
3200 L=LEN(HW$)
3210 S$=""
3220 FORX=1TOL
3230 IFMID$(HW$,X,1)=CL$THENS$=S$+CL$:HF%=-1:GOTO3250
3240 S$=S$+MID$(DW$,X,1)
3250 NEXTX
3260 DW$=S$:RETURN
3270 CLS
3280 LOCATE1,14:COLOR6:PRINTPL$(CP%);
3290 COLOR4:PRINT" PLAYING";:LOCATE2,14
3300 COLOR4:PRINT"WINS:";:COLOR2:PRINTPL%(CP%,1);"  ";
3310 COLOR4:PRINT"LOSSES:";:COLOR2:PRINT(ROUND-1)-PL%(CP%,1);
3320 COLOR1:LOCATE26,25:PRINT"ROUND:";:COLOR7:PRINTROUND;
3330 RETURN
3340 CP%=1:PL$(1)="DEMO HANGMAN":EC$=CHR$(27):GOSUB10260
3350 GETX$:IFX$=EC$THENRETURN
3360 GOSUB5980
3370 GETX$:IFX$=EC$THENRETURN
3380 GOSUB6710
3390 GETX$:IFX$=EC$THENRETURN
3400 GOSUB6770
3410 GETX$:IFX$=EC$THENRETURN
3420 GOSUB6980
3430 GETX$:IFX$=EC$THENRETURN
3440 GOSUB7310
3450 GETX$:IFX$=EC$THENRETURN
3460 GOSUB7850
3470 GETX$:IFX$=EC$THENRETURN
3480 GOSUB7660
3490 GETX$:IFX$=EC$THENRETURN
3500 GOSUB8070
3510 GETX$:IFX$=EC$THENRETURN
3520 GOSUB8210
3530 GETX$:IFX$=EC$THENRETURN
3540 GOSUB5370
3550 PL$(1)="":RETURN
3560 FMDRUM6,25:SLEEP10:FMDRUM7,25:SLEEP40:FMDRUM5,44:SLEEP10
3570 FMDRUM6,49:SLEEP20:FMDRUM7,38:RETURN
3580 GOSUB10260
3590 IFCP%=1THENAP%=2
3600 IFCP%=2THENAP%=1
3610 DM$="GAME WORD AND CLUE FOR YOUR OPPONENT"
3620 GOSUB4140:DF$=""
3630 COLOR13,0:LOCATE7,3:PRINTPL$(AP%);
3640 COLOR4:LOCATE8,3:PRINT"ENTER THE FOLLOWING.";
3650 IY=12:IX=8:IT=1
3660 LOCATE10,5:COLOR4,0:PRINT"ENTER WORD TO PLAY";
3670 LOCATE12,4:COLOR1,0:PRINT"==";:COLOR2,0:PRINT"> ";
3680 ML=15:COLOR7,4:GOSUB5630
3690 IFLEN(IS$)<>0THEN3710
3700 PRINTCHR$(7):LOCATE25,4:PRINT"* MUST ENTER WORD *";:GOTO3680
3710 COLOR4,0:CLS:COLOR13,0:LOCATE7,3:PRINTPL$(AP%);
3720 COLOR4:LOCATE8,3:PRINT"ENTER THE FOLLOWING.";
3730 COLOR4,0:HW$=IS$:LOCATE10,5:PRINT"HANG WORD IS: ";
3740 COLOR1:PRINTRPT$($7A,LEN(HW$));
3750 LOCATE14,5:COLOR4,0:PRINT"ENTER CLUE FOR WORD. (OPTIONAL)";
3760 ML=34:IY=17:IX=3:IT=4:COLOR7,4:GOSUB5630:HC$=IS$:RETURN
3770 DM$="PLAYER NAMES"
3780 GOSUB4140:DF$=""
3790 IY=8:IX=8:IT=4:ML=18:LOCATE6,5:COLOR4,0:PRINT"PLAYER 1 NAME";
3800 LOCATE8,4:COLOR1,0:PRINT"==";:COLOR2,0:PRINT"> ";
3810 COLOR7,4:GOSUB5630:IFIS$=""THENIS$="PLAYER 1"
3820 PL$(1)=IS$:PL%(1,1)=0
3830 COLOR4,0:LOCATE14,6:PRINT"PLAYER 1 IS: ";:COLOR7,0:PRINTPL$(1);
3840 IFCH=1THENDF$="":GOTO3900
3850 LOCATE6,5:COLOR4,0:PRINT"PLAYER 2 NAME";
3860 LOCATE8,4:COLOR1,0:PRINT"==";:COLOR2,0:PRINT"> ";
3870 COLOR7,4:GOSUB5630:IFIS$=""THENIS$="PLAYER 2"
3880 PL$(2)=IS$:DF$="":PL%(2,1)=0
3890 COLOR4,0:LOCATE16,6:PRINT"PLAYER 2 IS: ";:COLOR7,0:PRINTPL$(2);
3900 SLEEP90:CLS
3910 RETURN
3920 COLOR4,0:CLS
3930 DM$="GETTING RANDOM WORD":GOSUB4140
3940 LOCATE8,4:PRINT"WORKING...."
3950 IFFC%=1THENF=1:GOTO3990
3960 F=INT(RND(.)*FC%)+1
3970 IFFC%>1AND(F=SF%)THEN3960
3980 SF%=F
3990 S$=RIGHT$(STR$(F),LEN(STR$(F))-1)
4000 F$="WORDS/HWORDS"+S$+".DAT"+",S,R"
4010 OPEN4,8,4,F$
4020 INPUT#4,NL$:X=VAL(NL$)
4030 IFX<>0THEN4050
4040 CLOSE4:DM$=" INVALID WORD FILE: "+"WORDS/HWORDS"+S$+".DAT":GOTO10270
4050 TL=INT(RND(.)*X)+1
4060 IFTL=1THEN4110
4070 FORX=1TOTL-1
4080 INPUT#4,X$
4090 LINPUT#4,X$
4100 NEXTX
4110 INPUT#4,HW$:LINPUT#4,HC$
4120 IFLEN(HC$)>40THENHC$=LEFT$(HC$,40)
4130 I=FRE(0):CLOSE4:RETURN
4140 RECT0,0,XLIMIT,YLIMIT,$C2:FRAME0,0,XLIMIT,YLIMIT,5:RECT4,4,XLIMIT-4,YLIMIT-4,$10
4150 RECT10,15,307,214,6:FRAME13,27,304,211,12:RECT15,29,302,209,12
4160 CHAR18,25,15,CHR$($0C)+DM$:RETURN
4170 COLOR5,6:X=15:Y=8:H=3:W=20:GOSUB5290
4180 COLOR1:LOCATE9,16:PRINT"BODY PARTS LEFT:";:COLOR7:PRINTBP;
4190 RETURN
4200 C1=$17:C2=1:C3=$61:C4=$10
4210 GOSUB4600:FMDRUM7,26:SLEEP5
4220 C1=1:C2=$17:C3=$C2:C4=$1E:GOSUB4600
4230 RETURN
4240 X=AL%(3,A):Y=AL%(4,A):W=14:H=14:C1=$14:C2=$12:C3=$11:C4=$10
4250 L$=CHR$(LL):GOSUB4600
4260 AL%(1,A)=1
4270 RETURN
4280 L=65
4290 X=131:Y=97:W=14:H=14:C1=1:C2=$17:C3=$C2:C4=$1E
4300 FRAME123,90,261,171,$10
4310 RECT124,91,260,170,$C0:RECT126,94,258,168,$06
4320 SX=X
4330 FORKK=1TO3
4340 FORJ=1TO7
4350 L$=CHR$(L)
4360 GOSUB4600
4370 I=L-64
4380 AL%(1,I)=0
4390 AL%(2,I)=L
4400 AL%(3,I)=X
4410 AL%(4,I)=Y
4420 X=X+W+4
4430 L=L+1
4440 NEXTJ
4450 Y=Y+W+4:X=SX
4460 NEXTKK
4470 X=SX
4480 FORJK=1TO5
4490 L$=CHR$(L)
4500 GOSUB4600
4510 I=L-64
4520 AL%(1,I)=0
4530 AL%(2,I)=L
4540 AL%(3,I)=X
4550 AL%(4,I)=Y
4560 X=X+W+4
4570 L=L+1
4580 NEXTJK
4590 RETURN
4600 IFH=0THENH=W
4610 X1=X+1:XW=X+W:YW=Y+H:Y1=Y+1
4620 Y5=YW-1:X5=XW-1
4630 LINEX,Y,XW,Y,C1
4640 LINEX1,Y1,X5,Y1,C1
4650 LINEXW,Y,XW,YW,C1
4660 LINEX5,Y1,X5,Y5,C1
4670 LINEX,Y,X,YW,C2
4680 LINEX1,Y1,X1,Y5,C2
4690 LINEX,YW,X,YW,C2
4700 LINEX,YW,X5,YW,C2
4710 LINEX,Y5,XW-2,Y5,C2
4720 RECTX+2,Y+2,XW-2,YW-2,C3
4730 AX=4
4740 IFL$="M"THENAX=3
4750 IFL$="W"THENAX=2
4760 IFL$="F"ORL$="L"THENAX=5
4770 IFL$="I"THENAX=6
4780 CHARX+AX,YW-3,C4,L$
4790 IFL$="I"THENLINEX+6,YW-9,X+8,YW-9,C4:LINEX+6,YW-3,X+8,YW-3,C4
4800 IFL$="J"THENLINEX+7,YW-9,X+9,YW-9,C4
4810 IFH=WTHENH=0
4820 RETURN
4830 WR=RA:X=0:D=2*(1-RA):W=INT(2*320/240)
4840 IFXSQUISH<0ORXSQUISH>1THENXSQUISH=1
4850 IFYSQUISH<0ORYSQUISH>1THENYSQUISH=1
4860 IFWR<0THEN5200
4870 DX=X*XSQUISH:DY=WR*YSQUISH
4880 ZX=CX-DX
4890 ZY=CY-DY
4900 AX=CX+DX
4910 AY=CY+DY
4920 IFFILL=1THEN5020
4930 IFZX<0ORZX>XLIMITORZY<0ORZY>YLIMITORQ1=0THEN4950
4940 PSETZX,ZY,CC
4950 IFAX<0ORAX>XLIMITORZY<0ORZY>YLIMITORQ2=0THEN4970
4960 PSETAX,ZY,CC
4970 IFZX<0ORZX>XLIMITORAY<0ORAY>YLIMITORQ3=0THEN4990
4980 PSETZX,AY,CC
4990 IFAX<0ORAX>XLIMITORAY<0ORAY>YLIMITORQ4=0THEN5170
5000 PSETAX,AY,CC
5010 GOTO5170
5020 X1=ZX:X2=AX
5030 IF(Q1=0ANDQ2=O)ORX1>XLIMITTHEN5100
5040 IFZY<0ORZY>YLIMITTHEN5100
5050 IFX1<0THENX1=0
5060 IFX2>XLIMITTHENX2=XLIMIT
5070 IFQ1=0THENX1=CX
5080 IFQ2=0THENX2=CX
5090 LINEX1,ZY,X2,ZY,CC
5100 IF(Q3=0ANDQ4=0)ORZX>XLIMITTHEN5170
5110 IFAY<0ORAY>YLIMITTHEN5170
5120 IFZX<0THENZX=0
5130 IFAX>XLIMITTHENAX=XLIMIT
5140 IFQ3=0THENZX=CX
5150 IFQ4=0THENAX=CX
5160 LINEZX,AY,AX,AY,CC
5170 IF(D+RA)>0THENWR=WR-1:D=D-W*WR-1
5180 IFX>DTHENX=X+1:D=D+2*X+1
5190 GOTO4860
5200 RETURN
5210 WR=RA:G=0:D=2*(1-RA):W=INT(2*320/240)
5220 IFWR<0THEN5280
5230 LINECX-G,CY-WR,CX+G,CY-WR,CC
5240 LINECX-G,CY+WR,CX+G,CY+WR,CC
5250 IF(D+RA)>0THENWR=WR-1:D=D-W*WR-1
5260 IFG>DTHENG=G+1:D=D+2*G+1
5270 GOTO5220
5280 RETURN
5290 LOCATEY,X
5300 PRINTCHR$($6F);RPT$($A3,W-2);CHR$($70);
5310 IFH=2THEN5350
5320 FORII=1TOH-2
5330 LOCATEY+II,X:PRINTCHR$($A5);RPT$(32,W-2);CHR$($A7);
5340 NEXTII
5350 LOCATEY+H-1,X:PRINTCHR$($6C);RPT$($A4,W-2);CHR$($BA);
5360 RETURN
5370 GOSUB5510
5380 DM$=" HIT ANY KEY TO CONTINUE ":GOSUB8410
5390 P1=$FE:G%=0:B%=0
5400 GOSUB5910
5410 GETX$
5420 IFMB<>0THENX$="A"
5430 IFX$<>""THEN5500
5440 R%=RND(1)*15+1
5450 B%=RND(1)*6
5460 IFMB<>0THENX$="A":GOTO5430
5470 J=3
5480 GOSUB8760
5490 GOTO5410
5500 FMINIT:GOSUB10260:RETURN
5510 DM$=PL$(CP%)+" HAS DIED":GOSUB8410
5520 P1=$24:P2=$FF:J=4:GOSUB8750
5530 P1=$3B:P2=$FE:J=4:GOSUB8750
5540 P1=$01:J=3:GOSUB8750
5550 P1=$3A:J=1:GOSUB8750
5560 P1=$15:J=3:GOSUB8750
5570 P1=$3B:J=4:GOSUB8750
5580 P1=$23:P2=$FF:J=6:GOSUB8750
5590 P1=$B8:J=5:GOSUB8750
5600 P1=$BF:GOSUB8750
5610 P1=$C0:GOSUB8750
5620 RETURN
5630 GETX$:IFX$<>""THEN5630
5640 IS$=DF$:ID=0
5650 GOSUB5880
5660 IFIS$<>""THENPRINTIS$;
5670 GETX$:IFX$=""THEN5670
5680 C=ASC(X$)
5690 IFWL=MLTHEN
5700 AC=0
5710 IF(IT<>2ORIT=3)ANDC>=65ANDC<=90THENAC=1
5720 IF(IT=2ORIT=4ORIT=3)ANDC>=48ANDC<=57THENAC=1
5730 IF(IT=2)ANDC=46ANDID=0THENAC=1:ID=1
5740 IF(IT=4)ANDC=32THENAC=1:
5750 IF(IT=4)AND(C>=35ANDC<=47)THENAC=1
5760 IF(IT=4)AND(C>=58ANDC<=63)THENAC=1:
5770 IFC=13THENRETURN
5780 IFAC=1ANDLEN(IS$)<MLTHENPRINTCHR$(C);:IS$=IS$+CHR$(C):FMDRUM7,26
5790 IFAC=1ANDLEN(IS$)<MLTHEN5670
5800 IFC<>20THEN5870
5810 IFLEN(IS$)=0THENFMDRUM7,87
5820 IFLEN(IS$)=1ORLEN(IS$)=0THENIS$="":GOSUB5880:GOTO5670
5830 I=LEN(IS$)-1
5840 IFRIGHT$(IS$,1)="."ANDIT=2THENID=0
5850 IS$=LEFT$(IS$,I)
5860 GOSUB5880:PRINTIS$;:FMDRUM7,26:GOTO5670
5870 FMDRUM7,87:GOTO5670
5880 LOCATEIY,IX:FORI=1TOML+1:PRINT" ";:NEXTI
5890 LOCATEIY,IX
5900 RETURN
5910 GETX$:IFX$<>""THEN5910
5920 RETURN
5930 F$="HANGBG.DAT":GOSUB8360
5940 IFNOTFE%THEN5980
5950 GOSUB8950
5960 BVLOADF$,8,0,0
5970 GOSUB8960:GOSUB9210:GOTO6400
5980 J=3:XLIMIT=319:YLIMIT=239:XSQUISH=1:YSQUISH=1
5990 P1=$C0:P2=$F2:GOSUB8920
6000 R%=0:G%=0:B%=1:GOSUB8700
6010 DM$="THE SKY":GOSUB8400
6020 RECT0,0,XLIMIT,YLIMIT,$C0
6030 P1=$F2:P2=$C0:GOSUB8750
6040 P1=$C0:P2=$10:GOSUB8920
6050 P1=7:P2=$F1:GOSUB8920
6060 P1=$C0:P2=7:GOSUB8920
6070 CX=5:CY=4:CC=$10:FILL=1:XSQUISH=1:YSQUISH=1:Q1=1:Q2=1
6080 Q3=1:Q4=1:RA=32:GOSUB4830
6090 CC=$07:CX=5:CY=4:RA=30:FILL=1
6100 RA=30:GOSUB4830:FILL=0:C=7
6110 LINE2,37,2,44,C:LINE6,37,6,44,C:LINE9,37,10,44,C
6120 LINE12,36,14,43,C:LINE15,35,17,42,C:LINE18,34,21,41,C
6130 LINE20,33,24,39,C:LINE22,31,27,37,C:LINE24,28,29,35,C
6140 LINE27,25,32,32,C:LINE30,23,35,29,C:LINE32,21,37,26,C
6150 LINE33,19,39,23,C:LINE35,17,41,20,C:LINE36,15,43,17,C
6160 LINE37,12,44,14,C:LINE38,10,45,11,C:LINE39,7,45,8,C
6170 LINE39,4,45,5,C:LINE39,1,46,2,C
6180 P1=0:P2=$10:J=3:GOSUB8750:P1=$F1:P2=7:GOSUB8750
6190 GOSUB6560:GOSUB6560:GOSUB6560
6200 DM$="GRASS":GOSUB8400
6210 P1=105:P2=$F2:GOSUB8920:P2=P1:P1=$C0:GOSUB8920
6220 P1=$85:P2=$F3:GOSUB8920:P2=P1:P1=$C0:GOSUB8920
6230 RECT0,180,XLIMIT,YLIMIT,$85
6240 FORY=161TO179
6250 LINE0,Y,40,179,105
6260 NEXTY
6270 FORY=180TO150STEP-1
6280 LINE288,179,XLIMIT,Y,105
6290 NEXTY
6300 J=5:P2=$85:P1=$F3:GOSUB8750
6310 P2=105:P1=$F2:GOSUB8750
6320 COLOR1
6330 FORI=1TO550
6340 X1=INT(RND(.)*310)+5
6350 Y1=INT(RND(.)*60)+180:IFY1>YLIMITTHEN6350
6360 GOSUB6480
6370 NEXTI
6380 IFNOTLS%THEN6400
6390 F$="BACKGROUND SCREEN":GOSUB6410
6400 RETURN
6410 DM$="SAVING: "+F$:GOSUB8410
6420 IFF$="BACKGROUND SCREEN"THENFF$="@:HANGBG.DAT,P,W":GOTO6440
6430 FF$="@:"+F$+",P,W"
6440 OPEN2,8,2,FF$
6450 POKE$30C,2:POKE$9F25,0:POKE$9F20,0:POKE$9F21,0:POKE$9F22,$10
6460 SYS$700
6470 CLOSE2:RETURN
6480 GOSUB6550
6490 LINEX1,Y1,X1-4,Y1-5,GC:GOSUB6550
6500 LINEX1,Y1,X1-3,Y1-3,GC:GOSUB6550
6510 LINEX1,Y1,X1,Y1-5,GC:GOSUB6550
6520 LINEX1,Y1,X1+3,Y1-3,GC:GOSUB6550
6530 LINEX1,Y1,X1+4,Y1-5,GC
6540 RETURN
6550 GC=INT(RND(.)*24)+$60:RETURN
6560 DM$="CLOUDS":GOSUB8400
6570 H=INT(RND(.)*(200))+45
6580 HL=INT(RND(.)*30)+30
6590 V=INT(RND(.)*30)+6
6600 VB=INT(RND(.)*11)+7
6610 FORY=VTOV+VBSTEP3
6620 FORX=HTOH+HLSTEP4
6630 RA=INT(RND(.)*5)+3
6640 CC=INT(RND(.)*4)+$1C
6650 CX=X
6660 CY=INT(RND(.)*4)+(Y-4):IF(CY-RA)<0THEN6630
6670 GOSUB5210
6680 NEXTX
6690 NEXTY
6700 RETURN
6710 DM$="THE GALLOWS":GOSUB8400
6720 FRAME189,195,285,208,$10:FRAME188,194,285,211,$10:LINE189,210,285,210,$10
6730 PSET189,209,$10:PSET284,206,$10:PSET284,209,$10
6740 FRAME275,21,285,207,$10:FRAME276,22,284,205,$10:FRAME67,20,285,30,$10:FRAME68,21,284,29,$10
6750 RECT71,30,79,33,$10:RECT190,196,283,209,$53:RECT277,23,283,209,$53:RECT69,22,283,28,83
6760 RETURN
6770 DM$="THE NOOSE":GOSUB8400
6780 FILL=0:XSQUISH=1
6790 LINE73,33,73,53,16:LINE77,33,77,53,16:RECT74,34,76,53,87
6800 FORY=38TO53STEP3
6810 LINE73,Y,77,Y-3,$10
6820 NEXTY
6830 FRAME71,53,80,68,16
6840 RECT72,54,79,68,87
6850 FORY=56TO68STEP4
6860 LINE72,Y,79,Y-4,$10
6870 NEXTY
6880 RA=24:CX=75:CY=79:CC=$10
6890 YSQUISH=.38:Q1=1:Q2=1:Q3=1:Q4=1:YSQUISH=.38
6900 GOSUB4830:RA=25:GOSUB4830
6910 RA=24:GOSUB4830:RA=23:GOSUB4830
6920 RA=19:GOSUB4830:RA=18:GOSUB4830
6930 CC=87
6940 FORX=20TO23STEP.6
6950 RA=X:GOSUB4830
6960 NEXTX
6970 RETURN
6980 DM$="A TROUBLED FACE":GOSUB8400
6990 CX=58:CY=60:RA=6:XSQUISH=.4:YSQUISH=1:CC=$10
7000 Q1=1:Q2=0:Q3=1:Q4=0
7010 GOSUB4830:RA=RA-1:GOSUB4830:RA=RA-1:GOSUB4830
7020 FILL=1:CC=$25:GOSUB4830
7030 FILL=0:CX=90:RA=6:CC=$10
7040 Q1=0:Q2=1:Q3=0:Q4=1
7050 GOSUB4830:RA=RA-1:GOSUB4830:RA=RA-1:GOSUB4830
7060 FILL=1:CC=$25:GOSUB4830
7070 LINE93,58,93,62,$10
7080 Q1=1:Q2=Q1:Q3=Q1:Q4=Q1
7090 LINE67,76,67,84,$10:LINE66,76,66,84,$10
7100 LINE67,87,67,90,$10:LINE66,87,66,90,$10:LINE82,76,82,84,$10
7110 LINE83,76,83,84,$10:LINE82,87,82,90,$10:LINE83,87,83,90,$10
7120 RECT68,76,81,84,$25:RECT68,89,81,90,$25
7130 RA=20:XSQUISH=.8:FILL=1:CC=$10:CX=74:CY=63
7140 GOSUB4830:RA=RA-1:GOSUB4830
7150 RA=RA-2:CY=CY+1:CC=$FF:FILL=1:GOSUB4830
7160 XSQUISH=1:YSQUISH=XSQUISH
7170 CY=CY-6:CX=CX-6:RA=3:CC=$FE:GOSUB5210
7180 PSETCX+4,CY,$FF:GOSUB7290
7190 CX=CX+12:GOSUB5210
7200 PSETCX+4,CY,$FF:GOSUB7290:CX=74:CY=63
7210 LINECX-1,CY,CX-2,CY+6,$10:LINECX+1,CY,CX+2,CY+6,$10
7220 LINECX,CY,CX-1,CY+6,$23:LINECX,CY,CX+1,CY+6,$23
7230 LINECX,CY+3,CX,CY+6,$22
7240 Q3=0:Q4=0:CC=$10:CY=CY+13:YSQUISH=.35:RA=6:FILL=0
7250 GOSUB4830
7260 CY=CY+1:CC=$31:GOSUB4830:CY=CY+1:CC=$10:GOSUB4830
7270 Q3=1:Q4=1:YSQUISH=1
7280 RETURN
7290 PSETCX,CY,$10:PSETCX-1,CY,$10:PSETCX,CY+1,$10:PSETCX-1,CY+1,$10
7300 RETURN
7310 DM$="TORSO":GOSUB8400
7320 LINE82,90,105,93,$10:LINE83,91,105,94,$10
7330 LINE68,90,42,93,$10:LINE69,91,42,94,$10
7340 LINE67,90,74,105,$10:LINE83,90,74,105,$10
7350 FORX=81TO68STEP-1
7360 LINE75,103,X,90,$25
7370 NEXTX
7380 LINE74,105,72,110,$10:LINE72,110,72,141,$10
7390 LINE72,141,53,144,$10:LINE53,144,53,108,$10
7400 RECT71,140,54,103,$08:LINE54,141,68,141,$08
7410 LINE54,142,62,142,$08:LINE54,143,56,143,$08
7420 PSET65,91,$10:LINE72,102,72,108,$08:LINE73,104,73,106,$08
7430 PSET74,109,$08:RECT47,107,68,94,$08:RECT69,96,69,99,$08
7440 RECT42,107,48,95,$08:LINE56,93,67,93,$08:PSET55,92,$10:PSET64,91,$10
7450 LINE65,92,67,92,$08:RECT68,100,71,102,$08:LINE70,98,70,100,$08
7460 RECT73,110,91,140,$08:RECT75,105,91,109,$08:RECT88,94,101,106,$08
7470 RECT81,95,105,106,$08:LINE80,96,80,105,$08
7480 LINE79,98,79,105,$08:LINE78,100,78,105,$08:LINE77,101,77,105,$08
7490 LINE76,103,76,105,$08:LINE74,103,75,103,$10
7500 PSET76,101,$10:PSET73,101,$10:PSET72,99,$10:PSET71,97,$10
7510 PSET70,95,$10:PSET69,93,$10:PSET81,92,$10:PSET80,94,$10
7520 PSET80,96,$10:PSET78,97,$10:PSET77,99,$10
7530 LINE76,100,76,103,$10:RECT82,94,93,93,$08:LINE83,92,86,92,$08
7540 LINE74,107,74,108,$08:PSET73,109,$10:PSET73,141,$10:LINE76,141,91,141,$08
7550 LINE81,142,91,142,$08:LINE89,143,91,143,$08:LINE74,141,92,144,$10
7560 LINE92,144,92,107,$10:PSET73,141,$10
7570 CC=16:RA=1.2:CX=75:FILL=1
7580 FORCY=113TO143STEP8
7590 GOSUB4830
7600 NEXTCY
7610 LINE58,108,68,108,$10:LINE58,108,58,116,$10
7620 LINE68,108,68,116,$10:Q1=0:Q2=0:Q3=1:Q4=1:RA=4.5:XSQUISH=1:YSQUISH=.6
7630 CX=63:CY=116:CC=$10:FILL=0:GOSUB4830
7640 X$="P-"+RIGHT$(STR$(CP%),LEN(STR$(CP%))-1):CHAR57,106,$10,X$
7650 RETURN
7660 Q1=0:Q2=1:Q3=0:Q4=0:FILL=0
7670 DM$="LEFT ARM":GOSUB8400
7680 XSQUISH=.52:RA=16:CC=$10:CY=116:CX=92
7690 GOSUB4830:RA=RA+.6:GOSUB4830:RA=RA-1:GOSUB4830
7700 XSQUISH=.28:CX=106:CY=105:FILL=0:GOSUB4830
7710 FORL=1TO3:RA=RA+.5:GOSUB4830:NEXTL
7720 CC=$08:Q1=0:Q2=1:Q3=0:Q4=0:FILL=1:RA=RA-2.5:GOSUB4830
7730 RECTCX-1,CY-3,CX+2,CY-7,$08
7740 LINE99,113,99,133,$10:LINE111,102,111,133,$10
7750 RECT100,102,110,133,$08:LINE99,107,99,109,$08
7760 LINE98,108,101,108,$08:LINE97,107,100,107,$08:PSET94,107,$C0
7770 LINE99,134,111,134,$10:LINE101,134,101,143,$10:LINE101,143,103,143,$10
7780 LINE102,142,102,139,$25:LINE103,144,103,140,$10
7790 LINE103,145,105,145,$10:LINE104,144,104,139,$25
7800 LINE105,146,105,140,$10:LINE105,146,107,146,$10
7810 LINE106,145,106,139,$25:LINE107,146,107,140,$10
7820 LINE107,145,109,145,$10:LINE108,144,108,139,$25
7830 LINE109,145,109,134,$10:RECT102,139,108,135,$25
7840 RETURN
7850 Q1=1:Q2=0:Q3=0:Q4=0:FILL=0
7860 XSQUISH=.52:RA=16:CC=$10:CY=118:CX=54
7870 DM$="RIGHT ARM":GOSUB8400
7880 GOSUB4830:RA=RA+.6:GOSUB4830:RA=RA-1:GOSUB4830
7890 LINE54,107,54,109,$08:XSQUISH=.43:CX=42:CY=105:FILL=0
7900 GOSUB4830
7910 FORL=1TO3:RA=RA+.3:GOSUB4830:NEXTL
7920 CC=$08:Q1=1:Q2=0:Q3=0:Q4=0:FILL=1:RA=RA-3
7930 GOSUB4830:FILL=0
7940 RECTCX-4,CY-8,CX+3,CY+6,$08:RECTCX-4,CY-4,CX,CY+6,$08
7950 LINE34,102,34,133,$10:LINE46,115,46,133,$10
7960 RECT35,102,45,133,$08:LINE34,134,46,134,$10
7970 LINE46,CY,46,CY+6,$08:LINE47,CY,47,CY+5,$08
7980 RECT47,CY,49,CY+3,$08:LINE51,CY+4,52,CY+4,$C0
7990 PSET48,CY+4,$08:LINE44,134,44,143,$10:LINE44,143,42,143,$10
8000 LINE43,142,43,139,$25:LINE42,140,42,145,$10
8010 LINE42,145,40,145,$10:LINE41,144,41,139,$25
8020 LINE40,146,40,140,$10:LINE40,146,38,146,$10
8030 LINE39,145,39,139,$25:LINE38,146,38,140,$10
8040 LINE38,145,36,145,$10:LINE37,144,37,139,$25
8050 LINE36,145,36,134,$10:RECT43,139,37,135,$25
8060 RETURN
8070 DM$="RIGHT LEG":GOSUB8400
8080 Q1=1:Q2=0:Q3=0:Q4=0:FILL=0
8090 CC=$10:CX=74:CY=159:RA=8:XSQUISH=.43:YSQUISH=.6
8100 GOSUB4830
8110 LINE70,159,70,192,$10:LINE55,145,53,192,$10
8120 LINE53,193,70,193,$10:RECT56,145,69,192,$46
8130 LINE55,157,55,192,$46:LINE54,181,54,192,$46
8140 LINE57,144,71,144,$46:RECT69,142,71,154,$46
8150 RECT72,142,73,153,$46:LINE63,143,68,143,$46:PSET70,155,$46
8160 Q1=1:Q2=1:Q3=1:Q4=1:RA=20:XSQUISH=.35:CC=$10:FILL=1:CX=62:CY=208
8170 GOSUB4830:RA=RA+1:FILL=0:CC=$12:GOSUB4830:FILL=1
8180 XSQUISH=.38:CY=204:CC=$1C:RA=11:GOSUB4830:RA=RA+1:CC=$12:FILL=0:GOSUB4830
8190 LINE57,193,57,202,$10:LINE66,193,66,202,$10:RECT58,194,65,200,$1C
8200 RETURN
8210 Q1=0:Q2=1:Q3=0:Q4=0:CC=$10:CX=74:CY=159:RA=8
8220 DM$="LEFT LEG":GOSUB8400:GOSUB4830
8230 LINE77,157,77,192,$10:LINE90,145,92,192,$10
8240 LINE77,193,92,193,$10:RECT78,145,89,192,$46
8250 LINE90,157,90,192,$46:LINE91,181,91,192,$46
8260 LINE74,144,88,144,$46:RECT76,143,79,155,$46
8270 RECT74,142,76,153,$46:LINE74,143,82,143,$46
8280 LINE77,154,77,156,$46
8290 Q1=1:Q2=1:Q3=1:Q4=1:RA=20:XSQUISH=.35:CC=$10:FILL=1
8300 CX=85:CY=208:GOSUB4830
8310 RA=RA+1:FILL=0:CC=$12:GOSUB4830:FILL=1
8320 XSQUISH=.38:CY=204:CC=$1C:RA=11:GOSUB4830
8330 RA=RA+1:CC=$12:FILL=0:GOSUB4830
8340 LINE80,193,80,202,$10:LINE89,193,89,202,$10:RECT81,194,88,200,$1C
8350 RETURN
8360 X$=F$:FE%=0:X$=X$+",S,R"
8370 OPEN2,8,2,X$:CLOSE2
8380 OPEN15,8,15:INPUT#15,X,X$
8390 CLOSE15:FE%=(X<=20):RETURN
8400 DM$=" DRAWING: "+DM$
8410 COLOR1,0:GOSUB8430:LOCATE30,1:PRINTDM$;
8420 RETURN
8430 LOCATE30,1:PRINTRPT$(32,39);:RETURN
8440 L=LEN(WD$):SX=X
8450 OB=PEEK(1):BANKPEEK(0),6
8460 FORK=1TOL
8470 CC=ASC(MID$(WD$,K,1))
8480 IF(CC>=64ANDCC<=90)OR(CC>=193ANDCC<=218)THENAA=64:GOTO8500
8490 AA=0
8500 CA=$C000+8*(CC-AA)
8510 FORI=1TO8
8520 CM(I)=PEEK(CA+(I-1)):CM$(I)=""
8530 NEXTI
8540 IFDC$=""THENDC$=CHR$(CC)
8550 TD=8:IFCC=32THENTD=5
8560 FORJ=1TOTD
8570 RESTORE8970
8580 FORCT=1TO8
8590 READCP
8600 IF(CPANDCM(J))THENCM$(J)=CM$(J)+DC$:GOTO8620
8610 CM$(J)=CM$(J)+CHR$(32)
8620 NEXTCT
8630 LOCATEY+(J-1),X:IFUC=1THENCOLORTC%(1,J),TC%(2,J)
8640 PRINTCM$(J);
8650 NEXTJ
8660 IFDC$=CHR$(CC)THENDC$=""
8670 X=X+TD
8680 NEXTK
8690 X=SX:BANKPEEK(0),OB:RETURN
8700 A=P1*2:GB%=(G%*16)+B%:A=A+$FA00
8710 SLEEP:VPOKE1,A,GB%:A=A+1:SLEEP:VPOKE1,A,R%
8720 RETURN
8730 A1=$FA00+(P1*2):R%=VPEEK(1,A1+1):GB%=VPEEK(1,A1)
8740 G%=GB%/16:B%=GB%AND$0F:RETURN
8750 GOSUB8730:P3=P1:P1=P2:GOSUB8760:P1=P3:RETURN
8760 DR%=R%:DG%=G%:DB%=B%:GOSUB8730
8770 RI=1:IFDR%<R%THENRI=-1
8780 GI=1:IFDG%<G%THENGI=-1
8790 BI=1:IFDB%<B%THENBI=-1
8800 IFDR%<>R%THENR%=R%+RI
8810 IFDG%<>G%THENG%=G%+GI
8820 IFDB%<>B%THENB%=B%+BI
8830 GOSUB8700:SLEEPJ
8840 IFDR%=R%ANDDG%=G%ANDDB%=B%THEN8860
8850 GOTO8800
8860 RETURN
8870 A1=$FA00+(P1*2):A2=$FA00+(P2*2)
8880 B1=VPEEK(1,A1):B2=VPEEK(1,A1+1):B3=VPEEK(1,A2):B4=VPEEK(1,A2+1)
8890 VPOKE1,A1,B3:VPOKE1,A1+1,B4
8900 VPOKE1,A2,B1:VPOKE1,A2+1,B2
8910 RETURN
8920 VPOKE1,$FA00+(P2*2),VPEEK(1,$FA00+(P1*2))
8930 VPOKE1,$FA00+(P2*2)+1,VPEEK(1,$FA00+(P1*2)+1)
8940 RETURN
8950 FORA=$FA00TO$FBFF:VPOKE1,A,0:NEXTA:RETURN
8960 BVLOADPF$,8,1,$FA00:RETURN
8970 DATA 128,64,32,16,8,4,2,1,0
8980 DATA "O4V63I0CO3V50I18CV50I18E-V50I18G",60,"O4CO3E-G-B-",45,"O4C",15
8990 DATA "O4CO3CE-G",60,"RE-G-B-",60,"O4CO3CE-G",60,"O4CO3E-G-B-",45
9000 DATA "O4C",15,"O4CO3CE-G",60,"RE-G-B-",60,"O4CO3CE-G",60
9010 DATA "O4CO3E-G-B-",45,"O4C",15,"O4CO3CE-G",60,"O4E-O3E-G-B-",45,"O4D",12
9020 DATA "E-",3,"O4DO3CE-G",45,"O4C",15,"O4CO3E-G-B-",45,"O4C",15
9030 DATA "O4CO3CE-G",60,"RE-G-B-",60,"",0
9040 DATA 32,40,192,48,32,55,238,62,32,72,143,80,32,88,143,96,32,104,214,110
9050 DATA 28,155,62,170,201,195,219,207,226,195,244,207
9060 FMINIT:XLIMIT=319:YLIMIT=239:UC%=-1
9070 I$="SHOWCLUE":GOSUB9320
9080 IFI$="OFF"THENUC%=0
9090 Q1=1:Q2=1:Q3=1:Q4=1:XSQUISH=1:YSQUISH=1:MW%=20:MC%=35
9100 GOSUB9280
9110 MC$(1)="PLAYER VS COMPUTER"
9120 MC$(2)="2 PLAYER. COMPUTER PICKS"
9130 MC$(3)="HEAD TO HEAD"
9140 MC$(4)="DRAWING DEMO"
9150 MC$(5)="EXIT TO COMMANDER X16"
9160 DI$(1)="EASY":DI$(2)="MEDIUM":DI$(3)="HARD"
9170 RESTORE9040
9180 FORI=1TO8:FORC=1TO4
9190 READPC%(I,C)
9200 NEXTC:NEXTI
9210 P1=$25:P2=$FF:GOSUB8920
9220 P1=1:P2=$FE:GOSUB8920
9230 P1=$3B:P2=$FD:GOSUB8920
9240 P1=$C0:P2=5:GOSUB8920
9250 P1=$10:P2=4:GOSUB8920
9260 P1=$1A:P2=12:GOSUB8920
9270 RETURN
9280 FORI=65TO90
9290 AL%(1,I-64)=0:AL%(2,I-64)=I
9300 NEXTI
9310 RETURN
9320 I=1
9330 IFNN$(I)=I$THENI$=NV$(I):RETURN
9340 I=I+1
9350 IFI>NV%THENI$="":RETURN
9360 GOTO9330
9370 NV%=0:FV%=0
9380 GOSUB8360
9390 IFNOTFE%THENRETURN
9400 FF$=F$+",S,R":OPEN4,8,4,FF$
9410 LINPUT#4,S$
9420 GOSUB9740:GOSUB9650
9430 IFLEFT$(S$,4)="REM "ORS$=""ORS$="REM"THEN9480
9440 PRINT".";
9450 GOSUB9510
9460 IFTN$=""THEN9480
9470 NV%=NV%+1:NN$(NV%)=TN$:NV$(NV%)=TV$
9480 IFST=0ANDNV%<20THEN9410
9490 CLOSE4
9500 FV%=(NV%>0):PRINT:RETURN
9510 SC$="":TN$="":TV$="":J=1
9520 T$=MID$(S$,J,1)
9530 IFT$="="THEN9570
9540 SC$=SC$+T$
9550 J=J+1:IFJ>LEN(S$)THEN9630
9560 GOTO9520
9570 J=J+1:TT$=S$:S$=SC$:SC$=""
9580 GOSUB9850
9590 TN$=S$:S$=TT$
9600 T$=MID$(S$,J,1):SC$=SC$+T$
9610 J=J+1:IFJ>LEN(S$)THEN9630
9620 GOTO9600
9630 TT$=S$:S$=SC$:GOSUB9740:TV$=S$:S$=TT$
9640 RETURN
9650 IFS$=""THENRETURN
9660 SC$=""
9670 FORI=1TOLEN(S$)
9680 T$=MID$(S$,I,1)
9690 C1=ASC(T$)
9700 IFC1>=97ANDC1<=122THENC1=C1-32
9710 SC$=SC$+CHR$(C1)
9720 NEXTI
9730 S$=SC$:RETURN
9740 GOSUB9750:GOSUB9850:RETURN
9750 IFS$=""THENRETURN
9760 I=1:C1=0
9770 T$=MID$(S$,I,1):X=ASC(T$)
9780 IFX>32THEN9820
9790 C1=C1+1:I=I+1
9800 IFI>LEN(S$)THEN9820
9810 GOTO9770
9820 IFC1=LEN(S$)THENS$=""
9830 IFC1>0ANDC1<LEN(S$)THENS$=MID$(S$,C1+1,LEN(S$)-C1)
9840 RETURN
9850 IFS$=""THENRETURN
9860 I=LEN(S$):C1=0
9870 T$=MID$(S$,I,1):X=ASC(T$)
9880 IFX>32THEN9920
9890 C1=C1+1:I=I-1
9900 IFI<1THEN9920
9910 GOTO9870
9920 IFC1=LEN(S$)THENS$=""
9930 IFC1>0ANDC1<LEN(S$)THENS$=MID$(S$,1,LEN(S$)-C1)
9940 RETURN
9950 BANKPEEK(0),0:RV=PEEK($FF80)
9960 IFRV>=45ORRV<=-45THEN9980
9970 RETURN
9980 EDITF$:RETURN
9990 PF$="DPAL.BIN"
10000 I$="PALFILE":GOSUB9320
10010 IFI$<>""THENPF$=I$
10020 F$="BVSAVEMCI.BIN":GOSUB10220
10030 GOSUB8360
10040 IFFE%THENPRINT" LOADING ";F$:BLOAD"BVSAVEMCI.BIN",8,1,$0700
10050 LS%=FE%:F$=PF$:GOSUB10220
10060 GOSUB8360
10070 IFFE%THEN10100
10080 IFPF$<>"DPAL.BIN"THENPRINT" ";PF$;"NOT FOUND":PF$="DPAL.BIN":GOTO10050
10090 DM$=" MISSING DPAL.BIN":GOTO10270
10100 GOSUB10140
10110 IFFC%>=1THEN10130
10120 DM$=" HWORD*.DAT FILES ARE MISSING":GOTO10270
10130 RETURN
10140 FC%=0
10150 FC%=FC%+1
10160 SF$=RIGHT$(STR$(FC%),LEN(STR$(FC%))-1)
10170 SF$=SF$+".DAT":F$="WORDS/HWORDS"+SF$
10180 GOSUB8360
10190 IFFE%THENPRINT" FOUND:";:GOSUB10220:GOTO10150
10200 FC%=FC%-1
10210 PRINT" ";FC%;" WORD FILES FOUND!":RETURN
10220 PRINT" ";F$:RETURN
10230 GETX$:IFX$<>""THEN10230
10240 GETX$:IFX$=""ANDMB=0THEN10240
10250 RETURN
10260 COLOR1,0:CLS:RECT0,0,XLIMIT,YLIMIT,$10:RETURN
10270 P1=5:R%=0:G%=14:B%=2:GOSUB8700
10280 P1=15:R%=2:G%=2:GOSUB8700
10290 COLOR5,15:PRINT:PRINT:PRINT" ERROR ENCOUNTERED":PRINT" ";DM$:END
10300 GOSUB8960:LOAD"CREDITS.PRG"

