
10 SCREEN$80:RECT0,0,319,239,$C2
20 COLOR$01:PRINTCHR$($0D);" HANGMAN INITIALIZATION...":MOUSE1
30 PRINT" CHECKING ZSMKIT"
40 F$="ZSMKIT8C00.BIN":GOSUB8170
50 IFFE%THENPRINT" ZSMKIT FOUND"
60 IFFE%THEN90
70 CLR
80 GOTO180
90 PRINT" ADJUSTING RAM"
100 POKE$30F,1:SYS$FF99
110 POKE$30D,$00:POKE$30E,$8C
120 POKE$30F,0:SYS$FF99
130 CLR
140 UZSM%=-1
150 PRINT" LOADING ZSMKIT"
160 BLOAD"ZSMKIT8C00.BIN",8,1,$8C00
170 PRINT" DONE..."
180 PRINT" INITIALIZING VARIABLES"
190 DIMTC%(2,8),AL%(4,26),PC%(8,4),MC$(5),DI$(3),PL%(2,1),PL$(2)
200 LS%=-1:GOSUB9060
210 PRINT" DONE..";CHR$($0D);" CHECKING NECESSARY FILES"
220 GOSUB9370
230 PRINT" DONE...";CHR$($0D);" BASIC RAM FREE:";FRE(0)
240 SLEEP180
250 GOSUB8950
260 BVLOAD"SPLASH1.IMG",8,0,0
270 CHAR75,165,$A9,CHR$($0C)+"THE CLASSIC WORD GAME"
280 CHAR62,180,$A9,CHR$($0C)+"NOW ON THE COMMANDER X16"
290 CHAR4,222,$A9,"CODED IN BASIC"
300 CHAR4,232,$A9,"2023..   ANTHONY HENRY"
310 CHAR185,222,$A9,"MUSIC CONTRIBUTED BY"
320 CHAR205,232,$A9,"MOOINGLEMUR"
330 VPOKE1,$FA00,0:VPOKE1,$FA01,0
340 COLOR1,0:CLS
350 FRAME0,0,319,239,$3B
360 FRAME3,3,316,236,$10
370 GOSUB780
380 DC$=CHR$(113):GOSUB670
390 GOSUB720:GOSUB730
400 RESTORE8980:GW=0
410 READPS$,DL
420 IFDL=0THEN400
430 FMCHORD0,PS$
440 FORI=1TODL
450 GETX$
460 IFX$<>""ORMB<>0THENGW=1:IFX$=CHR$(27)THENI=DL
470 GOSUB730
480 NEXTI
490 IFX$=CHR$(27)THEN660
500 IFGW=1THENGW=0:GOTO520
510 GOTO410
520 FORX=1TO31
530 LOCATE1,1:PRINTCHR$(145)
540 READPS$,DL:IFDL=0THENRESTORE8980:GOTO540
550 FMCHORD0,PS$
560 FORI=1TODL:GOSUB730:NEXTI
570 GETX$:IFX$=CHR$(27)THENX=31
580 NEXTX
590 IFX$=CHR$(27)THEN660
600 READPS$,DL
610 IFDL=0THEN660
620 FMCHORD0,PS$
630 SLEEPDL
640 GETX$:IFX$=CHR$(27)THEN660
650 GOTO600
660 FMINIT:GOSUB9600:GOSUB9260:GOTO890
670 X=5:Y=2:UC=1:WD$="H"+CHR$(193)+CHR$(206)+CHR$(199)
680 GOSUB8310
690 X=8:Y=11:WD$="M"+CHR$(193)+CHR$(206)
700 GOSUB8310
710 RETURN
720 P1=13
730 IFP1=2THENP2=13:GOTO750
740 P2=P1-1
750 GOSUB8870
760 P1=P1-1:IFP1<2THENP1=13
770 RETURN
780 R%=15:G%=0:B%=2:P1=$3B:P2=10:GOSUB8920
790 P1=1:P2=11:GOSUB8920
800 P1=$C7:P2=12:GOSUB8920
810 P1=$A0:P2=13:GOSUB8920
820 FORI=2TO9
830 TC%(2,I-1)=0
840 TC%(1,I-1)=I
850 P1=I:GOSUB8570:R%=R%-1
860 IFI/3=INT(I/3)THENR%=R%-1:G%=G%+1
870 NEXTI
880 RETURN
890 GOSUB8960:GOSUB9260
900 DM$="HANGMAN GAME PARAMETERS":GOSUB3500
910 IFCH<1ORCH>5THENCH=1
920 X=5:Y=4:DI=2
930 FORI=1TO5
940 Y=Y+2:LOCATEY,X
950 COLOR1,0:PRINTRIGHT$(STR$(I),1);
960 COLOR4:PRINT":"MC$(I);
970 NEXTI
980 W=34:H=14:C1=1:C2=$17:C3=$C2:C4=$1E:L$="ENTER":X=28:Y=155
990 GOSUB3960
1000 LOCATE21,9:COLOR4,0:PRINT"TO CONFIRM CHOICE";
1010 COLOR4:LOCATE24,20:PRINT"DIFFICULTY:";
1020 COLOR1:PRINTDI$(DI);
1030 W=18:H=12:L$="<-":X=201:Y=195:GOSUB3960
1040 X=226:L$=" ->":GOSUB3960
1050 LOCATE17,5:COLOR6:PRINT"DEMO MODE ALSO CREATES";
1060 LOCATE18,5:PRINT"A NEW GAME BACKGROUND";
1070 GOSUB5200
1080 IFCH=5THENY=14
1090 IFCH=4THENY=12
1100 IFCH=3THENY=10
1110 IFCH=2THENY=8
1120 IFCH=1THENY=6
1130 LOCATEY,5:COLOR7,4:PRINTCHR$($7A);" ";
1140 COLOR1:PRINTMC$(CH);RPT$(32,27-LEN(MC$(CH)));
1150 COLOR1,0:LOCATE24,31:PRINTRPT$(32,10);:LOCATE24,31:PRINTDI$(DI);
1160 GETX$
1170 IFMB<>1THEN1270
1180 CX=MX:CY=MY:I=1:MC%=0
1190 MC%=(CX>=PC%(I,1))AND(CX<=PC%(I,3))AND(CY>=PC%(I,2))AND(CY<=PC%(I,4))
1200 IFNOTMC%THENI=I+1:IFI>8THENX$="Z":GOTO1260
1210 IFNOTMC%THEN1190
1220 IFI<6THENX$=STR$(I):X$=RIGHT$(X$,1)
1230 IFI=6THENX$=CHR$(13)
1240 IFI=7THENX$=CHR$(157)
1250 IFI=8THENX$=CHR$(29)
1260 IFMB<>0THEN1260
1270 IFX$=""THEN1160
1280 K=ASC(X$)
1290 IFK<>29ANDK<>157THENFMDRUM7,26
1300 LOCATEY,5:COLOR1,0:PRINTRIGHT$(STR$(CH),1);
1310 COLOR4:PRINT":"MC$(CH);RPT$(32,28-LEN(MC$(CH)));
1320 IFK>=49ANDK<=53THENCH=VAL(X$)
1330 IFK=145THENCH=CH-1
1340 IFK=17THENCH=CH+1
1350 IFK=157THENDI=DI-1:X=201:L$="<-"
1360 IFK=29THENDI=DI+1:X=226:L$=" ->"
1370 IFK=29ORK=157THENY=195:W=18:H=12
1380 IFK=13THENL$="ENTER":W=34:H=14:X=28:Y=155
1390 IFK=29ORK=157ORK=13THENGOSUB3560
1400 IFK=13THENCLS:GOTO1460
1410 IFCH>5THENCH=1
1420 IFCH<1THENCH=5
1430 IFDI>3THENDI=1
1440 IFDI<1THENDI=3
1450 GOTO1080
1460 IFCH=5THEN9640
1470 IFCH=4THEN1490
1480 GOSUB3140
1490 ROUND=1:CP%=1
1500 IFCH=1ORCH=2THEN1530
1510 IFCH=3THEN1540
1520 IFCH=4THENGOSUB2710:GOSUB9600:CH=4:GOTO890
1530 GOSUB3290:GOTO1550
1540 GOSUB2950
1550 GOSUB2340
1560 GOSUB2650
1570 GOSUB5200
1580 GETX$:HF%=0
1590 IFX$=CHR$(27)THENGOSUB2040:GOSUB5200
1600 IFHF%THENCLS:GOTO890
1610 IFMB=1THEN1640
1620 IFX$=""THEN1580
1630 GOTO1710
1640 CX=MX:CY=MY:X=1:H1=0:X$="":IFCY>131THENX=15
1650 X1=AL%(3,X):X2=X1+14:Y1=AL%(4,X):Y2=Y1+14
1660 IFCX>=X1ANDCX<=X2ANDCY>=Y1ANDCY<=Y2THENX$=CHR$(AL%(2,X)):H1=1
1670 IFH1=0ANDX<26THENX=X+1:GOTO1650
1680 IFMB<>0THEN1680
1690 IFH1THEN1710
1700 LOCATE1,1:FMDRUM7,87:GOTO1580
1710 LL=ASC(X$)
1720 IFLL<65ORLL>90THENLOCATE1,1:FMDRUM7,87:GOTO1580
1730 A=LL-64
1740 IFAL%(1,A)=1THENLOCATE1,1:FMDRUM7,87:GOTO1580
1750 CL$=CHR$(LL)
1760 H=14:W=14:X=AL%(3,A):Y=AL%(4,A):L$=CHR$(LL)
1770 GOSUB3560
1780 HF%=0
1790 GOSUB2580
1800 IFHF%THENGOSUB2520
1810 IFHF%THENGOSUB2930
1820 GOSUB5200
1830 IFHF%THENIFHW$=DW$THEN1890
1840 IFNOTHF%THENGOSUB2170:GOSUB3530
1850 GOSUB5200
1860 IFLF%THEN1920
1870 SLEEP10:GOSUB3600
1880 GOTO1580
1890 PL%(CP%,1)=PL%(CP%,1)+1
1900 GOSUB1970
1910 GOTO1500
1920 DW$=HW$:GOSUB2520
1930 FMDRUM7,38:SLEEP10:FMDRUM7,38
1940 GOSUB4660
1950 GOSUB1970
1960 GOTO1500
1970 LF%=0:HF%=0
1980 IFCH=1THENROUND=ROUND+1
1990 IFCH=1THENRETURN
2000 IFCP%=2THENROUND=ROUND+1
2010 IFCP%=2THENCP%=1:RETURN
2020 IFCP%=1THENCP%=2
2030 RETURN
2040 COLOR5,6:X=16:Y=12:H=11:W=18
2050 GOSUB4560
2060 COLOR5,4:X=17:Y=13:H=9:W=16:GOSUB4560
2070 COLOR1,4
2080 LOCATE15,19:PRINT"BACK TO MENU";
2090 COLOR7:LOCATE18,23:PRINT"Y";:COLOR8:PRINT"/";
2100 COLOR7:PRINT"N ?";
2110 GETX$:IFX$=""THEN2110
2120 IFX$="Y"THENHF%=-1
2130 IFX$="Y"ORX$="N"ORX$=CHR$(27)THEN2150
2140 FMDRUM7,87:GOTO2110
2150 COLOR0,0:X=16:Y=12:H=11:W=18:GOSUB4560
2160 COLOR1,0:RETURN
2170 FMDRUM7,38:FMDRUM7,39:FMDRUM7,40
2180 LF%=0
2190 IFBP=8THENGOSUB6060:GOTO2280
2200 IFBP=7THENGOSUB6220
2210 IFBP=6THENGOSUB6460
2220 IFBP=5THENGOSUB6810
2230 IFBP=4THENGOSUB7500
2240 IFBP=3THENGOSUB7210
2250 IFBP=2THENGOSUB7830
2260 IFBP=1THENGOSUB7990
2270 GOTO2290:
2280 LOCATE26,25:PRINT"ROUND:";:COLOR7:PRINTROUND;
2290 GOSUB2560
2300 BP=BP-1
2310 IFBP=0THENLF%=-1
2320 GOSUB5200
2330 RETURN
2340 COLOR1,0:CLS:GOSUB9260
2350 IFDI=1THENBP=8
2360 IFDI=2THENBP=7
2370 IFDI=3THENBP=6
2380 GOSUB5220
2390 IFDI>1THENGOSUB6060
2400 IFDI=3THENGOSUB6220
2410 DW$=""
2420 FORI=1TOLEN(HW$)
2430 X$=MID$(HW$,I,1)
2440 IFASC(X$)>=65ANDASC(X$)<=90THENDW$=DW$+CHR$($7A):GOTO2460
2450 DW$=DW$+X$
2460 NEXTI
2470 GOSUB2520
2480 GOSUB3530
2490 GOSUB2560
2500 GOSUB3640
2510 RETURN
2520 COLOR5,6:X=17+(7-(LEN(HW$)/2)):Y=5:H=3:W=LEN(HW$)+2
2530 GOSUB4560:COLOR1
2540 LOCATE6,18+(7-(LEN(HW$)/2)):PRINTDW$;
2550 RETURN
2560 DM$=HC$:GOSUB8260
2570 RETURN
2580 L=LEN(HW$)
2590 S$=""
2600 FORX=1TOL
2610 IFMID$(HW$,X,1)=CL$THENS$=S$+CL$:HF%=-1:GOTO2630
2620 S$=S$+MID$(DW$,X,1)
2630 NEXTX
2640 DW$=S$:RETURN
2650 LOCATE1,14:COLOR6:PRINTPL$(CP%);
2660 COLOR4:PRINT" PLAYING";:LOCATE2,14
2670 COLOR4:PRINT"WINS:";:COLOR2:PRINTPL%(CP%,1);"  ";
2680 COLOR4:PRINT"LOSSES:";:COLOR2:PRINT(ROUND-1)-PL%(CP%,1);
2690 COLOR1:LOCATE26,25:PRINT"ROUND:";:COLOR7:PRINTROUND;
2700 RETURN
2710 CP%=1:PL$(1)="DEMO HANGMAN":EC$=CHR$(27):GOSUB9600
2720 GETX$:IFX$=EC$THENRETURN
2730 GOSUB5270
2740 GETX$:IFX$=EC$THENRETURN
2750 GOSUB6060
2760 GETX$:IFX$=EC$THENRETURN
2770 GOSUB6220
2780 GETX$:IFX$=EC$THENRETURN
2790 GOSUB6460
2800 GETX$:IFX$=EC$THENRETURN
2810 GOSUB6810
2820 GETX$:IFX$=EC$THENRETURN
2830 GOSUB7500
2840 GETX$:IFX$=EC$THENRETURN
2850 GOSUB7210
2860 GETX$:IFX$=EC$THENRETURN
2870 GOSUB7830
2880 GETX$:IFX$=EC$THENRETURN
2890 GOSUB7990
2900 GETX$:IFX$=EC$THENRETURN
2910 GOSUB4660
2920 PL$(1)="":RETURN
2930 FMDRUM6,25:SLEEP10:FMDRUM7,25:SLEEP40:FMDRUM5,44:SLEEP10
2940 FMDRUM6,49:SLEEP20:FMDRUM7,38:RETURN
2950 GOSUB9600
2960 IFCP%=1THENAP%=2
2970 IFCP%=2THENAP%=1
2980 DM$="GAME WORD AND CLUE FOR YOUR OPPONENT"
2990 GOSUB3500:DF$=""
3000 COLOR13,0:LOCATE7,3:PRINTPL$(AP%);
3010 COLOR4:LOCATE8,3:PRINT"ENTER THE FOLLOWING.";
3020 IY=12:IX=8:IT=1
3030 LOCATE10,5:COLOR4,0:PRINT"ENTER WORD TO PLAY";
3040 LOCATE12,4:COLOR1,0:PRINT"==";:COLOR2,0:PRINT"> ";
3050 ML=15:COLOR7,4:GOSUB4920
3060 IFLEN(IS$)<>0THEN3080
3070 PRINTCHR$(7):LOCATE25,4:PRINT"* MUST ENTER WORD *";:GOTO3050
3080 COLOR4,0:CLS:COLOR13,0:LOCATE7,3:PRINTPL$(AP%);
3090 COLOR4:LOCATE8,3:PRINT"ENTER THE FOLLOWING.";
3100 COLOR4,0:HW$=IS$:LOCATE10,5:PRINT"HANG WORD IS: ";
3110 COLOR1:PRINTRPT$($7A,LEN(HW$));
3120 LOCATE14,5:COLOR4,0:PRINT"ENTER CLUE FOR WORD. (OPTIONAL)";
3130 ML=34:IY=17:IX=3:IT=4:COLOR7,4:GOSUB4920:HC$=IS$:RETURN
3140 DM$="PLAYER NAMES"
3150 GOSUB3500:DF$=""
3160 IY=8:IX=8:IT=4:ML=18:LOCATE6,5:COLOR4,0:PRINT"PLAYER 1 NAME";
3170 LOCATE8,4:COLOR1,0:PRINT"==";:COLOR2,0:PRINT"> ";
3180 COLOR7,4:GOSUB4920:IFIS$=""THENIS$="PLAYER 1"
3190 PL$(1)=IS$:PL%(1,1)=0
3200 COLOR4,0:LOCATE14,6:PRINT"PLAYER 1 IS: ";:COLOR7,0:PRINTPL$(1);
3210 IFCH=1THENDF$="":GOTO3270
3220 LOCATE6,5:COLOR4,0:PRINT"PLAYER 2 NAME";
3230 LOCATE8,4:COLOR1,0:PRINT"==";:COLOR2,0:PRINT"> ";
3240 COLOR7,4:GOSUB4920:IFIS$=""THENIS$="PLAYER 2"
3250 PL$(2)=IS$:DF$="":PL%(2,1)=0
3260 COLOR4,0:LOCATE16,6:PRINT"PLAYER 2 IS: ";:COLOR7,0:PRINTPL$(2);
3270 SLEEP90:CLS
3280 RETURN
3290 COLOR4,0:CLS
3300 DM$="GETTING RANDOM WORD":GOSUB3500
3310 LOCATE8,4:PRINT"WORKING...."
3320 IFFC%=1THENF=1:GOTO3360
3330 F=INT(RND(.)*FC%)+1
3340 IFFC%>1AND(F=SF%)THEN3330
3350 SF%=F
3360 S$=RIGHT$(STR$(F),LEN(STR$(F))-1)
3370 F$="WORDS/HWORDS"+S$+".DAT"+",S,R"
3380 OPEN4,8,4,F$
3390 INPUT#4,NL$:X=VAL(NL$)
3400 IFX<>0THEN3420
3410 CLOSE4:DM$=" INVALID WORD FILE: "+"WORDS/HWORDS"+S$+".DAT":GOTO9610
3420 TL=INT(RND(.)*X)+1
3430 IFTL=1THEN3480
3440 FORX=1TOTL-1
3450 INPUT#4,X$
3460 LINPUT#4,X$
3470 NEXTX
3480 INPUT#4,HW$:LINPUT#4,HC$
3490 I=FRE(0):CLOSE4:RETURN
3500 RECT0,0,XLIMIT,YLIMIT,$C2:FRAME0,0,XLIMIT,YLIMIT,5
3505 RECT4,4,XLIMIT-4,YLIMIT-4,$10
3510 RECT10,15,307,214,6:FRAME13,27,304,211,12:RECT15,29,302,209,12
3520 CHAR18,25,15,CHR$($0C)+DM$:RETURN
3530 COLOR5,6:X=15:Y=8:H=3:W=20:GOSUB4560
3540 COLOR1:LOCATE9,16:PRINT"BODY PARTS LEFT:";:COLOR7:PRINTBP;
3550 RETURN
3560 C1=$17:C2=1:C3=$61:C4=$10
3570 GOSUB3960:FMDRUM7,26:SLEEP5
3580 C1=1:C2=$17:C3=$C2:C4=$1E:GOSUB3960
3590 RETURN
3600 X=AL%(3,A):Y=AL%(4,A):W=14:H=14:C1=$14:C2=$12:C3=$11:C4=$10
3610 L$=CHR$(LL):GOSUB3960
3620 AL%(1,A)=1
3630 RETURN
3640 L=65
3650 X=131:Y=97:W=14:H=14:C1=1:C2=$17:C3=$C2:C4=$1E
3660 FRAME123,90,261,171,$10
3670 RECT124,91,260,170,$C5:RECT126,94,258,168,$C5
3680 SX=X
3690 FORKK=1TO3
3700 FORJ=1TO7
3710 L$=CHR$(L)
3720 GOSUB3960
3730 I=L-64
3740 AL%(1,I)=0
3750 AL%(2,I)=L
3760 AL%(3,I)=X
3770 AL%(4,I)=Y
3780 X=X+W+4
3790 L=L+1
3800 NEXTJ
3810 Y=Y+W+4:X=SX
3820 NEXTKK
3830 X=SX
3840 FORJK=1TO5
3850 L$=CHR$(L)
3860 GOSUB3960
3870 I=L-64
3880 AL%(1,I)=0
3890 AL%(2,I)=L
3900 AL%(3,I)=X
3910 AL%(4,I)=Y
3920 X=X+W+4
3930 L=L+1
3940 NEXTJK
3950 RETURN
3960 IFH=0THENH=W
3965 X1=X+1:XW=X+W:YW=Y+H:Y1=Y+1
3970 Y5=YW-1:X5=XW-1
3975 LINEX,Y,XW,Y,C1
3980 LINEX1,Y1,X5,Y1,C1
3985 LINEXW,Y,XW,YW,C1
3990 LINEX5,Y1,X5,Y5,C1
3995 LINEX,Y,X,YW,C2
4000 LINEX1,Y1,X1,Y5,C2
4005 LINEX,YW,X,YW,C2
4010 LINEX,YW,X5,YW,C2
4015 LINEX,Y5,XW-2,Y5,C2
4020 RECTX+2,Y+2,XW-2,YW-2,C3
4025 AX=4
4030 IFL$="M"THENAX=3
4035 IFL$="W"THENAX=2
4040 IFL$="F"ORL$="L"THENAX=5
4045 IFL$="I"THENAX=6
4050 CHARX+AX,YW-3,C4,L$
4055 IFL$="I"THENLINEX+6,YW-9,X+8,YW-9,C4:LINEX+6,YW-3,X+8,YW-3,C4
4060 IFL$="J"THENLINEX+7,YW-9,X+9,YW-9,C4
4065 IFH=WTHENH=0
4070 RETURN
4120 WR=RA:X=0:D=2*(1-RA):W=INT(2*320/240)
4130 IFWR<0THEN4470
4140 DX=X*XS:DY=WR*YS
4150 ZX=CX-DX
4160 ZY=CY-DY
4170 AX=CX+DX
4180 AY=CY+DY
4190 IFFILL=1THEN4290
4200 IFZX<0ORZX>XLORZY<0ORZY>YLORQ1=0THEN4220
4210 PSETZX,ZY,CC
4220 IFAX<0ORAX>XLORZY<0ORZY>YLORQ2=0THEN4240
4230 PSETAX,ZY,CC
4240 IFZX<0ORZX>XLORAY<0ORAY>YLORQ3=0THEN4260
4250 PSETZX,AY,CC
4260 IFAX<0ORAX>XLORAY<0ORAY>YLORQ4=0THEN4440
4270 PSETAX,AY,CC
4280 GOTO4440
4290 X1=ZX:X2=AX
4300 IF(Q1=0ANDQ2=O)ORX1>XLTHEN4370
4310 IFZY<0ORZY>YLTHEN4370
4320 IFX1<0THENX1=0
4330 IFX2>XLTHENX2=XL
4340 IFQ1=0THENX1=CX
4350 IFQ2=0THENX2=CX
4360 LINEX1,ZY,X2,ZY,CC
4370 IF(Q3=0ANDQ4=0)ORZX>XLTHEN4440
4380 IFAY<0ORAY>YLTHEN4440
4390 IFZX<0THENZX=0
4400 IFAX>XLTHENAX=XL
4410 IFQ3=0THENZX=CX
4420 IFQ4=0THENAX=CX
4430 LINEZX,AY,AX,AY,CC
4440 IF(D+RA)>0THENWR=WR-1:D=D-W*WR-1
4450 IFX>DTHENX=X+1:D=D+2*X+1
4460 GOTO4130
4470 RETURN
4480 WR=RA:G=0:D=2*(1-RA):W=INT(2*320/200)
4490 IFWR<0THEN4550
4500 LINECX-G,CY-WR,CX+G,CY-WR,CC
4510 LINECX-G,CY+WR,CX+G,CY+WR,CC
4520 IF(D+RA)>0THENWR=WR-1:D=D-W*WR-1
4530 IFG>DTHENG=G+1:D=D+2*G+1
4540 GOTO4490
4550 RETURN
4560 LOCATEY,X
4570 PRINTCHR$($6F);RPT$($A3,W-2);CHR$($70);
4580 IFH=2THEN4630
4590 FORII=1TOH-2
4600 LOCATEY+II,X
4610 PRINTCHR$($A5);RPT$(32,W-2);CHR$($A7);
4620 NEXTII
4630 LOCATEY+H-1,X
4640 PRINTCHR$($6C);RPT$($A4,W-2);CHR$($BA);
4650 RETURN
4660 GOSUB4810
4670 DM$=" HIT ANY KEY TO CONTINUE ":GOSUB8260
4680 P1=$FE:G%=0:B%=0
4690 RESTORE8980
4700 GOSUB5200
4710 GETX$
4720 IFMB<>0THENX$="A"
4730 IFX$<>""THEN4800
4740 R%=RND(1)*15+1
4750 B%=RND(1)*6
4760 IFMB<>0THENX$="A":GOTO4730
4770 J=5
4780 GOSUB8740
4790 GOTO4710
4800 FMINIT:GOSUB9600:RETURN
4810 DM$=PL$(CP%)+" HAS DIED":GOSUB8260
4820 P1=$24:P2=$FF:J=4:GOSUB8690
4830 P1=$3B:P2=$FE:J=4:GOSUB8690
4840 P1=$01:J=3:GOSUB8690
4850 P1=$3A:J=1:GOSUB8690
4860 P1=$23:P2=$FF:J=6:GOSUB8690
4870 P1=$B1:J=5:GOSUB8690
4880 GOSUB3640
4890 F$="SPLASH.IMG"
4900 GOSUB5750
4910 RETURN
4920 GETX$:IFX$<>""THEN4920
4930 IS$=DF$:ID=0
4940 GOSUB5170
4950 IFIS$<>""THENPRINTIS$;
4960 GETX$:IFX$=""THEN4960
4970 C=ASC(X$)
4980 IFWL=MLTHEN
4990 AC=0
5000 IF(IT<>2ORIT=3)ANDC>=65ANDC<=90THENAC=1
5010 IF(IT=2ORIT=4ORIT=3)ANDC>=48ANDC<=57THENAC=1
5020 IF(IT=2)ANDC=46ANDID=0THENAC=1:ID=1
5030 IF(IT=4)ANDC=32THENAC=1:
5040 IF(IT=4)AND(C>=35ANDC<=47)THENAC=1
5050 IF(IT=4)AND(C>=58ANDC<=63)THENAC=1:
5060 IFC=13THENRETURN
5070 IFAC=1ANDLEN(IS$)<MLTHENPRINTCHR$(C);:IS$=IS$+CHR$(C):FMDRUM7,26
5080 IFAC=1ANDLEN(IS$)<MLTHEN4960
5090 IFC<>20THEN5160
5100 IFLEN(IS$)=0THENFMDRUM7,87
5110 IFLEN(IS$)=1ORLEN(IS$)=0THENIS$="":GOSUB5170:GOTO4960
5120 I=LEN(IS$)-1
5130 IFRIGHT$(IS$,1)="."ANDIT=2THENID=0
5140 IS$=LEFT$(IS$,I)
5150 GOSUB5170:PRINTIS$;:FMDRUM7,26:GOTO4960
5160 FMDRUM7,87:GOTO4960
5170 LOCATEIY,IX:FORI=1TOML+1:PRINT" ";:NEXTI
5180 LOCATEIY,IX
5190 RETURN
5200 GETX$:IFX$<>""THEN5200
5210 RETURN
5220 F$="HANGBG.DAT":GOSUB8170
5230 IFNOTFE%THEN5270
5240 GOSUB8950
5250 BVLOADF$,8,0,0
5260 GOSUB8960:GOSUB9260:GOTO5740
5270 J=3
5280 P1=14:P2=$F2:GOSUB8920
5290 R%=0:G%=0:B%=1:GOSUB8570
5300 DM$="THE SKY":GOSUB8250
5310 RECT0,0,XLIMIT,YLIMIT,$C2
5320 P1=$F2:P2=14:GOSUB8690
5330 P1=14:P2=$10:GOSUB8920
5340 P1=7:P2=$F1:GOSUB8920
5350 P1=14:P2=7:GOSUB8920
5360 CX=5:CY=4:CC=$10:FILL=1:XS=1:YS=1
5370 RA=32
5380 GOSUB4120
5390 C=$50
5400 CC=C:CX=5:CY=4:RA=30:FILL=1
5410 RA=30:GOSUB4120:FILL=0
5420 LINE2,37,2,44,C:LINE6,37,6,44,C:LINE9,37,10,44,C
5430 LINE12,36,14,43,C:LINE15,35,17,42,C:LINE18,34,21,41,C
5440 LINE20,33,24,39,C:LINE22,31,27,37,C:LINE24,28,29,35,C
5450 LINE27,25,32,32,C:LINE30,23,35,29,C:LINE32,21,37,26,C
5460 LINE33,19,39,23,C:LINE35,17,41,20,C:LINE36,15,43,17,C
5470 LINE37,12,44,14,C:LINE38,10,45,11,C:LINE39,7,45,8,C
5480 LINE39,4,45,5,C:LINE39,1,46,2,C
5490 P1=0:P2=$10:J=3:GOSUB8690
5500 P1=$F1:P2=7:GOSUB8690
5510 DM$="GRASS":GOSUB8250
5520 P1=105:P2=$F2:GOSUB8920
5530 P2=P1:P1=14:GOSUB8920
5540 P1=$85:P2=$F3:GOSUB8920
5550 P2=P1:P1=14:GOSUB8920
5560 RECT0,180,XLIMIT,YLIMIT,$84
5570 FORY=161TO179
5580 LINE0,Y,40,179,$67
5590 NEXTY
5600 FORY=180TO150STEP-1
5610 LINE288,179,XLIMIT,Y,$67
5620 NEXTY
5630 J=5
5640 P2=$85:P1=$F3:GOSUB8690
5650 P2=105:P1=$F2:GOSUB8690
5660 COLOR1
5670 FORI=1TO550
5680 X1=INT(RND(.)*310)+5
5690 Y1=INT(RND(.)*60)+180:IFY1>YLIMITTHEN5690
5700 GOSUB5830
5710 NEXTI
5720 IFNOTLS%THEN5740
5730 F$="BACKGROUND SCREEN":GOSUB5750
5740 RETURN
5750 DM$="SAVING: "+F$:GOSUB8260
5760 IFF$="BACKGROUND SCREEN"THENFF$="@:HANGBG.DAT,P,W":GOTO5780
5770 FF$="@:"+F$+",P,W"
5780 OPEN2,8,2,FF$
5790 POKE$30C,2:POKE$30D,$00:POKE$30E,$96
5800 POKE$9F25,0:POKE$9F20,$00:POKE$9F21,$00:POKE$9F22,$10:SYS$700
5810 CLOSE2
5820 RETURN
5830 GOSUB5900
5840 LINEX1,Y1,X1-4,Y1-5,GC:GOSUB5900
5850 LINEX1,Y1,X1-3,Y1-3,GC:GOSUB5900
5860 LINEX1,Y1,X1,Y1-5,GC:GOSUB5900
5870 LINEX1,Y1,X1+3,Y1-3,GC:GOSUB5900
5880 LINEX1,Y1,X1+4,Y1-5,GC
5890 RETURN
5900 GC=INT(RND(.)*24)+$60:RETURN
5910 DM$="CLOUDS":GOSUB8250
5920 H=INT(RND(.)*(200))+45
5930 HL=INT(RND(.)*30)+30
5940 V=INT(RND(.)*30)+6
5950 VB=INT(RND(.)*11)+7
5960 FORY=VTOV+VBSTEP3
5970 FORX=HTOH+HLSTEP4
5980 RA=INT(RND(.)*5)+3
5990 CC=INT(RND(.)*4)+$1C
6000 CX=X
6010 CY=INT(RND(.)*4)+(Y-4):IF(CY-RA)<0THEN5980
6020 GOSUB4480
6030 NEXTX
6040 NEXTY
6050 RETURN
6060 DM$="THE GALLOWS":GOSUB8250
6070 FRAME189,195,285,208,$10
6080 FRAME188,194,285,211,$10
6090 LINE189,210,285,210,$10
6100 PSET189,209,$10
6110 PSET284,206,$10
6120 PSET284,209,$10
6130 FRAME275,21,285,207,$10
6140 FRAME276,22,284,205,$10
6150 FRAME67,20,285,30,$10
6160 FRAME68,21,284,29,$10
6170 RECT71,30,79,33,$10
6180 RECT190,196,283,209,$52
6190 RECT277,23,283,209,$52
6200 RECT69,22,283,28,$52
6210 RETURN
6220 DM$="THE NOOSE":GOSUB8250
6230 FILL=0:XS=1
6240 LINE73,33,73,53,16
6250 LINE77,33,77,53,16
6260 RECT74,34,76,53,87
6270 FORY=38TO53STEP3
6280 LINE73,Y,77,Y-3,$10
6290 NEXTY
6300 FRAME71,53,80,68,16
6310 RECT72,54,79,68,87
6320 FORY=56TO68STEP4
6330 LINE72,Y,79,Y-4,$10
6340 NEXTY
6350 RA=24:CX=75:CY=79:CC=$10
6360 YS=.38
6370 Q1=1:Q2=1:Q3=1:Q4=1:YS=.38
6380 GOSUB4120:RA=25:GOSUB4120
6390 RA=24:GOSUB4120:RA=23:GOSUB4120
6400 RA=19:GOSUB4120:RA=18:GOSUB4120
6410 CC=87
6420 FORX=20TO23STEP.6
6430 RA=X:GOSUB4120
6440 NEXTX
6450 RETURN
6460 DM$="A TROUBLED FACE":GOSUB8250
6470 CX=58:CY=60:RA=6:XS=.4:YS=1:CC=$10
6480 Q1=1:Q2=0:Q3=1:Q4=0
6490 GOSUB4120:RA=RA-1:GOSUB4120:RA=RA-1:GOSUB4120
6500 FILL=1:CC=$25:GOSUB4120
6510 FILL=0:CX=90:RA=6:CC=$10
6520 Q1=0:Q2=1:Q3=0:Q4=1
6530 GOSUB4120:RA=RA-1:GOSUB4120:RA=RA-1:GOSUB4120
6540 FILL=1:CC=$25:GOSUB4120
6550 LINE93,58,93,62,$10
6560 Q1=1:Q2=Q1:Q3=Q1:Q4=Q1
6570 LINE67,76,67,84,$10:LINE66,76,66,84,$10
6580 LINE67,87,67,90,$10:LINE66,87,66,90,$10:LINE82,76,82,84,$10
6590 LINE83,76,83,84,$10:LINE82,87,82,90,$10:LINE83,87,83,90,$10
6600 RECT68,76,81,84,$25:RECT68,89,81,90,$25
6610 RA=20:XS=.8:FILL=1
6620 CC=$10:CX=74:CY=63
6630 GOSUB4120:RA=RA-1:GOSUB4120
6640 RA=RA-2:CY=CY+1:CC=$FF:FILL=1:GOSUB4120
6650 XS=1:YS=XS
6660 CY=CY-6:CX=CX-6:RA=3:CC=$FE:GOSUB4480
6670 PSETCX+4,CY,$FF:GOSUB6790
6680 CX=CX+12:GOSUB4480
6690 PSETCX+4,CY,$FF:GOSUB6790:CX=74:CY=63
6700 LINECX-1,CY,CX-2,CY+6,$10:LINECX+1,CY,CX+2,CY+6,$10
6710 LINECX,CY,CX-1,CY+6,$23:LINECX,CY,CX+1,CY+6,$23
6720 LINECX,CY+3,CX,CY+6,$22
6730 Q3=0:Q4=0:CC=$10:CY=CY+13:YS=.35:RA=6:FILL=0
6740 GOSUB4120
6750 CY=CY+1:CC=$31:GOSUB4120
6760 CY=CY+1:CC=$10:GOSUB4120
6770 Q3=1:Q4=1:YS=1
6780 RETURN
6790 PSETCX,CY,$10:PSETCX-1,CY,$10:PSETCX,CY+1,$10:PSETCX-1,CY+1,$10
6800 RETURN
6810 P1=8:P2=$DF:GOSUB8920
6820 DM$="TORSO":GOSUB8250
6830 LINE82,90,105,93,$10:LINE83,91,105,94,$10
6840 LINE68,90,42,93,$10:LINE69,91,42,94,$10
6850 LINE67,90,74,105,$10:LINE83,90,74,105,$10
6860 FORX=81TO68STEP-1
6870 LINE75,103,X,90,$25
6880 NEXTX
6890 LINE74,105,72,110,$10:LINE72,110,72,141,$10
6900 LINE72,141,53,144,$10:LINE53,144,53,108,$10
6910 RECT71,140,54,103,$DF:LINE54,141,68,141,$DF
6920 LINE54,142,62,142,$DF:LINE54,143,56,143,$DF
6930 PSET65,91,$10
6940 LINE72,102,72,108,$DF:LINE73,104,73,106,$DF
6950 PSET74,109,$DF
6960 RECT47,107,68,94,$DF:RECT69,96,69,99,$DF
6970 RECT42,107,48,95,$DF:LINE56,93,67,93,$DF:PSET55,92,$10:PSET64,91,$10
6980 LINE65,92,67,92,$DF:RECT68,100,71,102,$DF:LINE70,98,70,100,$DF
6990 RECT73,110,91,140,$DF:RECT75,105,91,109,$DF:RECT88,94,101,106,$DF
7000 RECT81,95,105,106,$DF:LINE80,96,80,105,$DF
7010 LINE79,98,79,105,$DF:LINE78,100,78,105,$DF:LINE77,101,77,105,$DF
7020 LINE76,103,76,105,$DF:LINE74,103,75,103,$10
7030 PSET76,101,$10:PSET73,101,$10:PSET72,99,$10:PSET71,97,$10
7040 PSET70,95,$10:PSET69,93,$10:PSET81,92,$10:PSET80,94,$10
7050 PSET80,96,$10:PSET78,97,$10:PSET77,99,$10
7060 LINE76,100,76,103,$10:RECT82,94,93,93,$DF:LINE83,92,86,92,$DF
7070 LINE74,107,74,108,$DF:PSET73,109,$10:PSET73,141,$10:LINE76,141,91,141,$DF
7080 LINE81,142,91,142,$DF:LINE89,143,91,143,$DF:LINE74,141,92,144,$10
7090 LINE92,144,92,107,$10:PSET73,141,$10
7100 CC=16:RA=1.2:CX=75:FILL=1
7110 FORCY=113TO143STEP8
7120 GOSUB4120
7130 NEXTCY
7140 LINE58,108,68,108,$10:LINE58,108,58,116,$10
7150 LINE68,108,68,116,$10:Q1=0:Q2=0:Q3=1:Q4=1:RA=4.5:XS=1:YS=.6
7160 CX=63:CY=116:CC=$10:FILL=0
7170 GOSUB4120
7180 X$="P-"+RIGHT$(STR$(CP%),LEN(STR$(CP%))-1)
7190 CHAR57,106,$10,X$
7200 RETURN
7210 Q1=0:Q2=1:Q3=0:Q4=0:FILL=0
7220 DM$="LEFT ARM":GOSUB8250
7230 XSQUISH=.52
7240 RA=16:CC=$10
7250 CY=116:CX=92
7260 GOSUB4120:RA=RA+.6
7270 GOSUB4120
7280 RA=RA-1:GOSUB4120
7290 XSQUISH=.28:CX=106:CY=105:FILL=0
7300 GOSUB4120
7310 FORL=1TO3:RA=RA+.5:GOSUB4120:NEXTL
7320 CC=$DF:Q1=0:Q2=1:Q3=0:Q4=0:FILL=1:RA=RA-2.5
7330 GOSUB4120
7340 RECTCX-1,CY-3,CX+2,CY-7,$DF
7350 LINE99,113,99,133,$10
7360 LINE111,102,111,133,$10
7370 RECT100,102,110,133,$DF
7380 LINE99,107,99,109,$DF
7390 LINE98,108,101,108,$DF
7400 LINE97,107,100,107,$DF:PSET94,107,$C2
7410 LINE99,134,111,134,$10
7420 LINE101,134,101,143,$10:LINE101,143,103,143,$10
7430 LINE102,142,102,139,$25:LINE103,144,103,140,$10
7440 LINE103,145,105,145,$10:LINE104,144,104,139,$25
7450 LINE105,146,105,140,$10:LINE105,146,107,146,$10
7460 LINE106,145,106,139,$25:LINE107,146,107,140,$10
7470 LINE107,145,109,145,$10:LINE108,144,108,139,$25
7480 LINE109,145,109,134,$10:RECT102,139,108,135,$25
7490 RETURN
7500 Q1=1:Q2=0:Q3=0:Q4=0:FILL=0
7510 XSQUISH=.52
7520 RA=16:CC=$10
7530 CY=118:CX=54
7540 DM$="RIGHT ARM":GOSUB8250
7550 GOSUB4120:RA=RA+.6
7560 GOSUB4120
7570 RA=RA-1:GOSUB4120
7580 LINE54,107,54,109,$DF
7590 XSQUISH=.43:CX=42:CY=105:FILL=0
7600 GOSUB4120
7610 FORL=1TO3:RA=RA+.3:GOSUB4120:NEXTL
7620 CC=$DF:Q1=1:Q2=0:Q3=0:Q4=0:FILL=1:RA=RA-3
7630 GOSUB4120:FILL=0
7640 RECTCX-4,CY-8,CX+3,CY+6,$DF
7650 RECTCX-4,CY-4,CX,CY+6,$DF
7660 LINE34,102,34,133,$10
7670 LINE46,115,46,133,$10
7680 RECT35,102,45,133,$DF
7690 LINE34,134,46,134,$10
7700 LINE46,CY,46,CY+6,$DF
7710 LINE47,CY,47,CY+5,$DF
7720 RECT47,CY,49,CY+3,$DF
7730 LINE51,CY+4,52,CY+4,$C2
7740 PSET48,CY+4,$DF
7750 LINE44,134,44,143,$10:LINE44,143,42,143,$10
7760 LINE43,142,43,139,$25:LINE42,140,42,145,$10
7770 LINE42,145,40,145,$10:LINE41,144,41,139,$25
7780 LINE40,146,40,140,$10:LINE40,146,38,146,$10
7790 LINE39,145,39,139,$25:LINE38,146,38,140,$10
7800 LINE38,145,36,145,$10:LINE37,144,37,139,$25
7810 LINE36,145,36,134,$10:RECT43,139,37,135,$25
7820 RETURN
7830 DM$="RIGHT LEG":GOSUB8250
7840 Q1=1:Q2=0:Q3=0:Q4=0:FILL=0
7850 CC=$10:CX=74:CY=159:RA=8:XS=.43:YS=.6
7860 GOSUB4120
7870 LINE70,159,70,192,$10:LINE55,145,53,192,$10
7880 LINE53,193,70,193,$10:RECT56,145,69,192,$46
7890 LINE55,157,55,192,$46:LINE54,181,54,192,$46
7900 LINE57,144,71,144,$46:RECT69,142,71,154,$46
7910 RECT72,142,73,153,$46:LINE63,143,68,143,$46:PSET70,155,$46
7920 Q1=1:Q2=1:Q3=1:Q4=1:RA=20:XS=.35:CC=$10:FILL=1:CX=62:CY=208
7930 GOSUB4120:RA=RA+1:FILL=0:CC=$12:GOSUB4120:FILL=1
7940 XS=.38:CY=204:CC=$1C:RA=11:GOSUB4120
7950 RA=RA+1:CC=$12:FILL=0:GOSUB4120
7960 LINE57,193,57,202,$10:LINE66,193,66,202,$10
7970 RECT58,194,65,200,$1C
7980 RETURN
7990 Q1=0:Q2=1:Q3=0:Q4=0
8000 CC=$10:CX=74:CY=159:RA=8
8010 DM$="LEFT LEG":GOSUB8250:GOSUB4120
8020 LINE77,157,77,192,$10:LINE90,145,92,192,$10
8030 LINE77,193,92,193,$10:RECT78,145,89,192,$46
8040 LINE90,157,90,192,$46:LINE91,181,91,192,$46
8050 LINE74,144,88,144,$46:RECT76,143,79,155,$46
8060 RECT74,142,76,153,$46:LINE74,143,82,143,$46
8070 LINE77,154,77,156,$46
8080 Q1=1:Q2=1:Q3=1:Q4=1:RA=20:XS=.35:CC=$10:FILL=1
8090 CX=85:CY=208
8100 GOSUB4120
8110 RA=RA+1:FILL=0:CC=$12:GOSUB4120:FILL=1
8120 XS=.38:CY=204:CC=$1C:RA=11:GOSUB4120
8130 RA=RA+1:CC=$12:FILL=0:GOSUB4120
8140 LINE80,193,80,202,$10:LINE89,193,89,202,$10
8150 RECT81,194,88,200,$1C
8160 RETURN
8170 X$=F$:FE%=0:X$=X$+",S,R"
8180 OPEN2,8,2,X$
8190 CLOSE2
8200 OPEN15,8,15
8210 INPUT#15,X,X$
8220 CLOSE15
8230 FE%=(X<=20)
8240 RETURN
8250 DM$=" DRAWING: "+DM$
8260 COLOR1,0:GOSUB8290
8270 LOCATE30,1:PRINTDM$;
8280 RETURN
8290 LOCATE30,1:PRINTRPT$(32,39);
8300 RETURN
8310 L=LEN(WD$):SX=X
8320 OB=PEEK(1):BANKPEEK(0),6
8330 FORK=1TOL
8340 CC=ASC(MID$(WD$,K,1))
8350 IF(CC>=64ANDCC<=90)OR(CC>=193ANDCC<=218)THENAA=64:GOTO8370
8360 AA=0
8370 CA=$C000+8*(CC-AA)
8380 FORI=1TO8
8390 CM(I)=PEEK(CA+(I-1)):CM$(I)=""
8400 NEXTI
8410 IFDC$=""THENDC$=CHR$(CC)
8420 FORJ=1TO8
8430 RESTORE8970
8440 FORCT=1TO8
8450 READCP
8460 IF(CPANDCM(J))THENCM$(J)=CM$(J)+DC$:GOTO8480
8470 CM$(J)=CM$(J)+CHR$(32)
8480 NEXTCT
8490 LOCATEY+(J-1),X:IFUC=1THENCOLORTC%(1,J),TC%(2,J)
8500 PRINTCM$(J);
8510 NEXTJ
8520 IFDC$=CHR$(CC)THENDC$=""
8530 X=X+8
8540 NEXTK
8550 X=SX:BANKPEEK(0),OB
8560 RETURN
8570 A=P1*2:GB%=(G%*16)+B%
8580 A=A+$FA00
8590 SLEEP:VPOKE1,A,GB%
8600 A=A+1
8610 SLEEP:VPOKE1,A,R%
8620 RETURN
8630 A1=$FA00+(P1*2)
8640 R%=VPEEK(1,A1+1)
8650 GB%=VPEEK(1,A1)
8660 G%=GB%/16
8670 B%=GB%AND$0F
8680 RETURN
8690 GOSUB8630
8700 P3=P1:P1=P2
8710 GOSUB8740
8720 P1=P3
8730 RETURN
8740 DR%=R%:DG%=G%:DB%=B%
8750 GOSUB8630
8760 RI=1:IFDR%<R%THENRI=-1
8770 GI=1:IFDG%<G%THENGI=-1
8780 BI=1:IFDB%<B%THENBI=-1
8790 IFDR%<>R%THENR%=R%+RI
8800 IFDG%<>G%THENG%=G%+GI
8810 IFDB%<>B%THENB%=B%+BI
8820 GOSUB8570
8830 SLEEPJ
8840 IFDR%=R%ANDDG%=G%ANDDB%=B%THEN8860
8850 GOTO8790
8860 RETURN
8870 A1=$FA00+(P1*2):A2=$FA00+(P2*2)
8880 B1=VPEEK(1,A1):B2=VPEEK(1,A1+1):B3=VPEEK(1,A2):B4=VPEEK(1,A2+1)
8890 VPOKE1,A1,B3:VPOKE1,A1+1,B4
8900 VPOKE1,A2,B1:VPOKE1,A2+1,B2
8910 RETURN
8920 VPOKE1,$FA00+(P2*2),VPEEK(1,$FA00+(P1*2))
8930 VPOKE1,$FA00+(P2*2)+1,VPEEK(1,$FA00+(P1*2)+1)
8940 RETURN
8950 FORA=$FA00TO$FBFF:VPOKE1,A,0:NEXTA:RETURN
8960 BVLOAD"DPAL.BIN",8,1,$FA00:RETURN
8970 DATA 128,64,32,16,8,4,2,1,0
8980 DATA "O4V63I0CO3V50I18CV50I18E-V50I18G",60,"O4CO3E-G-B-",45,"O4C",15
8990 DATA "O4CO3CE-G",60,"RE-G-B-",60,"O4CO3CE-G",60,"O4CO3E-G-B-",45
9000 DATA "O4C",15,"O4CO3CE-G",60,"RE-G-B-",60,"O4CO3CE-G",60
9010 DATA "O4CO3E-G-B-",45,"O4C",15,"O4CO3CE-G",60,"O4E-O3E-G-B-",45,"O4D",12
9020 DATA "E-",3,"O4DO3CE-G",45,"O4C",15,"O4CO3E-G-B-",45,"O4C",15
9030 DATA "O4CO3CE-G",60,"RE-G-B-",60,"",0
9040 DATA 32,40,192,48,32,55,238,62,32,72,143,80,32,88,143,96,32,104,214,110
9050 DATA 28,155,62,170,201,195,219,207,226,195,244,207
9060 FMINIT:XL=319:YL=239
9070 GOSUB8960
9080 POKE$30C,4:SYS$FF62
9090 Q1=1:Q2=1:Q3=1:Q4=1:XS=1:YS=1
9100 MW%=20:MC%=35
9110 GOSUB9330
9120 MC$(1)="PLAYER VS COMPUTER"
9130 MC$(2)="2 PLAYER. COMPUTER PICKS"
9140 MC$(3)="HEAD TO HEAD"
9150 MC$(4)="DRAWING DEMO"
9160 MC$(5)="EXIT TO COMMANDER X16"
9170 DI$(1)="EASY"
9180 DI$(2)="MEDIUM"
9190 DI$(3)="HARD"
9200 RESTORE9040
9210 FORI=1TO8
9220 FORC=1TO4
9230 READPC%(I,C)
9240 NEXTC
9250 NEXTI
9260 P1=$25:P2=$FF:GOSUB8920
9270 P1=1:P2=$FE:GOSUB8920
9280 P1=$3B:P2=$FD:GOSUB8920
9290 P1=$C0:P2=5:GOSUB8920
9300 P1=$10:P2=4:GOSUB8920
9310 P1=$1A:P2=12:GOSUB8920
9320 RETURN
9330 FORI=65TO90
9340 AL%(1,I-64)=0:AL%(2,I-64)=I
9350 NEXTI
9360 RETURN
9370 F$="BVSAVE700.BIN":GOSUB9560
9380 GOSUB8170
9390 IFFE%THENPRINT" LOADING ";F$:BLOAD"BVSAVE700.BIN",8,1,$0700
9400 LS%=FE%:F$="DPAL.BIN":GOSUB9560
9410 GOSUB8170
9420 IFFE%THEN9440
9430 DM$=" MISSING DPAL.BIN":GOTO9610
9440 GOSUB9480
9450 IFFC%>=1THEN9470
9460 DM$=" HWORD*.DAT FILES ARE MISSING":GOTO9610
9470 RETURN
9480 FC%=0
9490 FC%=FC%+1
9500 SF$=RIGHT$(STR$(FC%),LEN(STR$(FC%))-1)
9510 SF$=SF$+".DAT":F$="WORDS/HWORDS"+SF$
9520 GOSUB8170
9530 IFFE%THENPRINT" FOUND:";:GOSUB9560:GOTO9490
9540 FC%=FC%-1
9550 PRINT" ";FC%;" WORD FILES FOUND!":RETURN
9560 PRINT" ";F$:RETURN
9570 GETX$:IFX$<>""THEN9570
9580 GETX$:IFX$=""ANDMB=0THEN9580
9590 RETURN
9600 COLOR1,0:CLS:RECT0,0,XLIMIT,YLIMIT,$10:RETURN
9610 P1=5:R%=0:G%=14:B%=2:GOSUB8570
9620 P1=15:R%=2:G%=2:GOSUB8570
9630 COLOR5,15:PRINT:PRINT:PRINT" ERROR ENCOUNTERED":PRINT" ";DM$:END
9640 GOSUB8960:LOAD"CREDITS.PRG"

