\X8F\X93\X9C\X12\XDF\X92     \X12\XA9
\X9A\X12\XB4\XDF\X92   \X12\XA9\XA7\X92
\X9F\X12\XB5 \XDF\X92 \X12\XA9 \XB6
\X1E \XB7\X12\XBB\X92 \X12\XAC\X92\XB7
\X9E \XAF\X12\XBE\X92 \X12\XBC\X92\XAF
\X81\XA7\X12 \X92\XA9 \XDF\X12 \X92\XB4
\X1C\XB6\XA9   \XDF\XB5
\X05\X052048K HIGH RAM - GIT 16037C7F**** COMMANDER X16 BASIC V2 ****38655 BASIC BYTES FREE
READY.


SEARCHING FOR HANGMAN2.PRG
LOADING FROM $ TO $
READY.


1 POKE$30C,4:SYS$FF62
2 DIMNV$(20),NN$(20),NV%,FV%
3 SCREEN$80:RECT0,0,319,239,$C2
4 COLOR$01:PRINTCHR$($0D);" HANGMAN INITIALIZATION...":MOUSE1
5 F$="HANGMAN.INI"
6 SLEEP15
7 GETX$:IFASC(X$)=133THENGOSUB1051:CLR:GOTO2
8 PRINT" READING: ";F$;
9 GOSUB972
10 I$="USEZSM":GOSUB967
11 IFI$="OFF"THENUZSM%=0:GOTO31
12 PRINT" CHECKING ZSMKIT"
13 F$="ZSMKIT8C00.BIN":GOSUB854
14 IFFE%THENPRINT" ZSMKIT FOUND"
15 IFFE%THEN18
16 PRINT" ZSMKIT NOT FOUND.":UZSM%=0
17 GOTO31
18 PRINT" ADJUSTING RAM"
19 POKE$30F,1:SYS$FF99
20 POKE$30D,$00:POKE$30E,$8C
21 POKE$30F,0:SYS$FF99
22 CLR
23 UZSM%=-1
24 PRINT" LOADING ZSMKIT"
25 BLOAD"ZSMKIT8C00.BIN",8,1,$8C00
26 PRINT" DONE..."
27 DIMNV$(20),NN$(20),NV%,FV%
28 F$="HANGMAN.INI"
29 PRINT" REREADING: ";F$
30 PRINT" (AFTER CLR).";:GOSUB972
31 PRINT" INITIALIZING VARIABLES"
32 DIMTC%(2,8),AL%(4,26),PC%(8,4),MC$(5),DI$(3),PL%(2,1),PL$(2),WN%(2)
33 LS%=-1:GOSUB941
34 PRINT" DONE..";CHR$($0D);" CHECKING NECESSARY FILES":GOSUB1058
35 PRINT" DONE...";CHR$($0D);" BASIC RAM FREE:";FRE(0):SLEEP240
36 GOSUB930:COLOR1,0:CLS:GOSUB931:GOSUB956
37 BVLOAD"SPLASHBACK.IMG",8,0,0:P1=$08:P2=$DF:GOSUB927:SLEEP15
38 BVLOAD"SPLASH.IMG",8,0,0:GOSUB68
39 RECT61,183,254,208,$1B:FRAME61,183,254,208,$12
40 CHAR75,194,$C3,CHR$($0C)+CHR$($12)+" THE CLASSIC WORD GAME "
41 CHAR62,205,$C4,CHR$($0C)+CHR$($12)+" NOW ON THE COMMANDER X16 "
42 CHAR6,222,$01,CHR$($06)+"CODED IN BASIC":CHAR6,232,$01,CHR$($06)+"2023... ANTHONY HENRY"
43 CHAR190,222,$1F,CHR$($06)+"MANY CONTRIBUTORS":CHAR212,232,$1D,CHR$($06)+"(See Credits)"
44 GOSUB80:GOSUB137:SLEEP60
45 DC$=CHR$(255):GOSUB65:GOSUB74:GOSUB75
46 RESTORE933:GW=0
47 READPS$,DL:IFDL=0THEN46
48 FMCHORD0,PS$
49 FORI=1TODL:GETX$:IFX$<>""ORMB<>0THENGW=1:IFX$=CHR$(27)THENI=DL
50 GOSUB75:NEXTI
51 IFX$=CHR$(27)THEN64
52 IFGW=1THENGW=0:GOTO54
53 GOTO47
54 FORX=1TO31
55 LOCATE1,1:PRINTCHR$(145)
56 READPS$,DL:IFDL=0THENRESTORE933:GOTO56
57 FMCHORD0,PS$:FORI=1TODL:GOSUB75:NEXTI
58 GETX$:IFX$=CHR$(27)THENCLS:X=31
59 NEXTX
60 IFX$=CHR$(27)THEN64
61 READPS$,DL:IFDL=0THEN64
62 FMCHORD0,PS$:SLEEPDL:GETX$:IFX$=CHR$(27)THEN64
63 GOTO61
64 FMINIT:CLS:SLEEP75:GOSUB1085:GOSUB956:GOTO149
65 X=5:Y=5:UC=1:WD$="H"+CHR$(193)+CHR$(206)+CHR$(199):GOSUB864
66 X=8:Y=14:WD$="M"+CHR$(193)+CHR$(206):GOSUB864
67 RETURN
68 X1=0:Y1=0:X2=XL:Y2=YL:CC=$1A
69 FORJ=1TO5
70 FRAMEX1,Y1,X2,Y2,CC
71 X1=X1+1:X2=X2-1:Y1=Y1+1:Y2=Y2-1:CC=CC-2
72 NEXTJ
73 RETURN
74 P1=13
75 IFP1=2THENP2=13:GOTO77
76 P2=P1-1
77 GOSUB922
78 P1=P1-1:IFP1<2THENP1=13
79 RETURN
80 P1=$58:P2=13
81 GOSUB927
82 P2=P2-1:P1=P1-1
83 IFP2>1THEN81
84 P1=$34:P2=10:GOSUB927:P1=1:P2=11:GOSUB927
85 P1=$C7:P2=12:GOSUB927
86 FORI=2TO9:TC%(2,I-1)=0:TC%(1,I-1)=I:NEXTI:RETURN
87 GOSUB1085:MOUSE0
88 GOSUB146
89 F$="ANIMS/ANIMPAL.BIN":GOSUB854:F1%=FE%
90 F$="ANIMS/ANIM16.BIN":GOSUB854:F2%=FE%
91 F$="ANIMS/ANIM50.BIN":GOSUB854:F1%=F1%ANDF2%ANDFE%
92 IFF1%THENGOSUB930:BVLOAD"ANIMS/ANIMPAL.BIN",8,1,$FA00
93 P1=$10:R%=0:G%=0:B%=0:GOSUB892
94 RECT0,0,319,239,$10:R%=13:G%=13:B%=13:P1=15:GOSUB892
95 P1=7:R%=13:G%=0:B%=3:GOSUB892:P1=252:R%=6:G%=8:B%=2:GOSUB892
96 P1=253:R%=5:G%=11:GOSUB892:RECT0,234,319,239,252
97 RECT0,175,319,233,153:UC=0:DC$=CHR$(255):COLOR7,0
98 X=1:Y=3:WD$=DM$:GOSUB864
99 X=1:Y=12:WD$=D2$:GOSUB864
100 I=1:GOSUB110:IFNOTF1%THEN108
101 CHAR4,158,156,CHR$($0C)+"A REPRIEVE !!!":CHAR4,170,15,CHR$($0C)+"LETS GET OUT OF HERE...."
102 CHAR160,170,156,CHR$($0C)+" .. EXIT .. STAGE RIGHT !!"
103 F$=STR$(I):F$=RIGHT$(F$,LEN(F$)-1)
104 F$="ANIMS/ANIM"+F$+".BIN":BVLOADF$,8,0,$DAC0
105 I=I+1:IFI>50THEN108
106 GETX$:IFX$=CHR$(27)THEN108
107 GOTO103
108 RECT0,175,319,233,156:GOSUB930:GOSUB1085
109 GOSUB931:GOSUB956:MOUSE1:RETURN
110 FORWF=0TO6
111 X=INT(RND(.)*300+15):Y=INT(RND(.)*90+30):DE=8
112 L1=X-2:L2=Y-2:L3=318-X:L4=146-Y:SI=INT(RND(.)*25)
113 IFSI>L1ORSIZE>L2ORSIZE>L3ORSIZE>L4THEN111
114 FORUP=172TOYSTEP-1
115 RECTX,UP,X+1,UP+1,$3F:FORI=0TODE:NEXTI:RECTX,UP,X+1,UP+1,$10
116 NEXTUP
117 PSETX,Y,7
118 FORO=0TO28STEP4
119 FOREX=0TO6STEP2
120 B1=INT(RND(.)*SIZE)+O:B2=INT(RND(.)*SIZE)+O
121 X1=X-INT(RND(.)*B1):Y1=Y-RND(.)*B2:GOSUB131
122 RECTX1,Y1,X1+1,Y1+1,CC:X1=X+RND(.)*B1:Y1=Y+RND(.)*B2
123 GOSUB131:PSETX1%,Y1%,CC:X1=X+RND(.)*B1:Y1=Y-RND(.)*B2
124 GOSUB131:RECTX1,Y1,X1+1,Y1+1,CC
125 X1=X-RND(.)*B1:Y1=Y+RND(.)*B2:GOSUB131:RECTX1,Y1,X1+1,Y1+1,CC
126 NEXTEX
127 NEXTO
128 RECT0,0,319,155,$10
129 NEXTWF
130 RETURN
131 IFX1>318THENX1=318
132 IFX1<0THENX1=0
133 IFY1<0THENY1=0
134 IFY1>170THENY1=170
135 CC=INT(RND(.)*254)+1
136 RETURN
137 VPOKE1,$F2F0,$3C
138 VPOKE1,$F2F1,$7E
139 VPOKE1,$F2F2,$DB
140 VPOKE1,$F2F3,$FF
141 VPOKE1,$F2F4,$C3
142 VPOKE1,$F2F5,$BD
143 VPOKE1,$F2F6,$7E
144 VPOKE1,$F2F7,$3C
145 RETURN
146 VPOKE1,$F2F4,$BD
147 VPOKE1,$F2F5,$C3
148 RETURN
149 GOSUB931:GOSUB956
150 DM$="HANGMAN GAME PARAMETERS":GOSUB421
151 IFCH<1ORCH>5THENCH=1
152 X=5:Y=4:DI=2
153 FORI=1TO5
154 Y=Y+2:LOCATEY,X:COLOR1,0:PRINTRIGHT$(STR$(I),1);
155 COLOR4:PRINT":"MC$(I);
156 NEXTI
157 W=34:H=14:C1=1:C2=$17:C3=$C2:C4=$1E:L$="ENTER":X=28:Y=155
158 GOSUB467:LOCATE21,9:COLOR4,0:PRINT"TO CONFIRM CHOICE";
159 COLOR4:LOCATE24,20:PRINT"DIFFICULTY:";:COLOR1:PRINTDI$(DI);
160 W=18:H=12:L$="<-":X=201:Y=195:GOSUB467
161 X=226:L$=" ->":GOSUB467
162 LOCATE17,5:COLOR6:PRINT"DEMO MODE ALSO CREATES";
163 LOCATE18,5:PRINT"A NEW GAME BACKGROUND";:GOSUB591
164 IFCH=5THENY=14
165 IFCH=4THENY=12
166 IFCH=3THENY=10
167 IFCH=2THENY=8
168 IFCH=1THENY=6
169 LOCATEY,5:COLOR7,4:PRINTCHR$($7A);" ";
170 COLOR1:PRINTMC$(CH);RPT$(32,27-LEN(MC$(CH)));
171 COLOR1,0:LOCATE24,31:PRINTRPT$(32,10);:LOCATE24,31:PRINTDI$(DI);
172 GETX$:IFMB<>1THEN182
173 CX=MX:CY=MY:I=1:MC%=0
174 MC%=(CX>=PC%(I,1))AND(CX<=PC%(I,3))AND(CY>=PC%(I,2))AND(CY<=PC%(I,4))
175 IFNOTMC%THENI=I+1:IFI>8THENX$="Z":GOTO181
176 IFNOTMC%THEN174
177 IFI<6THENX$=STR$(I):X$=RIGHT$(X$,1)
178 IFI=6THENX$=CHR$(13)
179 IFI=7THENX$=CHR$(157)
180 IFI=8THENX$=CHR$(29)
181 IFMB<>0THEN181
182 IFX$=""THEN172
183 K=ASC(X$):IFK<>29ANDK<>157THENFMDRUM7,26
184 LOCATEY,5:COLOR1,0:PRINTRIGHT$(STR$(CH),1);
185 COLOR4:PRINT":"MC$(CH);RPT$(32,28-LEN(MC$(CH)));
186 IFCH=5ANDK=27THENK=13
187 IFK=27THENCH=5
188 IFK>=49ANDK<=53THENCH=VAL(X$)
189 IFK=145THENCH=CH-1
190 IFK=17THENCH=CH+1
191 IFK=157THENDI=DI-1:X=201:L$="<-"
192 IFK=29THENDI=DI+1:X=226:L$=" ->"
193 IFK=29ORK=157THENY=195:W=18:H=12
194 IFK=13THENL$="ENTER":W=34:H=14:X=28:Y=155
195 IFK=29ORK=157ORK=13THENGOSUB427
196 IFK=13THENCLS:GOTO202
197 IFCH>5THENCH=1
198 IFCH<1THENCH=5
199 IFDI>3THENDI=1
200 IFDI<1THENDI=3
201 GOTO164
202 IFCH=5THEN1089
203 IFCH=4THEN205
204 GOSUB384
205 ROUND=1:CP%=1:WN%(1)=0:WN%(2)=0
206 NE%=-1
207 IFCH=1ORCH=2THEN210
208 IFCH=3THEN211
209 IFCH=4THENGOSUB341:GOSUB1085:CH=4:GOTO149
210 GOSUB399:GOTO212
211 GOSUB365
212 GOSUB334:GOSUB301:GOSUB591
213 GETX$:HF%=0
214 IFX$=CHR$(27)THENGOSUB256:GOSUB591
215 IFHF%THENCLS:GOTO149
216 IFMB=1THEN219
217 IFX$=""THEN213
218 GOTO226
219 CX=MX:CY=MY:X=1:H1=0:X$="":IFCY>131THENX=15
220 X1=AL%(3,X):X2=X1+14:Y1=AL%(4,X):Y2=Y1+14
221 IFCX>=X1ANDCX<=X2ANDCY>=Y1ANDCY<=Y2THENX$=CHR$(AL%(2,X)):H1=1
222 IFH1=0ANDX<26THENX=X+1:GOTO220
223 IFMB<>0THEN223
224 IFH1THEN226
225 LOCATE1,1:FMDRUM7,87:GOTO213
226 LL=ASC(X$):IFLL<65ORLL>90THENLOCATE1,1:FMDRUM7,87:GOTO213
227 A=LL-64
228 IFAL%(1,A)=1THENLOCATE1,1:FMDRUM7,87:GOTO213
229 CL$=CHR$(LL):H=14:W=14:X=AL%(3,A):Y=AL%(4,A):L$=CHR$(LL)
230 GOSUB427:HF%=0
231 GOSUB327:IFHF%THENGOSUB319:GOSUB363
232 GOSUB591
233 IFHF%THENIFHW$=DW$THEN239
234 IFNOTHF%THENNE%=0:GOSUB271:GOSUB424
235 GOSUB591
236 IFLF%THEN247
237 SLEEP10:GOSUB431
238 GOTO213
239 WN%(CP%)=WN%(CP%)+1
240 PL%(CP%,1)=PL%(CP%,1)+1
241 IFWN%(CP%)=5THENDM$=" 5 IN":D2$="A ROW":WN%(CP%)=0:GOSUB87:GOTO246
242 IFNE%THENDM$="FLAW":D2$=" LESS":WN%(CP%)=0:GOSUB87:GOTO246
243 GOSUB267
244 COLOR7,4:LOCATE16,21:PRINT"YOU WON !":SLEEP120
245 GOSUB265
246 GOSUB250:GOTO206
247 DW$=HW$:GOSUB319:FMDRUM7,38:SLEEP10:FMDRUM7,43:SLEEP15:FMDRUM7,55:SLEEP20:FMDRUM7,49
248 WN%(CP%)=0
249 GOSUB537:GOSUB250:GOTO206
250 LF%=0:HF%=0
251 IFCH=1THENROUND=ROUND+1:RETURN
252 IFCP%=2THENROUND=ROUND+1
253 IFCP%=2THENCP%=1:RETURN
254 IFCP%=1THENCP%=2
255 RETURN
256 GOSUB267
257 COLOR1,4
258 LOCATE15,19:PRINT"BACK TO MENU";
259 COLOR7:LOCATE18,23:PRINT"Y";:COLOR8:PRINT"/";
260 COLOR7:PRINT"N ?";
261 GETX$:IFX$=""THEN261
262 IFX$="Y"THENHF%=-1
263 IFX$="Y"ORX$="N"ORX$=CHR$(27)THEN265
264 FMDRUM7,87:GOTO261
265 COLOR0,0:X=16:Y=12:H=11:W=18:GOSUB529
266 COLOR1,0:RETURN
267 COLOR5,6:X=16:Y=12:H=11:W=18
268 GOSUB529
269 COLOR5,4:X=17:Y=13:H=9:W=16:GOSUB529
270 RETURN
271 FMDRUM7,38:FMDRUM7,39:FMDRUM7,40
272 LF%=0
273 IFBP<>5ANDBP<>8THENGOSUB289
274 IFBP=8THENGOSUB671
275 IFBP=7THENGOSUB681
276 IFBP=6THENGOSUB704
277 IFBP=5THENGOSUB739
278 IFBP=4THENGOSUB797
279 IFBP=3THENGOSUB778
280 IFBP=2THENGOSUB820
281 IFBP=1THENGOSUB836
282 GOTO284:
283 LOCATE26,25:PRINT"ROUND:";:COLOR7:PRINTROUND;
284 GOSUB323
285 BP=BP-1
286 IFBP=0THENLF%=-1
287 GOSUB591:GOSUB265
288 RETURN
289 COLOR6,0:LOCATE12,17
290 H=11:W=18:Y=12
291 PRINTRPT$($AF,W-2)
292 FORIJ=1TOH-2
293 Y=Y+1
294 LOCATEY,16:PRINTCHR$($A7);RPT$($76,16);CHR$($A5);
295 NEXTIJ
296 LOCATEY+1,17:PRINTRPT$($B7,W-2);
297 COLOR7,4
298 LOCATE16,20:PRINT"DRAWING  !!";
299 COLOR4,0
300 RETURN
301 COLOR1,0:GOSUB956
302 IFDI=1THENBP=8
303 IFDI=2THENBP=7
304 IFDI=3THENBP=6
305 GOSUB593
306 IFDI>1THENGOSUB671
307 IFDI=3THENGOSUB681
308 DW$=""
309 FORI=1TOLEN(HW$)
310 X$=MID$(HW$,I,1)
311 IFASC(X$)>=65ANDASC(X$)<=90THENDW$=DW$+CHR$($7A):GOTO313
312 DW$=DW$+X$
313 NEXTI
314 GOSUB319
315 GOSUB424
316 GOSUB435
317 GOSUB323
318 RETURN
319 COLOR5,6:X=17+(7-(LEN(HW$)/2)):Y=5:H=3:W=LEN(HW$)+2
320 GOSUB529:COLOR1
321 LOCATE6,18+(7-(LEN(HW$)/2)):PRINTDW$;
322 RETURN
323 COLOR1,0
324 IFNOTUC%THENGOSUB862:RETURN
325 DM$=HC$:GOSUB859
326 RETURN
327 L=LEN(HW$)
328 S$=""
329 FORX=1TOL
330 IFMID$(HW$,X,1)=CL$THENS$=S$+CL$:HF%=-1:GOTO332
331 S$=S$+MID$(DW$,X,1)
332 NEXTX
333 DW$=S$:RETURN
334 CLS
335 LOCATE1,14:COLOR6:PRINTPL$(CP%);
336 COLOR4:PRINT" PLAYING";:LOCATE2,14
337 COLOR4:PRINT"WINS:";:COLOR2:PRINTPL%(CP%,1);"  ";
338 COLOR4:PRINT"LOSSES:";:COLOR2:PRINT(ROUND-1)-PL%(CP%,1);
339 COLOR1:LOCATE26,25:PRINT"ROUND:";:COLOR7:PRINTROUND;
340 RETURN
341 CP%=1:PL$(1)="DEMO HANGMAN":EC$=CHR$(27):GOSUB1085
342 GETX$:IFX$=EC$THENRETURN
343 GOSUB598
344 GETX$:IFX$=EC$THENRETURN
345 GOSUB671
346 GETX$:IFX$=EC$THENRETURN
347 GOSUB681
348 GETX$:IFX$=EC$THENRETURN
349 GOSUB704
350 GETX$:IFX$=EC$THENRETURN
351 GOSUB739
352 GETX$:IFX$=EC$THENRETURN
353 GOSUB797
354 GETX$:IFX$=EC$THENRETURN
355 GOSUB778
356 GETX$:IFX$=EC$THENRETURN
357 GOSUB820
358 GETX$:IFX$=EC$THENRETURN
359 GOSUB836
360 GETX$:IFX$=EC$THENRETURN
361 GOSUB537
362 PL$(1)="":RETURN
363 FMDRUM6,25:SLEEP10:FMDRUM7,25:SLEEP40:FMDRUM5,44:SLEEP10
364 FMDRUM6,49:SLEEP20:FMDRUM7,38:RETURN
365 GOSUB1085
366 IFCP%=1THENAP%=2
367 IFCP%=2THENAP%=1
368 DM$="GAME WORD AND CLUE FOR YOUR OPPONENT"
369 GOSUB421:DF$=""
370 COLOR13,0:LOCATE7,3:PRINTPL$(AP%);
371 COLOR4:LOCATE8,3:PRINT"ENTER THE FOLLOWING.";
372 IY=12:IX=8:IT=1
373 LOCATE10,5:COLOR4,0:PRINT"ENTER WORD TO PLAY";
374 LOCATE12,4:COLOR1,0:PRINT"==";:COLOR2,0:PRINT"> ";
375 ML=15:COLOR7,4:GOSUB563
376 IFLEN(IS$)<>0THEN378
377 PRINTCHR$(7):LOCATE25,4:PRINT"* MUST ENTER WORD *";:GOTO375
378 COLOR4,0:CLS:COLOR13,0:LOCATE7,3:PRINTPL$(AP%);
379 COLOR4:LOCATE8,3:PRINT"ENTER THE FOLLOWING.";
380 COLOR4,0:HW$=IS$:LOCATE10,5:PRINT"HANG WORD IS: ";
381 COLOR1:PRINTRPT$($7A,LEN(HW$));
382 LOCATE14,5:COLOR4,0:PRINT"ENTER CLUE FOR WORD. (OPTIONAL)";
383 ML=34:IY=17:IX=3:IT=4:COLOR7,4:GOSUB563:HC$=IS$:RETURN
384 DM$="PLAYER NAMES"
385 GOSUB421:DF$=""
386 IY=8:IX=8:IT=4:ML=18:LOCATE6,5:COLOR4,0:PRINT"PLAYER 1 NAME";
387 LOCATE8,4:COLOR1,0:PRINT"==";:COLOR2,0:PRINT"> ";
388 COLOR7,4:GOSUB563:IFIS$=""THENIS$="PLAYER 1"
389 PL$(1)=IS$:PL%(1,1)=0
390 COLOR4,0:LOCATE14,6:PRINT"PLAYER 1 IS: ";:COLOR7,0:PRINTPL$(1);
391 IFCH=1THENDF$="":GOTO397
392 LOCATE6,5:COLOR4,0:PRINT"PLAYER 2 NAME";
393 LOCATE8,4:COLOR1,0:PRINT"==";:COLOR2,0:PRINT"> ";
394 COLOR7,4:GOSUB563:IFIS$=""THENIS$="PLAYER 2"
395 PL$(2)=IS$:DF$="":PL%(2,1)=0
396 COLOR4,0:LOCATE16,6:PRINT"PLAYER 2 IS: ";:COLOR7,0:PRINTPL$(2);
397 SLEEP90:CLS
398 RETURN
399 COLOR4,0:CLS
400 DM$="GETTING RANDOM WORD":GOSUB421
401 LOCATE8,4:PRINT"WORKING...."
402 IFFC%=1THENF=1:GOTO406
403 F=INT(RND(.)*FC%)+1
404 IFFC%>1AND(F=SF%)THEN403
405 SF%=F
406 S$=RIGHT$(STR$(F),LEN(STR$(F))-1)
407 F$="WORDS/HWORDS"+S$+".DAT"+",S,R"
408 OPEN4,8,4,F$
409 INPUT#4,NL$:X=VAL(NL$)
410 IFX<>0THEN412
411 CLOSE4:DM$=" INVALID WORD FILE: "+"WORDS/HWORDS"+S$+".DAT":GOTO1086
412 TL=INT(RND(.)*X)+1
413 IFTL=1THEN418
414 FORX=1TOTL-1
415 INPUT#4,X$
416 LINPUT#4,X$
417 NEXTX
418 INPUT#4,HW$:LINPUT#4,HC$
419 IFLEN(HC$)>40THENHC$=LEFT$(HC$,40)
420 I=FRE(0):CLOSE4:RETURN
421 RECT0,0,XL,YL,$C2:FRAME0,0,XL,YL,5:RECT4,4,XL-4,YL-4,$10
422 RECT10,15,307,214,6:FRAME13,27,304,211,12:RECT15,29,302,209,12
423 CHAR18,25,15,CHR$($0C)+DM$:RETURN
424 COLOR5,6:X=15:Y=8:H=3:W=20:GOSUB529
425 COLOR1:LOCATE9,16:PRINT"BODY PARTS LEFT:";:COLOR7:PRINTBP;
426 RETURN
427 C1=$17:C2=1:C3=$61:C4=$10
428 GOSUB467:FMDRUM7,26:SLEEP5
429 C1=1:C2=$17:C3=$C2:C4=$1E:GOSUB467
430 RETURN
431 X=AL%(3,A):Y=AL%(4,A):W=14:H=14:C1=$14:C2=$12:C3=$11:C4=$10
432 L$=CHR$(LL):GOSUB467
433 AL%(1,A)=1
434 RETURN
435 L=65
436 X=131:Y=97:W=14:H=14:C1=1:C2=$17:C3=$C2:C4=$1E
437 FRAME123,90,261,171,$10
438 RECT124,91,260,170,$C0:RECT126,94,258,168,$06
439 SX=X
440 FORKK=1TO3
441 FORJ=1TO7
442 L$=CHR$(L)
443 GOSUB467
444 I=L-64
445 AL%(1,I)=0
446 AL%(2,I)=L
447 AL%(3,I)=X
448 AL%(4,I)=Y
449 X=X+W+4
450 L=L+1
451 NEXTJ
452 Y=Y+W+4:X=SX
453 NEXTKK
454 X=SX
455 FORJK=1TO5
456 L$=CHR$(L)
457 GOSUB467
458 I=L-64
459 AL%(1,I)=0
460 AL%(2,I)=L
461 AL%(3,I)=X
462 AL%(4,I)=Y
463 X=X+W+4
464 L=L+1
465 NEXTJK
466 RETURN
467 IFH=0THENH=W
468 X1=X+1:XW=X+W:YW=Y+H:Y1=Y+1
469 Y5=YW-1:X5=XW-1
470 LINEX,Y,XW,Y,C1
471 LINEX1,Y1,X5,Y1,C1
472 LINEXW,Y,XW,YW,C1
473 LINEX5,Y1,X5,Y5,C1
474 LINEX,Y,X,YW,C2
475 LINEX1,Y1,X1,Y5,C2
476 LINEX,YW,X,YW,C2
477 LINEX,YW,X5,YW,C2
478 LINEX,Y5,XW-2,Y5,C2
479 RECTX+2,Y+2,XW-2,YW-2,C3
480 CHARX+3,YW-3,C4,L$
481 IFH=WTHENH=0
482 RETURN
483 WR=RA:X=0:D=2*(1-RA):W=INT(2*320/240)
484 IFXS<0ORXS>1THENXS=1
485 IFYS<0ORYS>1THENYS=1
486 IFWR<0THEN520
487 DX=X*XS:DY=WR*YS
488 ZX=CX-DX
489 ZY=CY-DY
490 AX=CX+DX
491 AY=CY+DY
492 IFFI=1THEN502
493 IFZX<0ORZX>XLORZY<0ORZY>YLORQ1=0THEN495
494 PSETZX,ZY,CC
495 IFAX<0ORAX>XLORZY<0ORZY>YLORQ2=0THEN497
496 PSETAX,ZY,CC
497 IFZX<0ORZX>XLORAY<0ORAY>YLORQ3=0THEN499
498 PSETZX,AY,CC
499 IFAX<0ORAX>XLORAY<0ORAY>YLORQ4=0THEN517
500 PSETAX,AY,CC
501 GOTO517
502 X1=ZX:X2=AX
503 IF(Q1=0ANDQ2=O)ORX1>XLTHEN510
504 IFZY<0ORZY>YLTHEN510
505 IFX1<0THENX1=0
506 IFX2>XLTHENX2=XL
507 IFQ1=0THENX1=CX
508 IFQ2=0THENX2=CX
509 LINEX1,ZY,X2,ZY,CC
510 IF(Q3=0ANDQ4=0)ORZX>XLTHEN517
511 IFAY<0ORAY>YLTHEN517
512 IFZX<0THENZX=0
513 IFAX>XLTHENAX=XL
514 IFQ3=0THENZX=CX
515 IFQ4=0THENAX=CX
516 LINEZX,AY,AX,AY,CC
517 IF(D+RA)>0THENWR=WR-1:D=D-W*WR-1
518 IFX>DTHENX=X+1:D=D+2*X+1
519 GOTO486
520 RETURN
521 WR=RA:G=0:D=2*(1-RA):W=INT(2*320/240)
522 IFWR<0THEN528
523 LINECX-G,CY-WR,CX+G,CY-WR,CC
524 LINECX-G,CY+WR,CX+G,CY+WR,CC
525 IF(D+RA)>0THENWR=WR-1:D=D-W*WR-1
526 IFG>DTHENG=G+1:D=D+2*G+1
527 GOTO522
528 RETURN
529 LOCATEY,X
530 PRINTCHR$($6F);RPT$($A3,W-2);CHR$($70);
531 IFH=2THEN535
532 FORII=1TOH-2
533 LOCATEY+II,X:PRINTCHR$($A5);RPT$(32,W-2);CHR$($A7);
534 NEXTII
535 LOCATEY+H-1,X:PRINTCHR$($6C);RPT$($A4,W-2);CHR$($BA);
536 RETURN
537 GOSUB551
538 DM$=" HIT ANY KEY TO CONTINUE ":GOSUB859
539 P1=$FE:G%=0:B%=0
540 GOSUB591
541 GETX$
542 IFMB<>0THENX$="A"
543 IFX$<>""THEN550
544 R%=RND(1)*15+1
545 B%=RND(1)*6
546 IFMB<>0THENX$="A":GOTO543
547 J=3
548 GOSUB909
549 GOTO541
550 FMINIT:GOSUB1085:RETURN
551 DM$=PL$(CP%)+" HAS DIED":GOSUB859
552 P1=$24:P2=$FF:J=4:GOSUB904
553 P1=$3B:P2=$FE:J=4:GOSUB904
554 P1=$01:J=3:GOSUB904
555 P1=$3A:J=1:GOSUB904
556 P1=$15:J=3:GOSUB904
557 P1=$3B:J=4:GOSUB904
558 P1=$23:P2=$FF:J=6:GOSUB904
559 P1=$B8:J=5:GOSUB904
560 P1=$BF:GOSUB904
561 P1=$C0:GOSUB904
562 RETURN
563 GETX$:IFX$<>""THEN563
564 IS$=DF$:ID=0
565 GOSUB588
566 IFIS$<>""THENPRINTIS$;
567 GETX$:IFX$=""THEN567
568 C=ASC(X$)
569 IFWL=MLTHEN
570 AC=0
571 IF(IT<>2ORIT=3)ANDC>=65ANDC<=90THENAC=1
572 IF(IT=2ORIT=4ORIT=3)ANDC>=48ANDC<=57THENAC=1
573 IF(IT=2)ANDC=46ANDID=0THENAC=1:ID=1
574 IF(IT=4)ANDC=32THENAC=1:
575 IF(IT=4)AND(C>=35ANDC<=47)THENAC=1
576 IF(IT=4)AND(C>=58ANDC<=63)THENAC=1:
577 IFC=13THENRETURN
578 IFAC=1ANDLEN(IS$)<MLTHENPRINTCHR$(C);:IS$=IS$+CHR$(C):FMDRUM7,26
579 IFAC=1ANDLEN(IS$)<MLTHEN567
580 IFC<>20THEN587
581 IFLEN(IS$)=0THENFMDRUM7,87
582 IFLEN(IS$)=1ORLEN(IS$)=0THENIS$="":GOSUB588:GOTO567
583 I=LEN(IS$)-1
584 IFRIGHT$(IS$,1)="."ANDIT=2THENID=0
585 IS$=LEFT$(IS$,I)
586 GOSUB588:PRINTIS$;:FMDRUM7,26:GOTO567
587 FMDRUM7,87:GOTO567
588 LOCATEIY,IX:FORI=1TOML+1:PRINT" ";:NEXTI
589 LOCATEIY,IX
590 RETURN
591 GETX$:IFX$<>""THEN591
592 RETURN
593 F$="HANGBG.DAT":GOSUB854
594 IFNOTFE%THEN598
595 GOSUB930
596 BVLOADF$,8,0,0
597 GOSUB931:GOSUB956:GOTO640
598 J=3:XL=319:YL=239:XS=1:YS=1
599 P1=$C0:P2=$F2:GOSUB927
600 R%=0:G%=0:B%=1:GOSUB892
601 DM$="THE SKY":GOSUB858
602 RECT0,0,XL,YL,$C0
603 P1=$F2:P2=$C0:GOSUB904
604 P1=$C0:P2=$10:GOSUB927
605 P1=7:P2=$F1:GOSUB927
606 P1=$C0:P2=7:GOSUB927
607 CX=5:CY=4:CC=$10:FI=1:XS=1:YS=1:Q1=1:Q2=1
608 Q3=1:Q4=1:RA=32:GOSUB483
609 CC=$07:CX=5:CY=4:RA=30:FI=1
610 RA=30:GOSUB483:FI=0:C=7
611 LINE2,37,2,44,C:LINE6,37,6,44,C:LINE9,37,10,44,C
612 LINE12,36,14,43,C:LINE15,35,17,42,C:LINE18,34,21,41,C
613 LINE20,33,24,39,C:LINE22,31,27,37,C:LINE24,28,29,35,C
614 LINE27,25,32,32,C:LINE30,23,35,29,C:LINE32,21,37,26,C
615 LINE33,19,39,23,C:LINE35,17,41,20,C:LINE36,15,43,17,C
616 LINE37,12,44,14,C:LINE38,10,45,11,C:LINE39,7,45,8,C
617 LINE39,4,45,5,C:LINE39,1,46,2,C
618 P1=0:P2=$10:J=3:GOSUB904:P1=$F1:P2=7:GOSUB904
619 GOSUB656:GOSUB656:GOSUB656
620 DM$="GRASS":GOSUB858
621 P1=105:P2=$F2:GOSUB927:P2=P1:P1=$C0:GOSUB927
622 P1=$85:P2=$F3:GOSUB927:P2=P1:P1=$C0:GOSUB927
623 RECT0,180,XL,YL,$85
624 FORY=161TO179
625 LINE0,Y,40,179,105
626 NEXTY
627 FORY=180TO150STEP-1
628 LINE288,179,XL,Y,105
629 NEXTY
630 J=5:P2=$85:P1=$F3:GOSUB904
631 P2=105:P1=$F2:GOSUB904
632 COLOR1
633 FORI=1TO550
634 X1=INT(RND(.)*310)+5
635 Y1=INT(RND(.)*60)+180:IFY1>YLTHEN635
636 GOSUB648
637 NEXTI
638 IFNOTLS%THEN640
639 F$="BACKGROUND SCREEN":GOSUB641
640 RETURN
641 DM$="SAVING: "+F$:GOSUB859
642 IFF$="BACKGROUND SCREEN"THENFF$="@:HANGBG.DAT,P,W":GOTO644
643 FF$="@:"+F$+",P,W"
644 OPEN2,8,2,FF$
645 POKE$30C,2:POKE$30D,$00:POKE$30E,$96
646 POKE$9F25,0:POKE$9F20,$00:POKE$9F21,$00:POKE$9F22,$10:SYS$700
647 CLOSE2:RETURN
648 GOSUB655
649 LINEX1,Y1,X1-4,Y1-5,GC:GOSUB655
650 LINEX1,Y1,X1-3,Y1-3,GC:GOSUB655
651 LINEX1,Y1,X1,Y1-5,GC:GOSUB655
652 LINEX1,Y1,X1+3,Y1-3,GC:GOSUB655
653 LINEX1,Y1,X1+4,Y1-5,GC
654 RETURN
655 GC=INT(RND(.)*24)+$60:RETURN
656 DM$="CLOUDS":GOSUB858
657 H=INT(RND(.)*(200))+45
658 HL=INT(RND(.)*30)+30
659 V=INT(RND(.)*30)+6
660 VB=INT(RND(.)*11)+7
661 FORY=VTOV+VBSTEP3
662 FORX=HTOH+HLSTEP4
663 RA=INT(RND(.)*5)+3
664 CC=INT(RND(.)*4)+$1C
665 CX=X
666 CY=INT(RND(.)*4)+(Y-4):IF(CY-RA)<0THEN663
667 GOSUB521
668 NEXTX
669 NEXTY
670 RETURN
671 DM$="THE GALLOWS":GOSUB858
672 FRAME189,195,285,208,$10
673 FRAME188,194,285,211,$10
674 LINE189,210,285,210,$10
675 PSET189,209,$10:PSET284,206,$10:PSET284,209,$10
676 FRAME275,21,285,207,$10:FRAME276,22,284,205,$10
677 FRAME67,20,285,30,$10:FRAME68,21,284,29,$10
678 RECT71,30,79,33,$10:RECT190,196,283,209,$53
679 RECT277,23,283,209,$53:RECT69,22,283,28,83
680 RETURN
681 DM$="THE NOOSE":GOSUB858
682 FI=0:XS=1
683 LINE73,33,73,53,16
684 LINE77,33,77,53,16
685 RECT74,34,76,53,87
686 FORY=38TO53STEP3
687 LINE73,Y,77,Y-3,$10
688 NEXTY
689 FRAME71,53,80,68,16
690 RECT72,54,79,68,87
691 FORY=56TO68STEP4
692 LINE72,Y,79,Y-4,$10
693 NEXTY
694 RA=24:CX=75:CY=79:CC=$10
695 YS=.38:Q1=1:Q2=1:Q3=1:Q4=1:YS=.38
696 GOSUB483:RA=25:GOSUB483
697 RA=24:GOSUB483:RA=23:GOSUB483
698 RA=19:GOSUB483:RA=18:GOSUB483
699 CC=87
700 FORX=20TO23STEP.6
701 RA=X:GOSUB483
702 NEXTX
703 RETURN
704 DM$="A TROUBLED FACE":GOSUB858
705 CX=58:CY=60:RA=6:XS=.4:YS=1:CC=$10
706 Q1=1:Q2=0:Q3=1:Q4=0
707 GOSUB483:RA=RA-1:GOSUB483:RA=RA-1:GOSUB483
708 FI=1:CC=$25:GOSUB483
709 FI=0:CX=90:RA=6:CC=$10
710 Q1=0:Q2=1:Q3=0:Q4=1
711 GOSUB483:RA=RA-1:GOSUB483:RA=RA-1:GOSUB483
712 FI=1:CC=$25:GOSUB483
713 LINE93,58,93,62,$10
714 Q1=1:Q2=Q1:Q3=Q1:Q4=Q1
715 LINE67,76,67,84,$10:LINE66,76,66,84,$10
716 LINE67,87,67,90,$10:LINE66,87,66,90,$10:LINE82,76,82,84,$10
717 LINE83,76,83,84,$10:LINE82,87,82,90,$10:LINE83,87,83,90,$10
718 RECT68,76,81,84,$25:RECT68,89,81,90,$25
719 RA=20:XS=.8:FI=1
720 CC=$10:CX=74:CY=63
721 GOSUB483:RA=RA-1:GOSUB483
722 RA=RA-2:CY=CY+1:CC=$FF:FI=1:GOSUB483
723 XS=1:YS=XS
724 CY=CY-6:CX=CX-6:RA=3:CC=$FE:GOSUB521
725 PSETCX+4,CY,$FF:GOSUB737
726 CX=CX+12:GOSUB521
727 PSETCX+4,CY,$FF:GOSUB737:CX=74:CY=63
728 LINECX-1,CY,CX-2,CY+6,$10:LINECX+1,CY,CX+2,CY+6,$10
729 LINECX,CY,CX-1,CY+6,$23:LINECX,CY,CX+1,CY+6,$23
730 LINECX,CY+3,CX,CY+6,$22
731 Q3=0:Q4=0:CC=$10:CY=CY+13:YS=.35:RA=6:FI=0
732 GOSUB483
733 CY=CY+1:CC=$31:GOSUB483
734 CY=CY+1:CC=$10:GOSUB483
735 Q3=1:Q4=1:YS=1
736 RETURN
737 PSETCX,CY,$10:PSETCX-1,CY,$10:PSETCX,CY+1,$10:PSETCX-1,CY+1,$10
738 RETURN
739 DM$="TORSO":GOSUB858
740 LINE82,90,105,93,$10:LINE83,91,105,94,$10
741 LINE68,90,42,93,$10:LINE69,91,42,94,$10
742 LINE67,90,74,105,$10:LINE83,90,74,105,$10
743 FORX=81TO68STEP-1
744 LINE75,103,X,90,$25
745 NEXTX
746 LINE74,105,72,110,$10:LINE72,110,72,141,$10
747 LINE72,141,53,144,$10:LINE53,144,53,108,$10
748 RECT71,140,54,103,$08:LINE54,141,68,141,$08
749 LINE54,142,62,142,$08:LINE54,143,56,143,$08
750 PSET65,91,$10
751 LINE72,102,72,108,$08:LINE73,104,73,106,$08
752 PSET74,109,$08
753 RECT47,107,68,94,$08:RECT69,96,69,99,$08
754 RECT42,107,48,95,$08:LINE56,93,67,93,$08:PSET55,92,$10:PSET64,91,$10
755 LINE65,92,67,92,$08:RECT68,100,71,102,$08:LINE70,98,70,100,$08
756 RECT73,110,91,140,$08:RECT75,105,91,109,$08:RECT88,94,101,106,$08
757 RECT81,95,105,106,$08:LINE80,96,80,105,$08
758 LINE79,98,79,105,$08:LINE78,100,78,105,$08:LINE77,101,77,105,$08
759 LINE76,103,76,105,$08:LINE74,103,75,103,$10
760 PSET76,101,$10:PSET73,101,$10:PSET72,99,$10:PSET71,97,$10
761 PSET70,95,$10:PSET69,93,$10:PSET81,92,$10:PSET80,94,$10
762 PSET80,96,$10:PSET78,97,$10:PSET77,99,$10
763 LINE76,100,76,103,$10:RECT82,94,93,93,$08:LINE83,92,86,92,$08
764 LINE74,107,74,108,$08:PSET73,109,$10:PSET73,141,$10:LINE76,141,91,141,$08
765 LINE81,142,91,142,$08:LINE89,143,91,143,$08:LINE74,141,92,144,$10
766 LINE92,144,92,107,$10:PSET73,141,$10
767 CC=16:RA=1.2:CX=75:FI=1
768 FORCY=113TO143STEP8
769 GOSUB483
770 NEXTCY
771 LINE58,108,68,108,$10:LINE58,108,58,116,$10
772 LINE68,108,68,116,$10:Q1=0:Q2=0:Q3=1:Q4=1:RA=4.5:XS=1:YS=.6
773 CX=63:CY=116:CC=$10:FI=0
774 GOSUB483
775 X$="P-"+RIGHT$(STR$(CP%),LEN(STR$(CP%))-1)
776 CHAR57,106,$10,X$
777 RETURN
778 Q1=0:Q2=1:Q3=0:Q4=0:FI=0
779 DM$="LEFT ARM":GOSUB858
780 XSQUISH=.52:RA=16:CC=$10:CY=116:CX=92
781 GOSUB483:RA=RA+.6:GOSUB483:RA=RA-1:GOSUB483
782 XSQUISH=.28:CX=106:CY=105:FI=0:GOSUB483
783 FORL=1TO3:RA=RA+.5:GOSUB483:NEXTL
784 CC=$08:Q1=0:Q2=1:Q3=0:Q4=0:FI=1:RA=RA-2.5:GOSUB483
785 RECTCX-1,CY-3,CX+2,CY-7,$08
786 LINE99,113,99,133,$10:LINE111,102,111,133,$10
787 RECT100,102,110,133,$08:LINE99,107,99,109,$08
788 LINE98,108,101,108,$08:LINE97,107,100,107,$08:PSET94,107,$0E
789 LINE99,134,111,134,$10:LINE101,134,101,143,$10:LINE101,143,103,143,$10
790 LINE102,142,102,139,$25:LINE103,144,103,140,$10
791 LINE103,145,105,145,$10:LINE104,144,104,139,$25
792 LINE105,146,105,140,$10:LINE105,146,107,146,$10
793 LINE106,145,106,139,$25:LINE107,146,107,140,$10
794 LINE107,145,109,145,$10:LINE108,144,108,139,$25
795 LINE109,145,109,134,$10:RECT102,139,108,135,$25
796 RETURN
797 Q1=1:Q2=0:Q3=0:Q4=0:FI=0
798 XSQUISH=.52:RA=16:CC=$10:CY=118:CX=54
799 DM$="RIGHT ARM":GOSUB858
800 GOSUB483:RA=RA+.6:GOSUB483:RA=RA-1:GOSUB483
801 LINE54,107,54,109,$08:XSQUISH=.43:CX=42:CY=105:FI=0
802 GOSUB483
803 FORL=1TO3:RA=RA+.3:GOSUB483:NEXTL
804 CC=$08:Q1=1:Q2=0:Q3=0:Q4=0:FI=1:RA=RA-3
805 GOSUB483:FI=0
806 RECTCX-4,CY-8,CX+3,CY+6,$08:RECTCX-4,CY-4,CX,CY+6,$08
807 LINE34,102,34,133,$10:LINE46,115,46,133,$10
808 RECT35,102,45,133,$08:LINE34,134,46,134,$10
809 LINE46,CY,46,CY+6,$08:LINE47,CY,47,CY+5,$08
810 RECT47,CY,49,CY+3,$08:LINE51,CY+4,52,CY+4,$0E
811 PSET48,CY+4,$08
812 LINE44,134,44,143,$10:LINE44,143,42,143,$10
813 LINE43,142,43,139,$25:LINE42,140,42,145,$10
814 LINE42,145,40,145,$10:LINE41,144,41,139,$25
815 LINE40,146,40,140,$10:LINE40,146,38,146,$10
816 LINE39,145,39,139,$25:LINE38,146,38,140,$10
817 LINE38,145,36,145,$10:LINE37,144,37,139,$25
818 LINE36,145,36,134,$10:RECT43,139,37,135,$25
819 RETURN
820 DM$="RIGHT LEG":GOSUB858
821 Q1=1:Q2=0:Q3=0:Q4=0:FI=0
822 CC=$10:CX=74:CY=159:RA=8:XS=.43:YS=.6
823 GOSUB483
824 LINE70,159,70,192,$10:LINE55,145,53,192,$10
825 LINE53,193,70,193,$10:RECT56,145,69,192,$46
826 LINE55,157,55,192,$46:LINE54,181,54,192,$46
827 LINE57,144,71,144,$46:RECT69,142,71,154,$46
828 RECT72,142,73,153,$46:LINE63,143,68,143,$46:PSET70,155,$46
829 Q1=1:Q2=1:Q3=1:Q4=1:RA=20:XS=.35:CC=$10:FI=1:CX=62:CY=208
830 GOSUB483:RA=RA+1:FI=0:CC=$12:GOSUB483:FI=1
831 XS=.38:CY=204:CC=$1C:RA=11:GOSUB483
832 RA=RA+1:CC=$12:FI=0:GOSUB483
833 LINE57,193,57,202,$10:LINE66,193,66,202,$10
834 RECT58,194,65,200,$1C
835 RETURN
836 Q1=0:Q2=1:Q3=0:Q4=0
837 CC=$10:CX=74:CY=159:RA=8
838 DM$="LEFT LEG":GOSUB858:GOSUB483
839 LINE77,157,77,192,$10:LINE90,145,92,192,$10
840 LINE77,193,92,193,$10:RECT78,145,89,192,$46
841 LINE90,157,90,192,$46:LINE91,181,91,192,$46
842 LINE74,144,88,144,$46:RECT76,143,79,155,$46
843 RECT74,142,76,153,$46:LINE74,143,82,143,$46
844 LINE77,154,77,156,$46
845 Q1=1:Q2=1:Q3=1:Q4=1:RA=20:XS=.35:CC=$10:FI=1
846 CX=85:CY=208
847 GOSUB483
848 RA=RA+1:FI=0:CC=$12:GOSUB483:FI=1
849 XS=.38:CY=204:CC=$1C:RA=11:GOSUB483
850 RA=RA+1:CC=$12:FI=0:GOSUB483
851 LINE80,193,80,202,$10:LINE89,193,89,202,$10
852 RECT81,194,88,200,$1C
853 RETURN
854 X$=F$:FE%=0:X$=X$+",S,R"
855 OPEN2,8,2,X$:CLOSE2
856 OPEN15,8,15:INPUT#15,X,X$
857 CLOSE15:FE%=(X<=20):RETURN
858 DM$=" DRAWING: "+DM$
859 COLOR1,0:GOSUB862
860 LOCATE30,1:PRINTDM$;
861 RETURN
862 LOCATE30,1:PRINTRPT$(32,39);
863 RETURN
864 L=LEN(WD$):SX=X
865 OB=PEEK(1):BANKPEEK(0),6
866 FORK=1TOL
867 CC=ASC(MID$(WD$,K,1))
868 IF(CC>=64ANDCC<=90)OR(CC>=193ANDCC<=218)THENAA=64:GOTO870
869 AA=0
870 CA=$C000+8*(CC-AA)
871 FORI=1TO8
872 CM(I)=PEEK(CA+(I-1)):CM$(I)=""
873 NEXTI
874 IFDC$=""THENDC$=CHR$(CC)
875 TD=8
876 IFCC=32THENTD=5
877 FORJ=1TOTD
878 RESTORE932
879 FORCT=1TO8
880 READCP
881 IF(CPANDCM(J))THENCM$(J)=CM$(J)+DC$:GOTO883
882 CM$(J)=CM$(J)+CHR$(32)
883 NEXTCT
884 LOCATEY+(J-1),X:IFUC=1THENCOLORTC%(1,J),TC%(2,J)
885 PRINTCM$(J);
886 NEXTJ
887 IFDC$=CHR$(CC)THENDC$=""
888 X=X+TD
889 NEXTK
890 X=SX:BANKPEEK(0),OB
891 RETURN
892 A=P1*2:GB%=(G%*16)+B%
893 A=A+$FA00
894 SLEEP:VPOKE1,A,GB%
895 A=A+1
896 SLEEP:VPOKE1,A,R%
897 RETURN
898 A1=$FA00+(P1*2)
899 R%=VPEEK(1,A1+1)
900 GB%=VPEEK(1,A1)
901 G%=GB%/16
902 B%=GB%AND$0F
903 RETURN
904 GOSUB898
905 P3=P1:P1=P2
906 GOSUB909
907 P1=P3
908 RETURN
909 DR%=R%:DG%=G%:DB%=B%
910 GOSUB898
911 RI=1:IFDR%<R%THENRI=-1
912 GI=1:IFDG%<G%THENGI=-1
913 BI=1:IFDB%<B%THENBI=-1
914 IFDR%<>R%THENR%=R%+RI
915 IFDG%<>G%THENG%=G%+GI
916 IFDB%<>B%THENB%=B%+BI
917 GOSUB892
918 SLEEPJ
919 IFDR%=R%ANDDG%=G%ANDDB%=B%THEN921
920 GOTO914
921 RETURN
922 A1=$FA00+(P1*2):A2=$FA00+(P2*2)
923 B1=VPEEK(1,A1):B2=VPEEK(1,A1+1):B3=VPEEK(1,A2):B4=VPEEK(1,A2+1)
924 VPOKE1,A1,B3:VPOKE1,A1+1,B4
925 VPOKE1,A2,B1:VPOKE1,A2+1,B2
926 RETURN
927 VPOKE1,$FA00+(P2*2),VPEEK(1,$FA00+(P1*2))
928 VPOKE1,$FA00+(P2*2)+1,VPEEK(1,$FA00+(P1*2)+1)
929 RETURN
930 FORA=$FA00TO$FBFF:VPOKE1,A,0:NEXTA:RETURN
931 BVLOADPF$,8,1,$FA00:RETURN
932 DATA 128,64,32,16,8,4,2,1,0
933 DATA "O4V63I0CO3V50I18CV50I18E-V50I18G",60,"O4CO3E-G-B-",45,"O4C",15
934 DATA "O4CO3CE-G",60,"RE-G-B-",60,"O4CO3CE-G",60,"O4CO3E-G-B-",45
935 DATA "O4C",15,"O4CO3CE-G",60,"RE-G-B-",60,"O4CO3CE-G",60
936 DATA "O4CO3E-G-B-",45,"O4C",15,"O4CO3CE-G",60,"O4E-O3E-G-B-",45,"O4D",12
937 DATA "E-",3,"O4DO3CE-G",45,"O4C",15,"O4CO3E-G-B-",45,"O4C",15
938 DATA "O4CO3CE-G",60,"RE-G-B-",60,"",0
939 DATA 32,40,192,48,32,55,238,62,32,72,143,80,32,88,143,96,32,104,214,110
940 DATA 28,155,62,170,201,195,219,207,226,195,244,207
941 FMINIT:XL=319:YL=239:UC%=-1
942 I$="SHOWCLUE":GOSUB967
943 IFI$="OFF"THENUC%=0
944 Q1=1:Q2=1:Q3=1:Q4=1:XS=1:YS=1:MW%=20:MC%=35
945 GOSUB963
946 MC$(1)="PLAYER VS COMPUTER"
947 MC$(2)="2 PLAYER. COMPUTER PICKS"
948 MC$(3)="HEAD TO HEAD"
949 MC$(4)="DRAWING DEMO"
950 MC$(5)="EXIT TO COMMANDER X16"
951 DI$(1)="EASY":DI$(2)="MEDIUM":DI$(3)="HARD"
952 RESTORE939
953 FORI=1TO8:FORC=1TO4
954 READPC%(I,C)
955 NEXTC:NEXTI
956 P1=$25:P2=$FF:GOSUB927
957 P1=1:P2=$FE:GOSUB927
958 P1=$3B:P2=$FD:GOSUB927
959 P1=$C0:P2=5:GOSUB927
960 P1=$10:P2=4:GOSUB927
961 P1=$1A:P2=12:GOSUB927
962 RETURN
963 FORI=65TO90
964 AL%(1,I-64)=0:AL%(2,I-64)=I
965 NEXTI
966 RETURN
967 I=1
968 IFNN$(I)=I$THENI$=NV$(I):RETURN
969 I=I+1
970 IFI>NV%THENI$="":RETURN
971 GOTO968
972 NV%=0:FV%=0
973 GOSUB854
974 IFNOTFE%THENRETURN
975 FF$=F$+",S,R"
976 OPEN4,8,4,FF$
977 LINPUT#4,S$
978 GOSUB1024
979 GOSUB1014
980 IFLEFT$(S$,4)="REM "ORS$=""ORS$="REM"THEN986
981 PRINT".";
982 GOSUB990
983 IFTN$=""THEN986
984 NV%=NV%+1
985 NN$(NV%)=TN$:NV$(NV%)=TV$
986 IFST=0ANDNV%<20THEN977
987 CLOSE4
988 FV%=(NV%>0)
989 PRINT:RETURN
990 SC$="":TN$="":TV$=""
991 J=1
992 T$=MID$(S$,J,1)
993 IFT$="="THEN997
994 SC$=SC$+T$
995 J=J+1:IFJ>LEN(S$)THEN1008
996 GOTO992
997 J=J+1
998 TT$=S$
999 S$=SC$
1000 SC$=""
1001 GOSUB1039
1002 TN$=S$
1003 S$=TT$
1004 T$=MID$(S$,J,1)
1005 SC$=SC$+T$
1006 J=J+1:IFJ>LEN(S$)THEN1008
1007 GOTO1004
1008 TT$=S$
1009 S$=SC$
1010 GOSUB1024
1011 TV$=S$
1012 S$=TT$
1013 RETURN
1014 IFS$=""THENRETURN
1015 SC$=""
1016 FORI=1TOLEN(S$)
1017 T$=MID$(S$,I,1)
1018 C1=ASC(T$)
1019 IFC1>=97ANDC1<=122THENC1=C1-32
1020 SC$=SC$+CHR$(C1)
1021 NEXTI
1022 S$=SC$
1023 RETURN
1024 GOSUB1027
1025 GOSUB1039
1026 RETURN
1027 IFS$=""THENRETURN
1028 I=1:C1=0
1029 T$=MID$(S$,I,1)
1030 X=ASC(T$)
1031 IFX>32THEN1036
1032 C1=C1+1
1033 I=I+1
1034 IFI>LEN(S$)THEN1036
1035 GOTO1029
1036 IFC1=LEN(S$)THENS$=""
1037 IFC1>0ANDC1<LEN(S$)THENS$=MID$(S$,C1+1,LEN(S$)-C1)
1038 RETURN
1039 IFS$=""THENRETURN
1040 I=LEN(S$):C1=0
1041 T$=MID$(S$,I,1)
1042 X=ASC(T$)
1043 IFX>32THEN1048
1044 C1=C1+1
1045 I=I-1
1046 IFI<1THEN1048
1047 GOTO1041
1048 IFC1=LEN(S$)THENS$=""
1049 IFC1>0ANDC1<LEN(S$)THENS$=MID$(S$,1,LEN(S$)-C1)
1050 RETURN
1051 BANKPEEK(0),0
1052 RV=PEEK($FF80)
1053 IFRV>=45THEN1056
1054 IFRV<=-45THEN1056
1055 RETURN
1056 EDITF$
1057 RETURN
1058 PF$="DPAL.BIN"
1059 I$="PALFILE":GOSUB967
1060 IFI$<>""THENPF$=I$
1061 F$="BVSAVE700.BIN":GOSUB1081
1062 GOSUB854
1063 IFFE%THENPRINT" LOADING ";F$:BLOAD"BVSAVE700.BIN",8,1,$0700
1064 LS%=FE%:F$=PF$:GOSUB1081
1065 GOSUB854
1066 IFFE%THEN1069
1067 IFPF$<>"DPAL.BIN"THENPRINT" ";PF$;"NOT FOUND":PF$="DPAL.BIN":GOTO1064
1068 DM$=" MISSING DPAL.BIN":GOTO1086
1069 GOSUB1073
1070 IFFC%>=1THEN1072
1071 DM$=" HWORD*.DAT FILES ARE MISSING":GOTO1086
1072 RETURN
1073 FC%=0
1074 FC%=FC%+1
1075 SF$=RIGHT$(STR$(FC%),LEN(STR$(FC%))-1)
1076 SF$=SF$+".DAT":F$="WORDS/HWORDS"+SF$
1077 GOSUB854
1078 IFFE%THENPRINT" FOUND:";:GOSUB1081:GOTO1074
1079 FC%=FC%-1
1080 PRINT" ";FC%;" WORD FILES FOUND!":RETURN
1081 PRINT" ";F$:RETURN
1082 GETX$:IFX$<>""THEN1082
1083 GETX$:IFX$=""ANDMB=0THEN1083
1084 RETURN
1085 COLOR1,0:CLS:RECT0,0,XL,YL,$10:RETURN
1086 P1=5:R%=0:G%=14:B%=2:GOSUB892
1087 P1=15:R%=2:G%=2:GOSUB892
1088 COLOR5,15:PRINT:PRINT:PRINT" ERROR ENCOUNTERED":PRINT" ";DM$:END
1089 GOSUB931:LOAD"CREDITS.PRG"
READY.



SEARCHING FOR HANGMANT.PRG
LOADING FROM $ TO $
READY.


1 POKE$30C,4:SYS$FF62
2 DIMA$(20),A0$(20),A%,A1%
3 SCREEN$80:RECT0,0,319,239,$C2
4 COLOR$01:PRINTCHR$($0D);" HANGMAN INITIALIZATION...":MOUSE1
5 A2$="HANGMAN.INI"
6 SLEEP15
7 GETA3$:IFASC(A3$)=133THENGOSUB1056:CLR:GOTO2
8 PRINT" READING: ";A2$;
9 GOSUB977
10 A4$="USEZSM":GOSUB972
11 IFA4$="OFF"THENA5%=0:GOTO31
12 PRINT" CHECKING ZSMKIT"
13 A2$="ZSMKIT8C00.BIN":GOSUB859
14 IFA6%THENPRINT" ZSMKIT FOUND"
15 IFA6%THEN18
16 PRINT" ZSMKIT NOT FOUND.":A5%=0
17 GOTO31
18 PRINT" ADJUSTING RAM"
19 POKE$30F,1:SYS$FF99
20 POKE$30D,$00:POKE$30E,$8C
21 POKE$30F,0:SYS$FF99
22 CLR
23 A5%=-1
24 PRINT" LOADING ZSMKIT"
25 BLOAD"ZSMKIT8C00.BIN",8,1,$8C00
26 PRINT" DONE..."
27 DIMA$(20),A0$(20),A%,A1%
28 A2$="HANGMAN.INI"
29 PRINT" REREADING: ";A2$
30 PRINT" (AFTER CLR).";:GOSUB977
31 PRINT" INITIALIZING VARIABLES"
32 DIMA7%(2,8),A8%(4,26),A9%(8,4),AA$(5),AB$(3),AC%(2,1),AC$(2),AD%(2)
33 AE%=-1:GOSUB946
34 PRINT" DONE..";CHR$($0D);" CHECKING NECESSARY FILES":GOSUB1063
35 PRINT" DONE...";CHR$($0D);" BASIC RAM FREE:";FRE(0):SLEEP240
36 GOSUB935:COLOR1,0:CLS:GOSUB936:GOSUB961
37 BVLOAD"SPLASHBACK.IMG",8,0,0:AF=$08:AG=$DF:GOSUB932:SLEEP15
38 BVLOAD"SPLASH.IMG",8,0,0:GOSUB68
39 RECT61,183,254,208,$1B:FRAME61,183,254,208,$12
40 CHAR75,194,$C3,CHR$($0C)+CHR$($12)+" THE CLASSIC WORD GAME "
41 CHAR62,205,$C4,CHR$($0C)+CHR$($12)+" NOW ON THE COMMANDER X16 "
42 CHAR6,222,$01,CHR$($06)+"CODED IN BASIC":CHAR6,232,$01,CHR$($06)+"2023... ANTHONY HENRY"
43 CHAR190,222,$1F,CHR$($06)+"MANY CONTRIBUTORS":CHAR212,232,$1D,CHR$($06)+"(See Credits)"
44 GOSUB80:GOSUB138:SLEEP60
45 AH$=CHR$(255):GOSUB65:GOSUB74:GOSUB75
46 RESTORE938:AI=0
47 READAJ$,AK:IFAK=0THEN46
48 FMCHORD0,AJ$
49 FORA4=1TOAK:GETA3$:IFA3$<>""ORMB<>0THENAI=1:IFA3$=CHR$(27)THENA4=AK
50 GOSUB75:NEXTA4
51 IFA3$=CHR$(27)THEN64
52 IFAI=1THENAI=0:GOTO54
53 GOTO47
54 FORA3=1TO31
55 LOCATE1,1:PRINTCHR$(145)
56 READAJ$,AK:IFAK=0THENRESTORE938:GOTO56
57 FMCHORD0,AJ$:FORA4=1TOAK:GOSUB75:NEXTA4
58 GETA3$:IFA3$=CHR$(27)THENCLS:A3=31
59 NEXTA3
60 IFA3$=CHR$(27)THEN64
61 READAJ$,AK:IFAK=0THEN64
62 FMCHORD0,AJ$:SLEEPAK:GETA3$:IFA3$=CHR$(27)THEN64
63 GOTO61
64 FMINIT:CLS:SLEEP75:GOSUB1090:GOSUB961:GOTO150
65 A3=5:AL=5:AM=1:AN$="H"+CHR$(193)+CHR$(206)+CHR$(199):GOSUB869
66 A3=8:AL=14:AN$="M"+CHR$(193)+CHR$(206):GOSUB869
67 RETURN
68 AO=0:AP=0:AQ=AR:AS=AT:AU=$1A
69 FORAV=1TO5
70 FRAMEAO,AP,AQ,AS,AU
71 AO=AO+1:AQ=AQ-1:AP=AP+1:AS=AS-1:AU=AU-2
72 NEXTAV
73 RETURN
74 AF=13
75 IFAF=2THENAG=13:GOTO77
76 AG=AF-1
77 GOSUB927
78 AF=AF-1:IFAF<2THENAF=13
79 RETURN
80 AF=$58:AG=13
81 GOSUB932
82 AG=AG-1:AF=AF-1
83 IFAG>1THEN81
84 AF=$34:AG=10:GOSUB932:AF=1:AG=11:GOSUB932
85 AF=$C7:AG=12:GOSUB932
86 FORA4=2TO9:A7%(2,A4-1)=0:A7%(1,A4-1)=A4:NEXTA4:RETURN
87 GOSUB1090:MOUSE0
88 GOSUB147
89 A2$="ANIMS/ANIMPAL.BIN":GOSUB859:AW%=A6%
90 A2$="ANIMS/ANIM16.BIN":GOSUB859:AX%=A6%
91 A2$="ANIMS/ANIM50.BIN":GOSUB859:AW%=AW%ANDAX%ANDA6%
92 IFAW%THENGOSUB935:BVLOAD"ANIMS/ANIMPAL.BIN",8,1,$FA00
93 AF=$10:AY%=0:AZ%=0:B%=0:GOSUB897
94 RECT0,0,319,239,$10:AY%=13:AZ%=13:B%=13:AF=15:GOSUB897
95 AF=7:AY%=13:AZ%=0:B%=3:GOSUB897:AF=252:AY%=6:AZ%=8:B%=2:GOSUB897
96 REM P1=10:GOSUB RGBPAL:P1=14:GOSUB RGBPAL
97 AF=253:AY%=5:AZ%=11:GOSUB897:RECT0,234,319,239,252
98 RECT0,175,319,233,153:AM=0:AH$=CHR$(255):COLOR7,0
99 A3=1:AL=3:AN$=B0$:GOSUB869
100 A3=1:AL=12:AN$=B1$:GOSUB869
101 A4=1:GOSUB111:IFNOTAW%THEN109
102 CHAR4,158,156,CHR$($0C)+"A REPRIEVE !!!":CHAR4,170,15,CHR$($0C)+"LETS GET OUT OF HERE...."
103 CHAR160,170,156,CHR$($0C)+" .. EXIT .. STAGE RIGHT !!"
104 A2$=STR$(A4):A2$=RIGHT$(A2$,LEN(A2$)-1)
105 A2$="ANIMS/ANIM"+A2$+".BIN":BVLOADA2$,8,0,$DAC0
106 A4=A4+1:IFA4>50THEN109
107 GETA3$:IFA3$=CHR$(27)THEN109
108 GOTO104
109 RECT0,175,319,233,156:GOSUB935:GOSUB1090
110 GOSUB936:GOSUB961:MOUSE1:RETURN
111 FORB2=0TO6
112 A3=INT(RND(.)*300+15):AL=INT(RND(.)*90+30):B3=8
113 B4=A3-2:B5=AL-2:B6=318-A3:B7=146-AL:B8=INT(RND(.)*25)
114 IFB8>B4ORB9>B5ORB9>B6ORB9>B7THEN112
115 FORBA=172TOALSTEP-1
116 RECTA3,BA,A3+1,BA+1,$3F:FORA4=0TOB3:NEXTA4:RECTA3,BA,A3+1,BA+1,$10
117 NEXTBA
118 PSETA3,AL,7
119 FORBB=0TO28STEP4
120 FORBC=0TO6STEP2
121 BD=INT(RND(.)*B9)+BB:BE=INT(RND(.)*B9)+BB
122 AO=A3-INT(RND(.)*BD):AP=AL-RND(.)*BE:GOSUB132
123 RECTAO,AP,AO+1,AP+1,AU:AO=A3+RND(.)*BD:AP=AL+RND(.)*BE
124 GOSUB132:PSETAO%,AP%,AU:AO=A3+RND(.)*BD:AP=AL-RND(.)*BE
125 GOSUB132:RECTAO,AP,AO+1,AP+1,AU
126 AO=A3-RND(.)*BD:AP=AL+RND(.)*BE:GOSUB132:RECTAO,AP,AO+1,AP+1,AU
127 NEXTBC
128 NEXTBB
129 RECT0,0,319,155,$10
130 NEXTB2
131 RETURN
132 IFAO>318THENAO=318
133 IFAO<0THENAO=0
134 IFAP<0THENAP=0
135 IFAP>170THENAP=170
136 AU=INT(RND(.)*254)+1
137 RETURN
138 VPOKE1,$F2F0,$3C
139 VPOKE1,$F2F1,$7E
140 VPOKE1,$F2F2,$DB
141 VPOKE1,$F2F3,$FF
142 VPOKE1,$F2F4,$C3
143 VPOKE1,$F2F5,$BD
144 VPOKE1,$F2F6,$7E
145 VPOKE1,$F2F7,$3C
146 RETURN
147 VPOKE1,$F2F4,$BD
148 VPOKE1,$F2F5,$C3
149 RETURN
150 GOSUB936:GOSUB961
151 B0$="HANGMAN GAME PARAMETERS":GOSUB422
152 IFBF<1ORBF>5THENBF=1
153 A3=5:AL=4:AB=2
154 FORA4=1TO5
155 AL=AL+2:LOCATEAL,A3:COLOR1,0:PRINTRIGHT$(STR$(A4),1);
156 COLOR4:PRINT":"AA$(A4);
157 NEXTA4
158 BG=34:BH=14:BI=1:BJ=$17:BK=$C2:BL=$1E:BM$="ENTER":A3=28:AL=155
159 GOSUB469:LOCATE21,9:COLOR4,0:PRINT"TO CONFIRM CHOICE";
160 COLOR4:LOCATE24,20:PRINT"DIFFICULTY:";:COLOR1:PRINTAB$(AB);
161 BG=18:BH=12:BM$="<-":A3=201:AL=195:GOSUB469
162 A3=226:BM$=" ->":GOSUB469
163 LOCATE17,5:COLOR6:PRINT"DEMO MODE ALSO CREATES";
164 LOCATE18,5:PRINT"A NEW GAME BACKGROUND";:GOSUB596
165 IFBF=5THENAL=14
166 IFBF=4THENAL=12
167 IFBF=3THENAL=10
168 IFBF=2THENAL=8
169 IFBF=1THENAL=6
170 LOCATEAL,5:COLOR7,4:PRINTCHR$($7A);" ";
171 COLOR1:PRINTAA$(BF);RPT$(32,27-LEN(AA$(BF)));
172 COLOR1,0:LOCATE24,31:PRINTRPT$(32,10);:LOCATE24,31:PRINTAB$(AB);
173 GETA3$:IFMB<>1THEN183
174 BN=MX:BO=MY:A4=1:AA%=0
175 AA%=(BN>=A9%(A4,1))AND(BN<=A9%(A4,3))AND(BO>=A9%(A4,2))AND(BO<=A9%(A4,4))
176 IFNOTAA%THENA4=A4+1:IFA4>8THENA3$="Z":GOTO182
177 IFNOTAA%THEN175
178 IFA4<6THENA3$=STR$(A4):A3$=RIGHT$(A3$,1)
179 IFA4=6THENA3$=CHR$(13)
180 IFA4=7THENA3$=CHR$(157)
181 IFA4=8THENA3$=CHR$(29)
182 IFMB<>0THEN182
183 IFA3$=""THEN173
184 BP=ASC(A3$):IFBP<>29ANDBP<>157THENFMDRUM7,26
185 LOCATEAL,5:COLOR1,0:PRINTRIGHT$(STR$(BF),1);
186 COLOR4:PRINT":"AA$(BF);RPT$(32,28-LEN(AA$(BF)));
187 IFBF=5ANDBP=27THENBP=13
188 IFBP=27THENBF=5
189 IFBP>=49ANDBP<=53THENBF=VAL(A3$)
190 IFBP=145THENBF=BF-1
191 IFBP=17THENBF=BF+1
192 IFBP=157THENAB=AB-1:A3=201:BM$="<-"
193 IFBP=29THENAB=AB+1:A3=226:BM$=" ->"
194 IFBP=29ORBP=157THENAL=195:BG=18:BH=12
195 IFBP=13THENBM$="ENTER":BG=34:BH=14:A3=28:AL=155
196 IFBP=29ORBP=157ORBP=13THENGOSUB428
197 IFBP=13THENCLS:GOTO203
198 IFBF>5THENBF=1
199 IFBF<1THENBF=5
200 IFAB>3THENAB=1
201 IFAB<1THENAB=3
202 GOTO165
203 IFBF=5THEN1094
204 IFBF=4THEN206
205 GOSUB385
206 BQ=1:BR%=1:AD%(1)=0:AD%(2)=0
207 BS%=-1
208 IFBF=1ORBF=2THEN211
209 IFBF=3THEN212
210 IFBF=4THENGOSUB342:GOSUB1090:BF=4:GOTO150
211 GOSUB400:GOTO213
212 GOSUB366
213 GOSUB335:GOSUB302:GOSUB596
214 GETA3$:BT%=0
215 IFA3$=CHR$(27)THENGOSUB257:GOSUB596
216 IFBT%THENCLS:GOTO150
217 IFMB=1THEN220
218 IFA3$=""THEN214
219 GOTO227
220 BN=MX:BO=MY:A3=1:BU=0:A3$="":IFBO>131THENA3=15
221 AO=A8%(3,A3):AQ=AO+14:AP=A8%(4,A3):AS=AP+14
222 IFBN>=AOANDBN<=AQANDBO>=APANDBO<=ASTHENA3$=CHR$(A8%(2,A3)):BU=1
223 IFBU=0ANDA3<26THENA3=A3+1:GOTO221
224 IFMB<>0THEN224
225 IFBUTHEN227
226 LOCATE1,1:FMDRUM7,87:GOTO214
227 BV=ASC(A3$):IFBV<65ORBV>90THENLOCATE1,1:FMDRUM7,87:GOTO214
228 BW=BV-64
229 IFA8%(1,BW)=1THENLOCATE1,1:FMDRUM7,87:GOTO214
230 BX$=CHR$(BV):BH=14:BG=14:A3=A8%(3,BW):AL=A8%(4,BW):BM$=CHR$(BV)
231 GOSUB428:BT%=0
232 GOSUB328:IFBT%THENGOSUB320:GOSUB364
233 GOSUB596
234 IFBT%THENIFBY$=BZ$THEN240
235 IFNOTBT%THENBS%=0:GOSUB272:GOSUB425
236 GOSUB596
237 IFC%THEN248
238 SLEEP10:GOSUB433
239 GOTO214
240 AD%(BR%)=AD%(BR%)+1
241 AC%(BR%,1)=AC%(BR%,1)+1
242 IFAD%(BR%)=5THENB0$=" 5 IN":B1$="A ROW":AD%(BR%)=0:GOSUB87:GOTO247
243 IFBS%THENB0$="FLAW":B1$=" LESS":AD%(BR%)=0:GOSUB87:GOTO247
244 GOSUB268
245 COLOR7,4:LOCATE16,21:PRINT"YOU WON !":SLEEP120
246 GOSUB266
247 GOSUB251:GOTO207
248 BZ$=BY$:GOSUB320:FMDRUM7,38:SLEEP10:FMDRUM7,43:SLEEP15:FMDRUM7,55:SLEEP20:FMDRUM7,49
249 AD%(BR%)=0
250 GOSUB541:GOSUB251:GOTO207
251 C%=0:BT%=0
252 IFBF=1THENBQ=BQ+1:RETURN
253 IFBR%=2THENBQ=BQ+1
254 IFBR%=2THENBR%=1:RETURN
255 IFBR%=1THENBR%=2
256 RETURN
257 GOSUB268
258 COLOR1,4
259 LOCATE15,19:PRINT"BACK TO MENU";
260 COLOR7:LOCATE18,23:PRINT"Y";:COLOR8:PRINT"/";
261 COLOR7:PRINT"N ?";
262 GETA3$:IFA3$=""THEN262
263 IFA3$="Y"THENBT%=-1
264 IFA3$="Y"ORA3$="N"ORA3$=CHR$(27)THEN266
265 FMDRUM7,87:GOTO262
266 COLOR0,0:A3=16:AL=12:BH=11:BG=18:GOSUB533
267 COLOR1,0:RETURN
268 COLOR5,6:A3=16:AL=12:BH=11:BG=18
269 GOSUB533
270 COLOR5,4:A3=17:AL=13:BH=9:BG=16:GOSUB533
271 RETURN
272 FMDRUM7,38:FMDRUM7,39:FMDRUM7,40
273 C%=0
274 IFC0<>5ANDC0<>8THENGOSUB290
275 IFC0=8THENGOSUB676
276 IFC0=7THENGOSUB686
277 IFC0=6THENGOSUB709
278 IFC0=5THENGOSUB744
279 IFC0=4THENGOSUB802
280 IFC0=3THENGOSUB783
281 IFC0=2THENGOSUB825
282 IFC0=1THENGOSUB841
283 GOTO285:
284 LOCATE26,25:PRINT"ROUND:";:COLOR7:PRINTBQ;
285 GOSUB324
286 C0=C0-1
287 IFC0=0THENC%=-1
288 GOSUB596:GOSUB266
289 RETURN
290 COLOR6,0:LOCATE12,17
291 BH=11:BG=18:AL=12
292 PRINTRPT$($AF,BG-2)
293 FORC1=1TOBH-2
294 AL=AL+1
295 LOCATEAL,16:PRINTCHR$($A7);RPT$($76,16);CHR$($A5);
296 NEXTC1
297 LOCATEAL+1,17:PRINTRPT$($B7,BG-2);
298 COLOR7,4
299 LOCATE16,20:PRINT"DRAWING  !!";
300 COLOR4,0
301 RETURN
302 COLOR1,0:GOSUB961
303 IFAB=1THENC0=8
304 IFAB=2THENC0=7
305 IFAB=3THENC0=6
306 GOSUB598
307 IFAB>1THENGOSUB676
308 IFAB=3THENGOSUB686
309 BZ$=""
310 FORA4=1TOLEN(BY$)
311 A3$=MID$(BY$,A4,1)
312 IFASC(A3$)>=65ANDASC(A3$)<=90THENBZ$=BZ$+CHR$($7A):GOTO314
313 BZ$=BZ$+A3$
314 NEXTA4
315 GOSUB320
316 GOSUB425
317 GOSUB437
318 GOSUB324
319 RETURN
320 COLOR5,6:A3=17+(7-(LEN(BY$)/2)):AL=5:BH=3:BG=LEN(BY$)+2
321 GOSUB533:COLOR1
322 LOCATE6,18+(7-(LEN(BY$)/2)):PRINTBZ$;
323 RETURN
324 COLOR1,0
325 IFNOTAM%THENGOSUB867:RETURN
326 B0$=C2$:GOSUB864
327 RETURN
328 BM=LEN(BY$)
329 C3$=""
330 FORA3=1TOBM
331 IFMID$(BY$,A3,1)=BX$THENC3$=C3$+BX$:BT%=-1:GOTO333
332 C3$=C3$+MID$(BZ$,A3,1)
333 NEXTA3
334 BZ$=C3$:RETURN
335 CLS
336 LOCATE1,14:COLOR6:PRINTAC$(BR%);
337 COLOR4:PRINT" PLAYING";:LOCATE2,14
338 COLOR4:PRINT"WINS:";:COLOR2:PRINTAC%(BR%,1);"  ";
339 COLOR4:PRINT"LOSSES:";:COLOR2:PRINT(BQ-1)-AC%(BR%,1);
340 COLOR1:LOCATE26,25:PRINT"ROUND:";:COLOR7:PRINTBQ;
341 RETURN
342 BR%=1:AC$(1)="DEMO HANGMAN":C4$=CHR$(27):GOSUB1090
343 GETA3$:IFA3$=C4$THENRETURN
344 GOSUB603
345 GETA3$:IFA3$=C4$THENRETURN
346 GOSUB676
347 GETA3$:IFA3$=C4$THENRETURN
348 GOSUB686
349 GETA3$:IFA3$=C4$THENRETURN
350 GOSUB709
351 GETA3$:IFA3$=C4$THENRETURN
352 GOSUB744
353 GETA3$:IFA3$=C4$THENRETURN
354 GOSUB802
355 GETA3$:IFA3$=C4$THENRETURN
356 GOSUB783
357 GETA3$:IFA3$=C4$THENRETURN
358 GOSUB825
359 GETA3$:IFA3$=C4$THENRETURN
360 GOSUB841
361 GETA3$:IFA3$=C4$THENRETURN
362 GOSUB541
363 AC$(1)="":RETURN
364 FMDRUM6,25:SLEEP10:FMDRUM7,25:SLEEP40:FMDRUM5,44:SLEEP10
365 FMDRUM6,49:SLEEP20:FMDRUM7,38:RETURN
366 GOSUB1090
367 IFBR%=1THENC5%=2
368 IFBR%=2THENC5%=1
369 B0$="GAME WORD AND CLUE FOR YOUR OPPONENT"
370 GOSUB422:C6$=""
371 COLOR13,0:LOCATE7,3:PRINTAC$(C5%);
372 COLOR4:LOCATE8,3:PRINT"ENTER THE FOLLOWING.";
373 C7=12:C8=8:C9=1
374 LOCATE10,5:COLOR4,0:PRINT"ENTER WORD TO PLAY";
375 LOCATE12,4:COLOR1,0:PRINT"==";:COLOR2,0:PRINT"> ";
376 CA=15:COLOR7,4:GOSUB568
377 IFLEN(CB$)<>0THEN379
378 PRINTCHR$(7):LOCATE25,4:PRINT"* MUST ENTER WORD *";:GOTO376
379 COLOR4,0:CLS:COLOR13,0:LOCATE7,3:PRINTAC$(C5%);
380 COLOR4:LOCATE8,3:PRINT"ENTER THE FOLLOWING.";
381 COLOR4,0:BY$=CB$:LOCATE10,5:PRINT"HANG WORD IS: ";
382 COLOR1:PRINTRPT$($7A,LEN(BY$));
383 LOCATE14,5:COLOR4,0:PRINT"ENTER CLUE FOR WORD. (OPTIONAL)";
384 CA=34:C7=17:C8=3:C9=4:COLOR7,4:GOSUB568:C2$=CB$:RETURN
385 B0$="PLAYER NAMES"
386 GOSUB422:C6$=""
387 C7=8:C8=8:C9=4:CA=18:LOCATE6,5:COLOR4,0:PRINT"PLAYER 1 NAME";
388 LOCATE8,4:COLOR1,0:PRINT"==";:COLOR2,0:PRINT"> ";
389 COLOR7,4:GOSUB568:IFCB$=""THENCB$="PLAYER 1"
390 AC$(1)=CB$:AC%(1,1)=0
391 COLOR4,0:LOCATE14,6:PRINT"PLAYER 1 IS: ";:COLOR7,0:PRINTAC$(1);
392 IFBF=1THENC6$="":GOTO398
393 LOCATE6,5:COLOR4,0:PRINT"PLAYER 2 NAME";
394 LOCATE8,4:COLOR1,0:PRINT"==";:COLOR2,0:PRINT"> ";
395 COLOR7,4:GOSUB568:IFCB$=""THENCB$="PLAYER 2"
396 AC$(2)=CB$:C6$="":AC%(2,1)=0
397 COLOR4,0:LOCATE16,6:PRINT"PLAYER 2 IS: ";:COLOR7,0:PRINTAC$(2);
398 SLEEP90:CLS
399 RETURN
400 COLOR4,0:CLS
401 B0$="GETTING RANDOM WORD":GOSUB422
402 LOCATE8,4:PRINT"WORKING...."
403 IFCC%=1THENA2=1:GOTO407
404 A2=INT(RND(.)*CC%)+1
405 IFCC%>1AND(A2=CD%)THEN404
406 CD%=A2
407 C3$=RIGHT$(STR$(A2),LEN(STR$(A2))-1)
408 A2$="WORDS/HWORDS"+C3$+".DAT"+",S,R"
409 OPEN4,8,4,A2$
410 INPUT#4,CE$:A3=VAL(CE$)
411 IFA3<>0THEN413
412 CLOSE4:B0$=" INVALID WORD FILE: "+"WORDS/HWORDS"+C3$+".DAT":GOTO1091
413 CF=INT(RND(.)*A3)+1
414 IFCF=1THEN419
415 FORA3=1TOCF-1
416 INPUT#4,A3$
417 LINPUT#4,A3$
418 NEXTA3
419 INPUT#4,BY$:LINPUT#4,C2$
420 IFLEN(C2$)>40THENC2$=LEFT$(C2$,40)
421 A4=FRE(0):CLOSE4:RETURN
422 RECT0,0,AR,AT,$C2:FRAME0,0,AR,AT,5:RECT4,4,AR-4,AT-4,$10
423 RECT10,15,307,214,6:FRAME13,27,304,211,12:RECT15,29,302,209,12
424 CHAR18,25,15,CHR$($0C)+B0$:RETURN
425 COLOR5,6:A3=15:AL=8:BH=3:BG=20:GOSUB533
426 COLOR1:LOCATE9,16:PRINT"BODY PARTS LEFT:";:COLOR7:PRINTC0;
427 RETURN
428 BI=$17:BJ=1:BK=$61:BL=$10
429 GOSUB469:FMDRUM7,26:SLEEP5
430 BI=1:BJ=$17:BK=$C2:BL=$1E:GOSUB469
431 REM
432 RETURN
433 A3=A8%(3,BW):AL=A8%(4,BW):BG=14:BH=14:BI=$14:BJ=$12:BK=$11:BL=$10
434 BM$=CHR$(BV):GOSUB469
435 A8%(1,BW)=1
436 RETURN
437 BM=65
438 A3=131:AL=97:BG=14:BH=14:BI=1:BJ=$17:BK=$C2:BL=$1E
439 FRAME123,90,261,171,$10
440 RECT124,91,260,170,$C0:RECT126,94,258,168,$06
441 CG=A3
442 FORCH=1TO3
443 FORAV=1TO7
444 BM$=CHR$(BM)
445 GOSUB469
446 A4=BM-64
447 A8%(1,A4)=0
448 A8%(2,A4)=BM
449 A8%(3,A4)=A3
450 A8%(4,A4)=AL
451 A3=A3+BG+4
452 BM=BM+1
453 NEXTAV
454 AL=AL+BG+4:A3=CG
455 NEXTCH
456 A3=CG
457 FORCI=1TO5
458 BM$=CHR$(BM)
459 GOSUB469
460 A4=BM-64
461 A8%(1,A4)=0
462 A8%(2,A4)=BM
463 A8%(3,A4)=A3
464 A8%(4,A4)=AL
465 A3=A3+BG+4
466 BM=BM+1
467 NEXTCI
468 RETURN
469 IFBH=0THENBH=BG
470 AO=A3+1:CJ=A3+BG:CK=AL+BH:AP=AL+1
471 CL=CK-1:CM=CJ-1
472 LINEA3,AL,CJ,AL,BI
473 LINEAO,AP,CM,AP,BI
474 LINECJ,AL,CJ,CK,BI
475 LINECM,AP,CM,CL,BI
476 LINEA3,AL,A3,CK,BJ
477 LINEAO,AP,AO,CL,BJ
478 LINEA3,CK,A3,CK,BJ
479 LINEA3,CK,CM,CK,BJ
480 LINEA3,CL,CJ-2,CL,BJ
481 RECTA3+2,AL+2,CJ-2,CK-2,BK
482 CHARA3+3,CK-3,BL,BM$
483 IFBH=BGTHENBH=0
484 RETURN
485 CN=CO:A3=0:CP=2*(1-CO):BG=INT(2*320/240)
486 IFCQ<0ORCQ>1THENCQ=1
487 IFCR<0ORCR>1THENCR=1
488 IFCN<0THEN522
489 CS=A3*CQ:CT=CN*CR
490 CU=BN-CS
491 CV=BO-CT
492 CW=BN+CS
493 CX=BO+CT
494 IFCY=1THEN504
495 IFCU<0ORCU>ARORCV<0ORCV>ATORCZ=0THEN497
496 PSETCU,CV,AU
497 IFCW<0ORCW>ARORCV<0ORCV>ATORD=0THEN499
498 PSETCW,CV,AU
499 IFCU<0ORCU>ARORCX<0ORCX>ATORD0=0THEN501
500 PSETCU,CX,AU
501 IFCW<0ORCW>ARORCX<0ORCX>ATORD1=0THEN519
502 PSETCW,CX,AU
503 GOTO519
504 AO=CU:AQ=CW
505 IF(CZ=0ANDD=BB)ORAO>ARTHEN512
506 IFCV<0ORCV>ATTHEN512
507 IFAO<0THENAO=0
508 IFAQ>ARTHENAQ=AR
509 IFCZ=0THENAO=BN
510 IFD=0THENAQ=BN
511 LINEAO,CV,AQ,CV,AU
512 IF(D0=0ANDD1=0)ORCU>ARTHEN519
513 IFCX<0ORCX>ATTHEN519
514 IFCU<0THENCU=0
515 IFCW>ARTHENCW=AR
516 IFD0=0THENCU=BN
517 IFD1=0THENCW=BN
518 LINECU,CX,CW,CX,AU
519 IF(CP+CO)>0THENCN=CN-1:CP=CP-BG*CN-1
520 IFA3>CPTHENA3=A3+1:CP=CP+2*A3+1
521 GOTO488
522 RETURN
523 CN=CO:AZ=0:CP=2*(1-CO):BG=INT(2*320/240)
524 REM  WHILE WR<0
525 IFCN<0THEN532
526 LINEBN-AZ,BO-CN,BN+AZ,BO-CN,AU
527 LINEBN-AZ,BO+CN,BN+AZ,BO+CN,AU
528 IF(CP+CO)>0THENCN=CN-1:CP=CP-BG*CN-1
529 IFAZ>CPTHENAZ=AZ+1:CP=CP+2*AZ+1
530 GOTO525
531 REM WEND
532 RETURN
533 LOCATEAL,A3
534 PRINTCHR$($6F);RPT$($A3,BG-2);CHR$($70);
535 IFBH=2THEN539
536 FORD2=1TOBH-2
537 LOCATEAL+D2,A3:PRINTCHR$($A5);RPT$(32,BG-2);CHR$($A7);
538 NEXTD2
539 LOCATEAL+BH-1,A3:PRINTCHR$($6C);RPT$($A4,BG-2);CHR$($BA);
540 RETURN
541 GOSUB556
542 REM EYE PULSING WHILE WAIT FOR KEY
543 B0$=" HIT ANY KEY TO CONTINUE ":GOSUB864
544 AF=$FE:AZ%=0:B%=0
545 GOSUB596
546 GETA3$
547 IFMB<>0THENA3$="A"
548 IFA3$<>""THEN555
549 AY%=RND(1)*15+1
550 B%=RND(1)*6
551 IFMB<>0THENA3$="A":GOTO548
552 AV=3
553 GOSUB914
554 GOTO546
555 FMINIT:GOSUB1090:RETURN
556 B0$=AC$(BR%)+" HAS DIED":GOSUB864
557 AF=$24:AG=$FF:AV=4:GOSUB909
558 AF=$3B:AG=$FE:AV=4:GOSUB909
559 AF=$01:AV=3:GOSUB909
560 AF=$3A:AV=1:GOSUB909
561 AF=$15:AV=3:GOSUB909
562 AF=$3B:AV=4:GOSUB909
563 AF=$23:AG=$FF:AV=6:GOSUB909
564 AF=$B8:AV=5:GOSUB909
565 AF=$BF:GOSUB909
566 AF=$C0:GOSUB909
567 RETURN
568 GETA3$:IFA3$<>""THEN568
569 CB$=C6$:D3=0
570 GOSUB593
571 IFCB$<>""THENPRINTCB$;
572 GETA3$:IFA3$=""THEN572
573 D4=ASC(A3$)
574 IFD5=CATHEN
575 D6=0
576 IF(C9<>2ORC9=3)ANDD4>=65ANDD4<=90THEND6=1
577 IF(C9=2ORC9=4ORC9=3)ANDD4>=48ANDD4<=57THEND6=1
578 IF(C9=2)ANDD4=46ANDD3=0THEND6=1:D3=1
579 IF(C9=4)ANDD4=32THEND6=1:REM ALLOW SPACES WHEN INPUTTING A LINE
580 IF(C9=4)AND(D4>=35ANDD4<=47)THEND6=1
581 IF(C9=4)AND(D4>=58ANDD4<=63)THEND6=1:REM ALLOW PUNCS IN STRING.
582 IFD4=13THENRETURN
583 IFD6=1ANDLEN(CB$)<CATHENPRINTCHR$(D4);:CB$=CB$+CHR$(D4):FMDRUM7,26
584 IFD6=1ANDLEN(CB$)<CATHEN572
585 IFD4<>20THEN592
586 IFLEN(CB$)=0THENFMDRUM7,87
587 IFLEN(CB$)=1ORLEN(CB$)=0THENCB$="":GOSUB593:GOTO572
588 A4=LEN(CB$)-1
589 IFRIGHT$(CB$,1)="."ANDC9=2THEND3=0
590 CB$=LEFT$(CB$,A4)
591 GOSUB593:PRINTCB$;:FMDRUM7,26:GOTO572
592 FMDRUM7,87:GOTO572
593 LOCATEC7,C8:FORA4=1TOCA+1:PRINT" ";:NEXTA4
594 LOCATEC7,C8
595 RETURN
596 GETA3$:IFA3$<>""THEN596
597 RETURN
598 A2$="HANGBG.DAT":GOSUB859
599 IFNOTA6%THEN603
600 GOSUB935
601 BVLOADA2$,8,0,0
602 GOSUB936:GOSUB961:GOTO645
603 AV=3:AR=319:AT=239:CQ=1:CR=1
604 AF=$C0:AG=$F2:GOSUB932
605 AY%=0:AZ%=0:B%=1:GOSUB897
606 B0$="THE SKY":GOSUB863
607 RECT0,0,AR,AT,$C0
608 AF=$F2:AG=$C0:GOSUB909
609 AF=$C0:AG=$10:GOSUB932
610 AF=7:AG=$F1:GOSUB932
611 AF=$C0:AG=7:GOSUB932
612 BN=5:BO=4:AU=$10:CY=1:CQ=1:CR=1:CZ=1:D=1
613 D0=1:D1=1:CO=32:GOSUB485
614 AU=$07:BN=5:BO=4:CO=30:CY=1
615 CO=30:GOSUB485:CY=0:D4=7
616 LINE2,37,2,44,D4:LINE6,37,6,44,D4:LINE9,37,10,44,D4
617 LINE12,36,14,43,D4:LINE15,35,17,42,D4:LINE18,34,21,41,D4
618 LINE20,33,24,39,D4:LINE22,31,27,37,D4:LINE24,28,29,35,D4
619 LINE27,25,32,32,D4:LINE30,23,35,29,D4:LINE32,21,37,26,D4
620 LINE33,19,39,23,D4:LINE35,17,41,20,D4:LINE36,15,43,17,D4
621 LINE37,12,44,14,D4:LINE38,10,45,11,D4:LINE39,7,45,8,D4
622 LINE39,4,45,5,D4:LINE39,1,46,2,D4
623 AF=0:AG=$10:AV=3:GOSUB909:AF=$F1:AG=7:GOSUB909
624 GOSUB661:GOSUB661:GOSUB661
625 B0$="GRASS":GOSUB863
626 AF=105:AG=$F2:GOSUB932:AG=AF:AF=$C0:GOSUB932
627 AF=$85:AG=$F3:GOSUB932:AG=AF:AF=$C0:GOSUB932
628 RECT0,180,AR,AT,$85
629 FORAL=161TO179
630 LINE0,AL,40,179,105
631 NEXTAL
632 FORAL=180TO150STEP-1
633 LINE288,179,AR,AL,105
634 NEXTAL
635 AV=5:AG=$85:AF=$F3:GOSUB909
636 AG=105:AF=$F2:GOSUB909
637 COLOR1
638 FORA4=1TO550
639 AO=INT(RND(.)*310)+5
640 AP=INT(RND(.)*60)+180:IFAP>ATTHEN640
641 GOSUB653
642 NEXTA4
643 IFNOTAE%THEN645
644 A2$="BACKGROUND SCREEN":GOSUB646
645 RETURN
646 B0$="SAVING: "+A2$:GOSUB864
647 IFA2$="BACKGROUND SCREEN"THEND7$="@:HANGBG.DAT,P,W":GOTO649
648 D7$="@:"+A2$+",P,W"
649 OPEN2,8,2,D7$
650 POKE$30C,2:POKE$30D,$00:POKE$30E,$96
651 POKE$9F25,0:POKE$9F20,$00:POKE$9F21,$00:POKE$9F22,$10:SYS$700
652 CLOSE2:RETURN
653 GOSUB660
654 LINEAO,AP,AO-4,AP-5,D8:GOSUB660
655 LINEAO,AP,AO-3,AP-3,D8:GOSUB660
656 LINEAO,AP,AO,AP-5,D8:GOSUB660
657 LINEAO,AP,AO+3,AP-3,D8:GOSUB660
658 LINEAO,AP,AO+4,AP-5,D8
659 RETURN
660 D8=INT(RND(.)*24)+$60:RETURN
661 B0$="CLOUDS":GOSUB863
662 BH=INT(RND(.)*(200))+45
663 D9=INT(RND(.)*30)+30
664 DB=INT(RND(.)*30)+6
665 DC=INT(RND(.)*11)+7
666 FORAL=DBTODB+DCSTEP3
667 FORA3=BHTOBH+D9STEP4
668 CO=INT(RND(.)*5)+3
669 AU=INT(RND(.)*4)+$1C
670 BN=A3
671 BO=INT(RND(.)*4)+(AL-4):IF(BO-CO)<0THEN668
672 GOSUB523
673 NEXTA3
674 NEXTAL
675 RETURN
676 B0$="THE GALLOWS":GOSUB863
677 FRAME189,195,285,208,$10
678 FRAME188,194,285,211,$10
679 LINE189,210,285,210,$10
680 PSET189,209,$10:PSET284,206,$10:PSET284,209,$10
681 FRAME275,21,285,207,$10:FRAME276,22,284,205,$10
682 FRAME67,20,285,30,$10:FRAME68,21,284,29,$10
683 RECT71,30,79,33,$10:RECT190,196,283,209,$53
684 RECT277,23,283,209,$53:RECT69,22,283,28,83
685 RETURN
686 B0$="THE NOOSE":GOSUB863
687 CY=0:CQ=1
688 LINE73,33,73,53,16
689 LINE77,33,77,53,16
690 RECT74,34,76,53,87
691 FORAL=38TO53STEP3
692 LINE73,AL,77,AL-3,$10
693 NEXTAL
694 FRAME71,53,80,68,16
695 RECT72,54,79,68,87
696 FORAL=56TO68STEP4
697 LINE72,AL,79,AL-4,$10
698 NEXTAL
699 CO=24:BN=75:BO=79:AU=$10
700 CR=.38:CZ=1:D=1:D0=1:D1=1:CR=.38
701 GOSUB485:CO=25:GOSUB485
702 CO=24:GOSUB485:CO=23:GOSUB485
703 CO=19:GOSUB485:CO=18:GOSUB485
704 AU=87
705 FORA3=20TO23STEP.6
706 CO=A3:GOSUB485
707 NEXTA3
708 RETURN
709 B0$="A TROUBLED FACE":GOSUB863
710 BN=58:BO=60:CO=6:CQ=.4:CR=1:AU=$10
711 CZ=1:D=0:D0=1:D1=0
712 GOSUB485:CO=CO-1:GOSUB485:CO=CO-1:GOSUB485
713 CY=1:AU=$25:GOSUB485
714 CY=0:BN=90:CO=6:AU=$10
715 CZ=0:D=1:D0=0:D1=1
716 GOSUB485:CO=CO-1:GOSUB485:CO=CO-1:GOSUB485
717 CY=1:AU=$25:GOSUB485
718 LINE93,58,93,62,$10
719 CZ=1:D=CZ:D0=CZ:D1=CZ
720 LINE67,76,67,84,$10:LINE66,76,66,84,$10
721 LINE67,87,67,90,$10:LINE66,87,66,90,$10:LINE82,76,82,84,$10
722 LINE83,76,83,84,$10:LINE82,87,82,90,$10:LINE83,87,83,90,$10
723 RECT68,76,81,84,$25:RECT68,89,81,90,$25
724 CO=20:CQ=.8:CY=1
725 AU=$10:BN=74:BO=63
726 GOSUB485:CO=CO-1:GOSUB485
727 CO=CO-2:BO=BO+1:AU=$FF:CY=1:GOSUB485
728 CQ=1:CR=CQ
729 BO=BO-6:BN=BN-6:CO=3:AU=$FE:GOSUB523
730 PSETBN+4,BO,$FF:GOSUB742
731 BN=BN+12:GOSUB523
732 PSETBN+4,BO,$FF:GOSUB742:BN=74:BO=63
733 LINEBN-1,BO,BN-2,BO+6,$10:LINEBN+1,BO,BN+2,BO+6,$10
734 LINEBN,BO,BN-1,BO+6,$23:LINEBN,BO,BN+1,BO+6,$23
735 LINEBN,BO+3,BN,BO+6,$22
736 D0=0:D1=0:AU=$10:BO=BO+13:CR=.35:CO=6:CY=0
737 GOSUB485
738 BO=BO+1:AU=$31:GOSUB485
739 BO=BO+1:AU=$10:GOSUB485
740 D0=1:D1=1:CR=1
741 RETURN
742 PSETBN,BO,$10:PSETBN-1,BO,$10:PSETBN,BO+1,$10:PSETBN-1,BO+1,$10
743 RETURN
744 B0$="TORSO":GOSUB863
745 LINE82,90,105,93,$10:LINE83,91,105,94,$10
746 LINE68,90,42,93,$10:LINE69,91,42,94,$10
747 LINE67,90,74,105,$10:LINE83,90,74,105,$10
748 FORA3=81TO68STEP-1
749 LINE75,103,A3,90,$25
750 NEXTA3
751 LINE74,105,72,110,$10:LINE72,110,72,141,$10
752 LINE72,141,53,144,$10:LINE53,144,53,108,$10
753 RECT71,140,54,103,$08:LINE54,141,68,141,$08
754 LINE54,142,62,142,$08:LINE54,143,56,143,$08
755 PSET65,91,$10
756 LINE72,102,72,108,$08:LINE73,104,73,106,$08
757 PSET74,109,$08
758 RECT47,107,68,94,$08:RECT69,96,69,99,$08
759 RECT42,107,48,95,$08:LINE56,93,67,93,$08:PSET55,92,$10:PSET64,91,$10
760 LINE65,92,67,92,$08:RECT68,100,71,102,$08:LINE70,98,70,100,$08
761 RECT73,110,91,140,$08:RECT75,105,91,109,$08:RECT88,94,101,106,$08
762 RECT81,95,105,106,$08:LINE80,96,80,105,$08
763 LINE79,98,79,105,$08:LINE78,100,78,105,$08:LINE77,101,77,105,$08
764 LINE76,103,76,105,$08:LINE74,103,75,103,$10
765 PSET76,101,$10:PSET73,101,$10:PSET72,99,$10:PSET71,97,$10
766 PSET70,95,$10:PSET69,93,$10:PSET81,92,$10:PSET80,94,$10
767 PSET80,96,$10:PSET78,97,$10:PSET77,99,$10
768 LINE76,100,76,103,$10:RECT82,94,93,93,$08:LINE83,92,86,92,$08
769 LINE74,107,74,108,$08:PSET73,109,$10:PSET73,141,$10:LINE76,141,91,141,$08
770 LINE81,142,91,142,$08:LINE89,143,91,143,$08:LINE74,141,92,144,$10
771 LINE92,144,92,107,$10:PSET73,141,$10
772 AU=16:CO=1.2:BN=75:CY=1
773 FORBO=113TO143STEP8
774 GOSUB485
775 NEXTBO
776 LINE58,108,68,108,$10:LINE58,108,58,116,$10
777 LINE68,108,68,116,$10:CZ=0:D=0:D0=1:D1=1:CO=4.5:CQ=1:CR=.6
778 BN=63:BO=116:AU=$10:CY=0
779 GOSUB485
780 A3$="P-"+RIGHT$(STR$(BR%),LEN(STR$(BR%))-1)
781 CHAR57,106,$10,A3$
782 RETURN
783 CZ=0:D=1:D0=0:D1=0:CY=0
784 B0$="LEFT ARM":GOSUB863
785 DD=.52:CO=16:AU=$10:BO=116:BN=92
786 GOSUB485:CO=CO+.6:GOSUB485:CO=CO-1:GOSUB485
787 DD=.28:BN=106:BO=105:CY=0:GOSUB485
788 FORBM=1TO3:CO=CO+.5:GOSUB485:NEXTBM
789 AU=$08:CZ=0:D=1:D0=0:D1=0:CY=1:CO=CO-2.5:GOSUB485
790 RECTBN-1,BO-3,BN+2,BO-7,$08
791 LINE99,113,99,133,$10:LINE111,102,111,133,$10
792 RECT100,102,110,133,$08:LINE99,107,99,109,$08
793 LINE98,108,101,108,$08:LINE97,107,100,107,$08:PSET94,107,$0E
794 LINE99,134,111,134,$10:LINE101,134,101,143,$10:LINE101,143,103,143,$10
795 LINE102,142,102,139,$25:LINE103,144,103,140,$10
796 LINE103,145,105,145,$10:LINE104,144,104,139,$25
797 LINE105,146,105,140,$10:LINE105,146,107,146,$10
798 LINE106,145,106,139,$25:LINE107,146,107,140,$10
799 LINE107,145,109,145,$10:LINE108,144,108,139,$25
800 LINE109,145,109,134,$10:RECT102,139,108,135,$25
801 RETURN
802 CZ=1:D=0:D0=0:D1=0:CY=0
803 DD=.52:CO=16:AU=$10:BO=118:BN=54
804 B0$="RIGHT ARM":GOSUB863
805 GOSUB485:CO=CO+.6:GOSUB485:CO=CO-1:GOSUB485
806 LINE54,107,54,109,$08:DD=.43:BN=42:BO=105:CY=0
807 GOSUB485
808 FORBM=1TO3:CO=CO+.3:GOSUB485:NEXTBM
809 AU=$08:CZ=1:D=0:D0=0:D1=0:CY=1:CO=CO-3
810 GOSUB485:CY=0
811 RECTBN-4,BO-8,BN+3,BO+6,$08:RECTBN-4,BO-4,BN,BO+6,$08
812 LINE34,102,34,133,$10:LINE46,115,46,133,$10
813 RECT35,102,45,133,$08:LINE34,134,46,134,$10
814 LINE46,BO,46,BO+6,$08:LINE47,BO,47,BO+5,$08
815 RECT47,BO,49,BO+3,$08:LINE51,BO+4,52,BO+4,$0E
816 PSET48,BO+4,$08
817 LINE44,134,44,143,$10:LINE44,143,42,143,$10
818 LINE43,142,43,139,$25:LINE42,140,42,145,$10
819 LINE42,145,40,145,$10:LINE41,144,41,139,$25
820 LINE40,146,40,140,$10:LINE40,146,38,146,$10
821 LINE39,145,39,139,$25:LINE38,146,38,140,$10
822 LINE38,145,36,145,$10:LINE37,144,37,139,$25
823 LINE36,145,36,134,$10:RECT43,139,37,135,$25
824 RETURN
825 B0$="RIGHT LEG":GOSUB863
826 CZ=1:D=0:D0=0:D1=0:CY=0
827 AU=$10:BN=74:BO=159:CO=8:CQ=.43:CR=.6
828 GOSUB485
829 LINE70,159,70,192,$10:LINE55,145,53,192,$10
830 LINE53,193,70,193,$10:RECT56,145,69,192,$46
831 LINE55,157,55,192,$46:LINE54,181,54,192,$46
832 LINE57,144,71,144,$46:RECT69,142,71,154,$46
833 RECT72,142,73,153,$46:LINE63,143,68,143,$46:PSET70,155,$46
834 CZ=1:D=1:D0=1:D1=1:CO=20:CQ=.35:AU=$10:CY=1:BN=62:BO=208
835 GOSUB485:CO=CO+1:CY=0:AU=$12:GOSUB485:CY=1
836 CQ=.38:BO=204:AU=$1C:CO=11:GOSUB485
837 CO=CO+1:AU=$12:CY=0:GOSUB485
838 LINE57,193,57,202,$10:LINE66,193,66,202,$10
839 RECT58,194,65,200,$1C
840 RETURN
841 CZ=0:D=1:D0=0:D1=0
842 AU=$10:BN=74:BO=159:CO=8
843 B0$="LEFT LEG":GOSUB863:GOSUB485
844 LINE77,157,77,192,$10:LINE90,145,92,192,$10
845 LINE77,193,92,193,$10:RECT78,145,89,192,$46
846 LINE90,157,90,192,$46:LINE91,181,91,192,$46
847 LINE74,144,88,144,$46:RECT76,143,79,155,$46
848 RECT74,142,76,153,$46:LINE74,143,82,143,$46
849 LINE77,154,77,156,$46
850 CZ=1:D=1:D0=1:D1=1:CO=20:CQ=.35:AU=$10:CY=1
851 BN=85:BO=208
852 GOSUB485
853 CO=CO+1:CY=0:AU=$12:GOSUB485:CY=1
854 CQ=.38:BO=204:AU=$1C:CO=11:GOSUB485
855 CO=CO+1:AU=$12:CY=0:GOSUB485
856 LINE80,193,80,202,$10:LINE89,193,89,202,$10
857 RECT81,194,88,200,$1C
858 RETURN
859 A3$=A2$:A6%=0:A3$=A3$+",S,R"
860 OPEN2,8,2,A3$:CLOSE2
861 OPEN15,8,15:INPUT#15,A3,A3$
862 CLOSE15:A6%=(A3<=20):RETURN
863 B0$=" DRAWING: "+B0$
864 COLOR1,0:GOSUB867
865 LOCATE30,1:PRINTB0$;
866 RETURN
867 LOCATE30,1:PRINTRPT$(32,39);
868 RETURN
869 BM=LEN(AN$):CG=A3
870 DE=PEEK(1):BANKPEEK(0),6
871 FORBP=1TOBM
872 AU=ASC(MID$(AN$,BP,1))
873 IF(AU>=64ANDAU<=90)OR(AU>=193ANDAU<=218)THENDF=64:GOTO875
874 DF=0
875 DG=$C000+8*(AU-DF)
876 FORA4=1TO8
877 DH(A4)=PEEK(DG+(A4-1)):DH$(A4)=""
878 NEXTA4
879 IFAH$=""THENAH$=CHR$(AU)
880 DI=8
881 IFAU=32THENDI=5
882 FORAV=1TODI
883 RESTORE937
884 FORDJ=1TO8
885 READBR
886 IF(BRANDDH(AV))THENDH$(AV)=DH$(AV)+AH$:GOTO888
887 DH$(AV)=DH$(AV)+CHR$(32)
888 NEXTDJ
889 LOCATEAL+(AV-1),A3:IFAM=1THENCOLORA7%(1,AV),A7%(2,AV)
890 PRINTDH$(AV);
891 NEXTAV
892 IFAH$=CHR$(AU)THENAH$=""
893 A3=A3+DI
894 NEXTBP
895 A3=CG:BANKPEEK(0),DE
896 RETURN
897 BW=AF*2:DK%=(AZ%*16)+B%
898 BW=BW+$FA00
899 SLEEP:VPOKE1,BW,DK%
900 BW=BW+1
901 SLEEP:VPOKE1,BW,AY%
902 RETURN
903 DL=$FA00+(AF*2)
904 AY%=VPEEK(1,DL+1)
905 DK%=VPEEK(1,DL)
906 AZ%=DK%/16
907 B%=DK%AND$0F
908 RETURN
909 GOSUB903
910 DM=AF:AF=AG
911 GOSUB914
912 AF=DM
913 RETURN
914 DN%=AY%:DO%=AZ%:DP%=B%
915 GOSUB903
916 DQ=1:IFDN%<AY%THENDQ=-1
917 DR=1:IFDO%<AZ%THENDR=-1
918 DS=1:IFDP%<B%THENDS=-1
919 IFDN%<>AY%THENAY%=AY%+DQ
920 IFDO%<>AZ%THENAZ%=AZ%+DR
921 IFDP%<>B%THENB%=B%+DS
922 GOSUB897
923 SLEEPAV
924 IFDN%=AY%ANDDO%=AZ%ANDDP%=B%THEN926
925 GOTO919
926 RETURN
927 DL=$FA00+(AF*2):DT=$FA00+(AG*2)
928 BD=VPEEK(1,DL):BE=VPEEK(1,DL+1):DU=VPEEK(1,DT):DV=VPEEK(1,DT+1)
929 VPOKE1,DL,DU:VPOKE1,DL+1,DV
930 VPOKE1,DT,BD:VPOKE1,DT+1,BE
931 RETURN
932 VPOKE1,$FA00+(AG*2),VPEEK(1,$FA00+(AF*2))
933 VPOKE1,$FA00+(AG*2)+1,VPEEK(1,$FA00+(AF*2)+1)
934 RETURN
935 FORBW=$FA00TO$FBFF:VPOKE1,BW,0:NEXTBW:RETURN
936 BVLOADDW$,8,1,$FA00:RETURN
937 DATA 128,64,32,16,8,4,2,1,0
938 DATA "O4V63I0CO3V50I18CV50I18E-V50I18G",60,"O4CO3E-G-B-",45,"O4C",15
939 DATA "O4CO3CE-G",60,"RE-G-B-",60,"O4CO3CE-G",60,"O4CO3E-G-B-",45
940 DATA "O4C",15,"O4CO3CE-G",60,"RE-G-B-",60,"O4CO3CE-G",60
941 DATA "O4CO3E-G-B-",45,"O4C",15,"O4CO3CE-G",60,"O4E-O3E-G-B-",45,"O4D",12
942 DATA "E-",3,"O4DO3CE-G",45,"O4C",15,"O4CO3E-G-B-",45,"O4C",15
943 DATA "O4CO3CE-G",60,"RE-G-B-",60,"",0
944 DATA 32,40,192,48,32,55,238,62,32,72,143,80,32,88,143,96,32,104,214,110
945 DATA 28,155,62,170,201,195,219,207,226,195,244,207
946 FMINIT:AR=319:AT=239:AM%=-1
947 A4$="SHOWCLUE":GOSUB972
948 IFA4$="OFF"THENAM%=0
949 CZ=1:D=1:D0=1:D1=1:CQ=1:CR=1:DX%=20:AA%=35
950 GOSUB968
951 AA$(1)="PLAYER VS COMPUTER"
952 AA$(2)="2 PLAYER. COMPUTER PICKS"
953 AA$(3)="HEAD TO HEAD"
954 AA$(4)="DRAWING DEMO"
955 AA$(5)="EXIT TO COMMANDER X16"
956 AB$(1)="EASY":AB$(2)="MEDIUM":AB$(3)="HARD"
957 RESTORE944
958 FORA4=1TO8:FORD4=1TO4
959 READA9%(A4,D4)
960 NEXTD4:NEXTA4
961 AF=$25:AG=$FF:GOSUB932
962 AF=1:AG=$FE:GOSUB932
963 AF=$3B:AG=$FD:GOSUB932
964 AF=$C0:AG=5:GOSUB932
965 AF=$10:AG=4:GOSUB932
966 AF=$1A:AG=12:GOSUB932
967 RETURN
968 FORA4=65TO90
969 A8%(1,A4-64)=0:A8%(2,A4-64)=A4
970 NEXTA4
971 RETURN
972 A4=1
973 IFA0$(A4)=A4$THENA4$=A$(A4):RETURN
974 A4=A4+1
975 IFA4>A%THENA4$="":RETURN
976 GOTO973
977 A%=0:A1%=0
978 GOSUB859
979 IFNOTA6%THENRETURN
980 D7$=A2$+",S,R"
981 OPEN4,8,4,D7$
982 LINPUT#4,C3$
983 GOSUB1029
984 GOSUB1019
985 IFLEFT$(C3$,4)="REM "ORC3$=""ORC3$="REM"THEN991
986 PRINT".";
987 GOSUB995
988 IFDY$=""THEN991
989 A%=A%+1
990 A0$(A%)=DY$:A$(A%)=DZ$
991 IFE=0ANDA%<20THEN982
992 CLOSE4
993 A1%=(A%>0)
994 PRINT:RETURN
995 E0$="":DY$="":DZ$=""
996 AV=1
997 E1$=MID$(C3$,AV,1)
998 IFE1$="="THEN1002
999 E0$=E0$+E1$
1000 AV=AV+1:IFAV>LEN(C3$)THEN1013
1001 GOTO997
1002 AV=AV+1
1003 E2$=C3$
1004 C3$=E0$
1005 E0$=""
1006 GOSUB1044
1007 DY$=C3$
1008 C3$=E2$
1009 E1$=MID$(C3$,AV,1)
1010 E0$=E0$+E1$
1011 AV=AV+1:IFAV>LEN(C3$)THEN1013
1012 GOTO1009
1013 E2$=C3$
1014 C3$=E0$
1015 GOSUB1029
1016 DZ$=C3$
1017 C3$=E2$
1018 RETURN
1019 IFC3$=""THENRETURN
1020 E0$=""
1021 FORA4=1TOLEN(C3$)
1022 E1$=MID$(C3$,A4,1)
1023 BI=ASC(E1$)
1024 IFBI>=97ANDBI<=122THENBI=BI-32
1025 E0$=E0$+CHR$(BI)
1026 NEXTA4
1027 C3$=E0$
1028 RETURN
1029 GOSUB1032
1030 GOSUB1044
1031 RETURN
1032 IFC3$=""THENRETURN
1033 A4=1:BI=0
1034 E1$=MID$(C3$,A4,1)
1035 A3=ASC(E1$)
1036 IFA3>32THEN1041
1037 BI=BI+1
1038 A4=A4+1
1039 IFA4>LEN(C3$)THEN1041
1040 GOTO1034
1041 IFBI=LEN(C3$)THENC3$=""
1042 IFBI>0ANDBI<LEN(C3$)THENC3$=MID$(C3$,BI+1,LEN(C3$)-BI)
1043 RETURN
1044 IFC3$=""THENRETURN
1045 A4=LEN(C3$):BI=0
1046 E1$=MID$(C3$,A4,1)
1047 A3=ASC(E1$)
1048 IFA3>32THEN1053
1049 BI=BI+1
1050 A4=A4-1
1051 IFA4<1THEN1053
1052 GOTO1046
1053 IFBI=LEN(C3$)THENC3$=""
1054 IFBI>0ANDBI<LEN(C3$)THENC3$=MID$(C3$,1,LEN(C3$)-BI)
1055 RETURN
1056 BANKPEEK(0),0
1057 E3=PEEK($FF80)
1058 IFE3>=45THEN1061
1059 IFE3<=-45THEN1061
1060 RETURN
1061 EDITA2$
1062 RETURN
1063 DW$="DPAL.BIN"
1064 A4$="PALFILE":GOSUB972
1065 IFA4$<>""THENDW$=A4$
1066 A2$="BVSAVE700.BIN":GOSUB1086
1067 GOSUB859
1068 IFA6%THENPRINT" LOADING ";A2$:BLOAD"BVSAVE700.BIN",8,1,$0700
1069 AE%=A6%:A2$=DW$:GOSUB1086
1070 GOSUB859
1071 IFA6%THEN1074
1072 IFDW$<>"DPAL.BIN"THENPRINT" ";DW$;"NOT FOUND":DW$="DPAL.BIN":GOTO1069
1073 B0$=" MISSING DPAL.BIN":GOTO1091
1074 GOSUB1078
1075 IFCC%>=1THEN1077
1076 B0$=" HWORD*.DAT FILES ARE MISSING":GOTO1091
1077 RETURN
1078 CC%=0
1079 CC%=CC%+1
1080 CD$=RIGHT$(STR$(CC%),LEN(STR$(CC%))-1)
1081 CD$=CD$+".DAT":A2$="WORDS/HWORDS"+CD$
1082 GOSUB859
1083 IFA6%THENPRINT" FOUND:";:GOSUB1086:GOTO1079
1084 CC%=CC%-1
1085 PRINT" ";CC%;" WORD FILES FOUND!":RETURN
1086 PRINT" ";A2$:RETURN
1087 GETA3$:IFA3$<>""THEN1087
1088 GETA3$:IFA3$=""ANDMB=0THEN1088
1089 RETURN
1090 COLOR1,0:CLS:RECT0,0,AR,AT,$10:RETURN
1091 AF=5:AY%=0:AZ%=14:B%=2:GOSUB897
1092 AF=15:AY%=2:AZ%=2:GOSUB897
1093 COLOR5,15:PRINT:PRINT:PRINT" ERROR ENCOUNTERED":PRINT" ";B0$:END
1094 GOSUB936:LOAD"CREDITS.PRG"
READY.

SMC Power Off.
