\X8F\X93\X9C\X12\XDF\X92     \X12\XA9
\X9A\X12\XB4\XDF\X92   \X12\XA9\XA7\X92
\X9F\X12\XB5 \XDF\X92 \X12\XA9 \XB6
\X1E \XB7\X12\XBB\X92 \X12\XAC\X92\XB7
\X9E \XAF\X12\XBE\X92 \X12\XBC\X92\XAF
\X81\XA7\X12 \X92\XA9 \XDF\X12 \X92\XB4
\X1C\XB6\XA9   \XDF\XB5
\X05\X052048K HIGH RAM - GIT 8929A57+**** COMMANDER X16 BASIC V2 ****38655 BASIC BYTES FREE
READY.

LOADING...
READY.

\X05\X01\X90\X01\X93
 F1 TO EDIT HANGMAN.INI
\X05
\X05
 INITIALIZATION...

 READING: HANGMAN.INI.............
 CHECKING ZSMKIT
 ZSMKIT FOUND
 ADJUSTING RAM
 LOADING ZSMKIT
 DONE...
 RELOADING: HANGMAN.INI
 (AFTER CLR)..............
 INITIALIZING VARIABLES
 DONE..
 CHECKING NECESSARY FILES
 BVSAVEMCI.BIN
 LOADING BVSAVEMCI.BIN
 DPAL.BIN
 FOUND: WORDS/HWORDS1.DAT
 FOUND: WORDS/HWORDS2.DAT
 FOUND: WORDS/HWORDS3.DAT
  3\X1D WORD FILES FOUND!
 DONE...
 BASIC RAM FREE: 4182\X1D
\X05\X01\X90\X01\X93\X1C\X01\X90\X01 \XFF\XFF  \XFF\XFF \X9F\X01\X90\X01 \XFF\XFF  \XFF\XFF \X9C\X01\X90\X01 \XFF\XFF  \XFF\XFF \X1E\X01\X90\X01 \XFF\XFF\XFF\XFF\XFF\XFF \X1F\X01\X90\X01 \XFF\XFF  \XFF\XFF \X9E\X01\X90\X01 \XFF\XFF  \XFF\XFF \X81\X01\X90\X01 \XFF\XFF  \XFF\XFF \X95\X01\X90\X01        \X1C\X01\X90\X01        \X9F\X01\X90\X01        \X9C\X01\X90\X01  \XFF\XFF\XFF\XFF  \X1E\X01\X90\X01     \XFF\XFF \X1F\X01\X90\X01  \XFF\XFF\XFF\XFF\XFF \X9E\X01\X90\X01 \XFF\XFF  \XFF\XFF \X81\X01\X90\X01  \XFF\XFF\XFF\XFF\XFF \X95\X01\X90\X01        \X1C\X01\X90\X01        \X9F\X01\X90\X01        \X9C\X01\X90\X01 \XFF\XFF\XFF\XFF\XFF  \X1E\X01\X90\X01 \XFF\XFF  \XFF\XFF \X1F\X01\X90\X01 \XFF\XFF  \XFF\XFF \X9E\X01\X90\X01 \XFF\XFF  \XFF\XFF \X81\X01\X90\X01 \XFF\XFF  \XFF\XFF \X95\X01\X90\X01        \X1C\X01\X90\X01        \X9F\X01\X90\X01        \X9C\X01\X90\X01  \XFF\XFF\XFF\XFF\XFF \X1E\X01\X90\X01 \XFF\XFF  \XFF\XFF \X1F\X01\X90\X01 \XFF\XFF  \XFF\XFF \X9E\X01\X90\X01  \XFF\XFF\XFF\XFF\XFF \X81\X01\X90\X01     \XFF\XFF \X95\X01\X90\X01 \XFF\XFF\XFF\XFF\XFF  \X1C\X01\X90\X01 \XFF\XFF   \XFF\XFF\X9F\X01\X90\X01 \XFF\XFF\XFF \XFF\XFF\XFF\X9C\X01\X90\X01 \XFF\XFF\XFF\XFF\XFF\XFF\XFF\X1E\X01\X90\X01 \XFF\XFF \XFF \XFF\XFF\X1F\X01\X90\X01 \XFF\XFF   \XFF\XFF\X9E\X01\X90\X01 \XFF\XFF   \XFF\XFF\X81\X01\X90\X01 \XFF\XFF   \XFF\XFF\X95\X01\X90\X01        \X1C\X01\X90\X01        \X9F\X01\X90\X01        \X9C\X01\X90\X01  \XFF\XFF\XFF\XFF  \X1E\X01\X90\X01     \XFF\XFF \X1F\X01\X90\X01  \XFF\XFF\XFF\XFF\XFF \X9E\X01\X90\X01 \XFF\XFF  \XFF\XFF \X81\X01\X90\X01  \XFF\XFF\XFF\XFF\XFF \X95\X01\X90\X01        \X1C\X01\X90\X01        \X9F\X01\X90\X01        \X9C\X01\X90\X01 \XFF\XFF\XFF\XFF\XFF  \X1E\X01\X90\X01 \XFF\XFF  \XFF\XFF \X1F\X01\X90\X01 \XFF\XFF  \XFF\XFF \X9E\X01\X90\X01 \XFF\XFF  \XFF\XFF \X81\X01\X90\X01 \XFF\XFF  \XFF\XFF \X95\X01\X90\X01        \X93\X05\X01\X90\X01\X93\X05\X01\X90\X011\X9C:PLAYER VS COMPUTER\X05\X01\X90\X012\X9C:2 PLAYER. COMPUTER PICKS\X05\X01\X90\X013\X9C:HEAD TO HEAD\X05\X01\X90\X014\X9C:DRAWING DEMO\X05\X01\X90\X015\X9C:EXIT TO COMMANDER X16\X9C\X01\X90\X01TO CONFIRM CHOICE\X9CDIFFICULTY:\X05MEDIUM\X1FDEMO MODE ALSO CREATESALL THE GAME BITMAP FILES.\X9E\X01\X9C\X01z \X05PLAYER VS COMPUTER         \X05\X01\X90\X01          MEDIUM\X05\X01\X90\X011\X9C:PLAYER VS COMPUTER          \X93\X9C\X01\X90\X01PLAYER 1 NAME\X05\X01\X90\X01==\X1C\X01\X90\X01> \X9E\X01\X9C\X01                   \X9C\X01\X90\X01PLAYER 1 IS: \X9E\X01\X90\X01PLAYER 1\X93\X9C\X01\X90\X01\X93WORKING......\X05\X01\X90\X01\X93\X93\X1FPLAYER 1\X9C PLAYING\X9CWINS:\X1C 0\X1D  \X9CLOSSES:\X1C 0\X1D\X05ROUND:\X9E 1\X1D\X05\X01\X90\X01\X05\X01\X90\X01                                        DRAWING: THE GALLOWS\X1E\X01\X1F\X01o\XA3\XA3\XA3\XA3\XA3\XA3\XA3\XA3\XA3\XA3p\XA5          \XA7l\XA4\XA4\XA4\XA4\XA4\XA4\XA4\XA4\XA4\XA4\XBA\X05zzzzzzzzzz\X1E\X01\X1F\X01o\XA3\XA3\XA3\XA3\XA3\XA3\XA3\XA3\XA3\XA3\XA3\XA3\XA3\XA3\XA3\XA3\XA3\XA3p\XA5                  \XA7l\XA4\XA4\XA4\XA4\XA4\XA4\XA4\XA4\XA4\XA4\XA4\XA4\XA4\XA4\XA4\XA4\XA4\XA4\XBA\X05BODY PARTS LEFT:\X9E 7\X1D\X05\X01\X90\X01\X05\X01\X90\X01                                       LIKE A SNOWMAN !!???!??\X1E\X01\X1F\X01o\XA3\XA3\XA3\XA3\XA3\XA3\XA3\XA3\XA3\XA3p\XA5          \XA7l\XA4\XA4\XA4\XA4\XA4\XA4\XA4\XA4\XA4\XA4\XBA\X05AzzzzzAzzz\X1E\X01\X1F\X01o\XA3\XA3\XA3\XA3\XA3\XA3\XA3\XA3\XA3\XA3p\XA5          \XA7l\XA4\XA4\XA4\XA4\XA4\XA4\XA4\XA4\XA4\XA4\XBA\X05AzzzzNAzzz\X1E\X01\X1F\X01o\XA3\XA3\XA3\XA3\XA3\XA3\XA3\XA3\XA3\XA3p\XA5          \XA7l\XA4\XA4\XA4\XA4\XA4\XA4\XA4\XA4\XA4\XA4\XBA\X05AzzMzNAzzz\X1F\X01\X90\X01\XAF\XAF\XAF\XAF\XAF\XAF\XAF\XAF\XAF\XAF\XAF\XAF\XAF\XAF\XAF\XAF
\XA7vvvvvvvvvvvvvvvv\XA5\XA7vvvvvvvvvvvvvvvv\XA5\XA7vvvvvvvvvvvvvvvv\XA5\XA7vvvvvvvvvvvvvvvv\XA5\XA7vvvvvvvvvvvvvvvv\XA5\XA7vvvvvvvvvvvvvvvv\XA5\XA7vvvvvvvvvvvvvvvv\XA5\XA7vvvvvvvvvvvvvvvv\XA5\XA7vvvvvvvvvvvvvvvv\XA5\X9E\X01\X9C\X01DRAWING  !!\X9C\X01\X90\X01\X05\X01\X90\X01                                        DRAWING: THE NOOSE\X05\X01\X90\X01\X05\X01\X90\X01                                       LIKE A SNOWMAN !!???!??\X90\X01\X90\X01o\XA3\XA3\XA3\XA3\XA3\XA3\XA3\XA3\XA3\XA3\XA3\XA3\XA3\XA3\XA3\XA3p\XA5                \XA7\XA5                \XA7\XA5                \XA7\XA5                \XA7\XA5                \XA7\XA5                \XA7\XA5                \XA7\XA5                \XA7\XA5                \XA7l\XA4\XA4\XA4\XA4\XA4\XA4\XA4\XA4\XA4\XA4\XA4\XA4\XA4\XA4\XA4\XA4\XBA\X05\X01\X90\X01\X1E\X01\X1F\X01o\XA3\XA3\XA3\XA3\XA3\XA3\XA3\XA3\XA3\XA3\XA3\XA3\XA3\XA3\XA3\XA3\XA3\XA3p\XA5                  \XA7l\XA4\XA4\XA4\XA4\XA4\XA4\XA4\XA4\XA4\XA4\XA4\XA4\XA4\XA4\XA4\XA4\XA4\XA4\XBA\X05BODY PARTS LEFT:\X9E 6\X1D\X1F\X01\X90\X01\XAF\XAF\XAF\XAF\XAF\XAF\XAF\XAF\XAF\XAF\XAF\XAF\XAF\XAF\XAF\XAF
\XA7vvvvvvvvvvvvvvvv\XA5\XA7vvvvvvvvvvvvvvvv\XA5\XA7vvvvvvvvvvvvvvvv\XA5\XA7vvvvvvvvvvvvvvvv\XA5\XA7vvvvvvvvvvvvvvvv\XA5\XA7vvvvvvvvvvvvvvvv\XA5\XA7vvvvvvvvvvvvvvvv\XA5\XA7vvvvvvvvvvvvvvvv\XA5\XA7vvvvvvvvvvvvvvvv\XA5\X9E\X01\X9C\X01DRAWING  !!\X9C\X01\X90\X01\X05\X01\X90\X01                                        DRAWING: A TROUBLED FACE\X05\X01\X90\X01\X05\X01\X90\X01                                       LIKE A SNOWMAN !!???!??\X90\X01\X90\X01o\XA3\XA3\XA3\XA3\XA3\XA3\XA3\XA3\XA3\XA3\XA3\XA3\XA3\XA3\XA3\XA3p\XA5                \XA7\XA5                \XA7\XA5                \XA7\XA5                \XA7\XA5                \XA7\XA5                \XA7\XA5                \XA7\XA5                \XA7\XA5                \XA7l\XA4\XA4\XA4\XA4\XA4\XA4\XA4\XA4\XA4\XA4\XA4\XA4\XA4\XA4\XA4\XA4\XBA\X05\X01\X90\X01\X1E\X01\X1F\X01o\XA3\XA3\XA3\XA3\XA3\XA3\XA3\XA3\XA3\XA3\XA3\XA3\XA3\XA3\XA3\XA3\XA3\XA3p\XA5                  \XA7l\XA4\XA4\XA4\XA4\XA4\XA4\XA4\XA4\XA4\XA4\XA4\XA4\XA4\XA4\XA4\XA4\XA4\XA4\XBA\X05BODY PARTS LEFT:\X9E 5\X1D\X05\X01\X90\X01                                        DRAWING: TORSO\X05\X01\X90\X01\X05\X01\X90\X01                                       LIKE A SNOWMAN !!???!??\X90\X01\X90\X01o\XA3\XA3\XA3\XA3\XA3\XA3\XA3\XA3\XA3\XA3\XA3\XA3\XA3\XA3\XA3\XA3p\XA5                \XA7\XA5                \XA7\XA5                \XA7\XA5                \XA7\XA5                \XA7\XA5                \XA7\XA5                \XA7\XA5                \XA7\XA5                \XA7l\XA4\XA4\XA4\XA4\XA4\XA4\XA4\XA4\XA4\XA4\XA4\XA4\XA4\XA4\XA4\XA4\XBA\X05\X01\X90\X01\X1E\X01\X1F\X01o\XA3\XA3\XA3\XA3\XA3\XA3\XA3\XA3\XA3\XA3\XA3\XA3\XA3\XA3\XA3\XA3\XA3\XA3p\XA5                  \XA7l\XA4\XA4\XA4\XA4\XA4\XA4\XA4\XA4\XA4\XA4\XA4\XA4\XA4\XA4\XA4\XA4\XA4\XA4\XBA\X05BODY PARTS LEFT:\X9E 4\X1D\X1F\X01\X90\X01\XAF\XAF\XAF\XAF\XAF\XAF\XAF\XAF\XAF\XAF\XAF\XAF\XAF\XAF\XAF\XAF
\XA7vvvvvvvvvvvvvvvv\XA5\XA7vvvvvvvvvvvvvvvv\XA5\XA7vvvvvvvvvvvvvvvv\XA5\XA7vvvvvvvvvvvvvvvv\XA5\XA7vvvvvvvvvvvvvvvv\XA5\XA7vvvvvvvvvvvvvvvv\XA5\XA7vvvvvvvvvvvvvvvv\XA5\XA7vvvvvvvvvvvvvvvv\XA5\XA7vvvvvvvvvvvvvvvv\XA5\X9E\X01\X9C\X01DRAWING  !!\X9C\X01\X90\X01\X05\X01\X90\X01                                        DRAWING: RIGHT ARM\X05\X01\X90\X01\X05\X01\X90\X01                                       LIKE A SNOWMAN !!???!??\X90\X01\X90\X01o\XA3\XA3\XA3\XA3\XA3\XA3\XA3\XA3\XA3\XA3\XA3\XA3\XA3\XA3\XA3\XA3p\XA5                \XA7\XA5                \XA7\XA5                \XA7\XA5                \XA7\XA5                \XA7\XA5                \XA7\XA5                \XA7\XA5                \XA7\XA5                \XA7l\XA4\XA4\XA4\XA4\XA4\XA4\XA4\XA4\XA4\XA4\XA4\XA4\XA4\XA4\XA4\XA4\XBA\X05\X01\X90\X01\X1E\X01\X1F\X01o\XA3\XA3\XA3\XA3\XA3\XA3\XA3\XA3\XA3\XA3\XA3\XA3\XA3\XA3\XA3\XA3\XA3\XA3p\XA5                  \XA7l\XA4\XA4\XA4\XA4\XA4\XA4\XA4\XA4\XA4\XA4\XA4\XA4\XA4\XA4\XA4\XA4\XA4\XA4\XBA\X05BODY PARTS LEFT:\X9E 3\X1D\X1F\X01\X90\X01\XAF\XAF\XAF\XAF\XAF\XAF\XAF\XAF\XAF\XAF\XAF\XAF\XAF\XAF\XAF\XAF
\XA7vvvvvvvvvvvvvvvv\XA5\XA7vvvvvvvvvvvvvvvv\XA5\XA7vvvvvvvvvvvvvvvv\XA5\XA7vvvvvvvvvvvvvvvv\XA5\XA7vvvvvvvvvvvvvvvv\XA5\XA7vvvvvvvvvvvvvvvv\XA5\XA7vvvvvvvvvvvvvvvv\XA5\XA7vvvvvvvvvvvvvvvv\XA5\XA7vvvvvvvvvvvvvvvv\XA5\X9E\X01\X9C\X01DRAWING  !!\X9C\X01\X90\X01\X05\X01\X90\X01                                        DRAWING: LEFT ARM\X05\X01\X90\X01\X05\X01\X90\X01                                       LIKE A SNOWMAN !!???!??\X90\X01\X90\X01o\XA3\XA3\XA3\XA3\XA3\XA3\XA3\XA3\XA3\XA3\XA3\XA3\XA3\XA3\XA3\XA3p\XA5                \XA7\XA5                \XA7\XA5                \XA7\XA5                \XA7\XA5                \XA7\XA5                \XA7\XA5                \XA7\XA5                \XA7\XA5                \XA7l\XA4\XA4\XA4\XA4\XA4\XA4\XA4\XA4\XA4\XA4\XA4\XA4\XA4\XA4\XA4\XA4\XBA\X05\X01\X90\X01\X1E\X01\X1F\X01o\XA3\XA3\XA3\XA3\XA3\XA3\XA3\XA3\XA3\XA3\XA3\XA3\XA3\XA3\XA3\XA3\XA3\XA3p\XA5                  \XA7l\XA4\XA4\XA4\XA4\XA4\XA4\XA4\XA4\XA4\XA4\XA4\XA4\XA4\XA4\XA4\XA4\XA4\XA4\XBA\X05BODY PARTS LEFT:\X9E 2\X1D\X1F\X01\X90\X01\XAF\XAF\XAF\XAF\XAF\XAF\XAF\XAF\XAF\XAF\XAF\XAF\XAF\XAF\XAF\XAF
\XA7vvvvvvvvvvvvvvvv\XA5\XA7vvvvvvvvvvvvvvvv\XA5\XA7vvvvvvvvvvvvvvvv\XA5\XA7vvvvvvvvvvvvvvvv\XA5\XA7vvvvvvvvvvvvvvvv\XA5\XA7vvvvvvvvvvvvvvvv\XA5\XA7vvvvvvvvvvvvvvvv\XA5\XA7vvvvvvvvvvvvvvvv\XA5\XA7vvvvvvvvvvvvvvvv\XA5\X9E\X01\X9C\X01DRAWING  !!\X9C\X01\X90\X01\X05\X01\X90\X01                                        DRAWING: RIGHT LEG\X05\X01\X90\X01\X05\X01\X90\X01                                       LIKE A SNOWMAN !!???!??\X90\X01\X90\X01o\XA3\XA3\XA3\XA3\XA3\XA3\XA3\XA3\XA3\XA3\XA3\XA3\XA3\XA3\XA3\XA3p\XA5                \XA7\XA5                \XA7\XA5                \XA7\XA5                \XA7\XA5                \XA7\XA5                \XA7\XA5                \XA7\XA5                \XA7\XA5                \XA7l\XA4\XA4\XA4\XA4\XA4\XA4\XA4\XA4\XA4\XA4\XA4\XA4\XA4\XA4\XA4\XA4\XBA\X05\X01\X90\X01\X1E\X01\X1F\X01o\XA3\XA3\XA3\XA3\XA3\XA3\XA3\XA3\XA3\XA3\XA3\XA3\XA3\XA3\XA3\XA3\XA3\XA3p\XA5                  \XA7l\XA4\XA4\XA4\XA4\XA4\XA4\XA4\XA4\XA4\XA4\XA4\XA4\XA4\XA4\XA4\XA4\XA4\XA4\XBA\X05BODY PARTS LEFT:\X9E 1\X1D\X1F\X01\X90\X01\XAF\XAF\XAF\XAF\XAF\XAF\XAF\XAF\XAF\XAF\XAF\XAF\XAF\XAF\XAF\XAF
\XA7vvvvvvvvvvvvvvvv\XA5\XA7vvvvvvvvvvvvvvvv\XA5\XA7vvvvvvvvvvvvvvvv\XA5\XA7vvvvvvvvvvvvvvvv\XA5\XA7vvvvvvvvvvvvvvvv\XA5\XA7vvvvvvvvvvvvvvvv\XA5\XA7vvvvvvvvvvvvvvvv\XA5\XA7vvvvvvvvvvvvvvvv\XA5\XA7vvvvvvvvvvvvvvvv\XA5\X9E\X01\X9C\X01DRAWING  !!\X9C\X01\X90\X01\X05\X01\X90\X01                                        DRAWING: LEFT LEG\X05\X01\X90\X01\X05\X01\X90\X01                                       LIKE A SNOWMAN !!???!??\X90\X01\X90\X01o\XA3\XA3\XA3\XA3\XA3\XA3\XA3\XA3\XA3\XA3\XA3\XA3\XA3\XA3\XA3\XA3p\XA5                \XA7\XA5                \XA7\XA5                \XA7\XA5                \XA7\XA5                \XA7\XA5                \XA7\XA5                \XA7\XA5                \XA7\XA5                \XA7l\XA4\XA4\XA4\XA4\XA4\XA4\XA4\XA4\XA4\XA4\XA4\XA4\XA4\XA4\XA4\XA4\XBA\X05\X01\X90\X01\X1E\X01\X1F\X01o\XA3\XA3\XA3\XA3\XA3\XA3\XA3\XA3\XA3\XA3\XA3\XA3\XA3\XA3\XA3\XA3\XA3\XA3p\XA5                  \XA7l\XA4\XA4\XA4\XA4\XA4\XA4\XA4\XA4\XA4\XA4\XA4\XA4\XA4\XA4\XA4\XA4\XA4\XA4\XBA\X05BODY PARTS LEFT:\X9E 0\X1D\X1E\X01\X1F\X01o\XA3\XA3\XA3\XA3\XA3\XA3\XA3\XA3\XA3\XA3p\XA5          \XA7l\XA4\XA4\XA4\XA4\XA4\XA4\XA4\XA4\XA4\XA4\XBA\X05ABOMINABLE\X05\X01\X90\X01                                       PLAYER 1 HAS DIED\X05\X01\X90\X01                                        HIT ANY KEY TO CONTINUE 